CRITICAL - 2024-08-26 12:20:04 --> Trying to access array offset on value of type null
in APPPATH\Controllers\Activitylogs.php on line 49.
 1 APPPATH\Controllers\Activitylogs.php(49): CodeIgniter\Debug\Exceptions->errorHandler(2, 'Trying to access array offset on value of type null', 'APPPATH\\Controllers\\Activitylogs.php', 49)
 2 SYSTEMPATH\CodeIgniter.php(896): App\Controllers\Activitylogs->getData()
 3 SYSTEMPATH\CodeIgniter.php(466): CodeIgniter\CodeIgniter->runController(Object(App\Controllers\Activitylogs))
 4 SYSTEMPATH\CodeIgniter.php(349): CodeIgniter\CodeIgniter->handleRequest(null, Object(Config\Cache), false)
 5 FCPATH\index.php(55): CodeIgniter\CodeIgniter->run()
CRITICAL - 2024-08-26 12:20:08 --> Trying to access array offset on value of type null
in APPPATH\Controllers\Activitylogs.php on line 49.
 1 APPPATH\Controllers\Activitylogs.php(49): CodeIgniter\Debug\Exceptions->errorHandler(2, 'Trying to access array offset on value of type null', 'APPPATH\\Controllers\\Activitylogs.php', 49)
 2 SYSTEMPATH\CodeIgniter.php(896): App\Controllers\Activitylogs->getData()
 3 SYSTEMPATH\CodeIgniter.php(466): CodeIgniter\CodeIgniter->runController(Object(App\Controllers\Activitylogs))
 4 SYSTEMPATH\CodeIgniter.php(349): CodeIgniter\CodeIgniter->handleRequest(null, Object(Config\Cache), false)
 5 FCPATH\index.php(55): CodeIgniter\CodeIgniter->run()
CRITICAL - 2024-08-26 12:20:55 --> Trying to access array offset on value of type null
in APPPATH\Controllers\Activitylogs.php on line 49.
 1 APPPATH\Controllers\Activitylogs.php(49): CodeIgniter\Debug\Exceptions->errorHandler(2, 'Trying to access array offset on value of type null', 'APPPATH\\Controllers\\Activitylogs.php', 49)
 2 SYSTEMPATH\CodeIgniter.php(896): App\Controllers\Activitylogs->getData()
 3 SYSTEMPATH\CodeIgniter.php(466): CodeIgniter\CodeIgniter->runController(Object(App\Controllers\Activitylogs))
 4 SYSTEMPATH\CodeIgniter.php(349): CodeIgniter\CodeIgniter->handleRequest(null, Object(Config\Cache), false)
 5 FCPATH\index.php(55): CodeIgniter\CodeIgniter->run()
CRITICAL - 2024-08-26 12:21:05 --> Trying to access array offset on value of type null
in APPPATH\Controllers\Activitylogs.php on line 49.
 1 APPPATH\Controllers\Activitylogs.php(49): CodeIgniter\Debug\Exceptions->errorHandler(2, 'Trying to access array offset on value of type null', 'APPPATH\\Controllers\\Activitylogs.php', 49)
 2 SYSTEMPATH\CodeIgniter.php(896): App\Controllers\Activitylogs->getData()
 3 SYSTEMPATH\CodeIgniter.php(466): CodeIgniter\CodeIgniter->runController(Object(App\Controllers\Activitylogs))
 4 SYSTEMPATH\CodeIgniter.php(349): CodeIgniter\CodeIgniter->handleRequest(null, Object(Config\Cache), false)
 5 FCPATH\index.php(55): CodeIgniter\CodeIgniter->run()
CRITICAL - 2024-08-26 12:21:32 --> Trying to access array offset on value of type null
in APPPATH\Controllers\Activitylogs.php on line 49.
 1 APPPATH\Controllers\Activitylogs.php(49): CodeIgniter\Debug\Exceptions->errorHandler(2, 'Trying to access array offset on value of type null', 'APPPATH\\Controllers\\Activitylogs.php', 49)
 2 SYSTEMPATH\CodeIgniter.php(896): App\Controllers\Activitylogs->getData()
 3 SYSTEMPATH\CodeIgniter.php(466): CodeIgniter\CodeIgniter->runController(Object(App\Controllers\Activitylogs))
 4 SYSTEMPATH\CodeIgniter.php(349): CodeIgniter\CodeIgniter->handleRequest(null, Object(Config\Cache), false)
 5 FCPATH\index.php(55): CodeIgniter\CodeIgniter->run()
CRITICAL - 2024-08-26 12:21:45 --> Trying to access array offset on value of type null
in APPPATH\Controllers\Activitylogs.php on line 49.
 1 APPPATH\Controllers\Activitylogs.php(49): CodeIgniter\Debug\Exceptions->errorHandler(2, 'Trying to access array offset on value of type null', 'APPPATH\\Controllers\\Activitylogs.php', 49)
 2 SYSTEMPATH\CodeIgniter.php(896): App\Controllers\Activitylogs->getData()
 3 SYSTEMPATH\CodeIgniter.php(466): CodeIgniter\CodeIgniter->runController(Object(App\Controllers\Activitylogs))
 4 SYSTEMPATH\CodeIgniter.php(349): CodeIgniter\CodeIgniter->handleRequest(null, Object(Config\Cache), false)
 5 FCPATH\index.php(55): CodeIgniter\CodeIgniter->run()
CRITICAL - 2024-08-26 12:42:29 --> include(./application/views/add_script.php): Failed to open stream: No such file or directory
in APPPATH\Views\layouts\main_sidebar.php on line 3.
 1 APPPATH\Views\layouts\main_sidebar.php(3): CodeIgniter\Debug\Exceptions->errorHandler(2, 'include(./application/views/add_script.php): Failed to open stream: No such file or directory', 'APPPATH\\Views\\layouts\\main_sidebar.php', 3)
 2 APPPATH\Views\layouts\main_sidebar.php(3): include()
 3 SYSTEMPATH\View\View.php(213): include('APPPATH\\Views\\layouts\\main_sidebar.php')
 4 SYSTEMPATH\View\View.php(216): CodeIgniter\View\View->CodeIgniter\View\{closure}()
 5 SYSTEMPATH\View\View.php(429): CodeIgniter\View\View->render('layouts/main_sidebar', null, true)
 6 APPPATH\Views\pages\home.php(2): CodeIgniter\View\View->include('layouts/main_sidebar')
 7 SYSTEMPATH\View\View.php(213): include('APPPATH\\Views\\pages\\home.php')
 8 SYSTEMPATH\View\View.php(216): CodeIgniter\View\View->CodeIgniter\View\{closure}()
 9 SYSTEMPATH\Common.php(1135): CodeIgniter\View\View->render('pages/home', [], true)
10 APPPATH\Controllers\Main.php(29): view('pages/home', [...])
11 SYSTEMPATH\CodeIgniter.php(896): App\Controllers\Main->index()
12 SYSTEMPATH\CodeIgniter.php(466): CodeIgniter\CodeIgniter->runController(Object(App\Controllers\Main))
13 SYSTEMPATH\CodeIgniter.php(349): CodeIgniter\CodeIgniter->handleRequest(null, Object(Config\Cache), false)
14 FCPATH\index.php(55): CodeIgniter\CodeIgniter->run()
CRITICAL - 2024-08-26 12:42:37 --> include(../application/views/add_script.php): Failed to open stream: No such file or directory
in APPPATH\Views\layouts\main_sidebar.php on line 3.
 1 APPPATH\Views\layouts\main_sidebar.php(3): CodeIgniter\Debug\Exceptions->errorHandler(2, 'include(../application/views/add_script.php): Failed to open stream: No such file or directory', 'APPPATH\\Views\\layouts\\main_sidebar.php', 3)
 2 APPPATH\Views\layouts\main_sidebar.php(3): include()
 3 SYSTEMPATH\View\View.php(213): include('APPPATH\\Views\\layouts\\main_sidebar.php')
 4 SYSTEMPATH\View\View.php(216): CodeIgniter\View\View->CodeIgniter\View\{closure}()
 5 SYSTEMPATH\View\View.php(429): CodeIgniter\View\View->render('layouts/main_sidebar', null, true)
 6 APPPATH\Views\pages\home.php(2): CodeIgniter\View\View->include('layouts/main_sidebar')
 7 SYSTEMPATH\View\View.php(213): include('APPPATH\\Views\\pages\\home.php')
 8 SYSTEMPATH\View\View.php(216): CodeIgniter\View\View->CodeIgniter\View\{closure}()
 9 SYSTEMPATH\Common.php(1135): CodeIgniter\View\View->render('pages/home', [], true)
10 APPPATH\Controllers\Main.php(29): view('pages/home', [...])
11 SYSTEMPATH\CodeIgniter.php(896): App\Controllers\Main->index()
12 SYSTEMPATH\CodeIgniter.php(466): CodeIgniter\CodeIgniter->runController(Object(App\Controllers\Main))
13 SYSTEMPATH\CodeIgniter.php(349): CodeIgniter\CodeIgniter->handleRequest(null, Object(Config\Cache), false)
14 FCPATH\index.php(55): CodeIgniter\CodeIgniter->run()
CRITICAL - 2024-08-26 12:42:58 --> include(/application/views/add_script.php): Failed to open stream: No such file or directory
in APPPATH\Views\layouts\main_sidebar.php on line 3.
 1 APPPATH\Views\layouts\main_sidebar.php(3): CodeIgniter\Debug\Exceptions->errorHandler(2, 'include(/application/views/add_script.php): Failed to open stream: No such file or directory', 'APPPATH\\Views\\layouts\\main_sidebar.php', 3)
 2 APPPATH\Views\layouts\main_sidebar.php(3): include()
 3 SYSTEMPATH\View\View.php(213): include('APPPATH\\Views\\layouts\\main_sidebar.php')
 4 SYSTEMPATH\View\View.php(216): CodeIgniter\View\View->CodeIgniter\View\{closure}()
 5 SYSTEMPATH\View\View.php(429): CodeIgniter\View\View->render('layouts/main_sidebar', null, true)
 6 APPPATH\Views\pages\home.php(2): CodeIgniter\View\View->include('layouts/main_sidebar')
 7 SYSTEMPATH\View\View.php(213): include('APPPATH\\Views\\pages\\home.php')
 8 SYSTEMPATH\View\View.php(216): CodeIgniter\View\View->CodeIgniter\View\{closure}()
 9 SYSTEMPATH\Common.php(1135): CodeIgniter\View\View->render('pages/home', [], true)
10 APPPATH\Controllers\Main.php(29): view('pages/home', [...])
11 SYSTEMPATH\CodeIgniter.php(896): App\Controllers\Main->index()
12 SYSTEMPATH\CodeIgniter.php(466): CodeIgniter\CodeIgniter->runController(Object(App\Controllers\Main))
13 SYSTEMPATH\CodeIgniter.php(349): CodeIgniter\CodeIgniter->handleRequest(null, Object(Config\Cache), false)
14 FCPATH\index.php(55): CodeIgniter\CodeIgniter->run()
CRITICAL - 2024-08-26 12:43:08 --> include(.../application/views/add_script.php): Failed to open stream: No such file or directory
in APPPATH\Views\layouts\main_sidebar.php on line 3.
 1 APPPATH\Views\layouts\main_sidebar.php(3): CodeIgniter\Debug\Exceptions->errorHandler(2, 'include(.../application/views/add_script.php): Failed to open stream: No such file or directory', 'APPPATH\\Views\\layouts\\main_sidebar.php', 3)
 2 APPPATH\Views\layouts\main_sidebar.php(3): include()
 3 SYSTEMPATH\View\View.php(213): include('APPPATH\\Views\\layouts\\main_sidebar.php')
 4 SYSTEMPATH\View\View.php(216): CodeIgniter\View\View->CodeIgniter\View\{closure}()
 5 SYSTEMPATH\View\View.php(429): CodeIgniter\View\View->render('layouts/main_sidebar', null, true)
 6 APPPATH\Views\pages\home.php(2): CodeIgniter\View\View->include('layouts/main_sidebar')
 7 SYSTEMPATH\View\View.php(213): include('APPPATH\\Views\\pages\\home.php')
 8 SYSTEMPATH\View\View.php(216): CodeIgniter\View\View->CodeIgniter\View\{closure}()
 9 SYSTEMPATH\Common.php(1135): CodeIgniter\View\View->render('pages/home', [], true)
10 APPPATH\Controllers\Main.php(29): view('pages/home', [...])
11 SYSTEMPATH\CodeIgniter.php(896): App\Controllers\Main->index()
12 SYSTEMPATH\CodeIgniter.php(466): CodeIgniter\CodeIgniter->runController(Object(App\Controllers\Main))
13 SYSTEMPATH\CodeIgniter.php(349): CodeIgniter\CodeIgniter->handleRequest(null, Object(Config\Cache), false)
14 FCPATH\index.php(55): CodeIgniter\CodeIgniter->run()
CRITICAL - 2024-08-26 12:43:16 --> include(/views/add_script.php): Failed to open stream: No such file or directory
in APPPATH\Views\layouts\main_sidebar.php on line 3.
 1 APPPATH\Views\layouts\main_sidebar.php(3): CodeIgniter\Debug\Exceptions->errorHandler(2, 'include(/views/add_script.php): Failed to open stream: No such file or directory', 'APPPATH\\Views\\layouts\\main_sidebar.php', 3)
 2 APPPATH\Views\layouts\main_sidebar.php(3): include()
 3 SYSTEMPATH\View\View.php(213): include('APPPATH\\Views\\layouts\\main_sidebar.php')
 4 SYSTEMPATH\View\View.php(216): CodeIgniter\View\View->CodeIgniter\View\{closure}()
 5 SYSTEMPATH\View\View.php(429): CodeIgniter\View\View->render('layouts/main_sidebar', null, true)
 6 APPPATH\Views\pages\home.php(2): CodeIgniter\View\View->include('layouts/main_sidebar')
 7 SYSTEMPATH\View\View.php(213): include('APPPATH\\Views\\pages\\home.php')
 8 SYSTEMPATH\View\View.php(216): CodeIgniter\View\View->CodeIgniter\View\{closure}()
 9 SYSTEMPATH\Common.php(1135): CodeIgniter\View\View->render('pages/home', [], true)
10 APPPATH\Controllers\Main.php(29): view('pages/home', [...])
11 SYSTEMPATH\CodeIgniter.php(896): App\Controllers\Main->index()
12 SYSTEMPATH\CodeIgniter.php(466): CodeIgniter\CodeIgniter->runController(Object(App\Controllers\Main))
13 SYSTEMPATH\CodeIgniter.php(349): CodeIgniter\CodeIgniter->handleRequest(null, Object(Config\Cache), false)
14 FCPATH\index.php(55): CodeIgniter\CodeIgniter->run()
CRITICAL - 2024-08-26 12:43:24 --> include(./views/add_script.php): Failed to open stream: No such file or directory
in APPPATH\Views\layouts\main_sidebar.php on line 3.
 1 APPPATH\Views\layouts\main_sidebar.php(3): CodeIgniter\Debug\Exceptions->errorHandler(2, 'include(./views/add_script.php): Failed to open stream: No such file or directory', 'APPPATH\\Views\\layouts\\main_sidebar.php', 3)
 2 APPPATH\Views\layouts\main_sidebar.php(3): include()
 3 SYSTEMPATH\View\View.php(213): include('APPPATH\\Views\\layouts\\main_sidebar.php')
 4 SYSTEMPATH\View\View.php(216): CodeIgniter\View\View->CodeIgniter\View\{closure}()
 5 SYSTEMPATH\View\View.php(429): CodeIgniter\View\View->render('layouts/main_sidebar', null, true)
 6 APPPATH\Views\pages\home.php(2): CodeIgniter\View\View->include('layouts/main_sidebar')
 7 SYSTEMPATH\View\View.php(213): include('APPPATH\\Views\\pages\\home.php')
 8 SYSTEMPATH\View\View.php(216): CodeIgniter\View\View->CodeIgniter\View\{closure}()
 9 SYSTEMPATH\Common.php(1135): CodeIgniter\View\View->render('pages/home', [], true)
10 APPPATH\Controllers\Main.php(29): view('pages/home', [...])
11 SYSTEMPATH\CodeIgniter.php(896): App\Controllers\Main->index()
12 SYSTEMPATH\CodeIgniter.php(466): CodeIgniter\CodeIgniter->runController(Object(App\Controllers\Main))
13 SYSTEMPATH\CodeIgniter.php(349): CodeIgniter\CodeIgniter->handleRequest(null, Object(Config\Cache), false)
14 FCPATH\index.php(55): CodeIgniter\CodeIgniter->run()
CRITICAL - 2024-08-26 12:43:32 --> include(add_script.php): Failed to open stream: No such file or directory
in APPPATH\Views\layouts\main_sidebar.php on line 3.
 1 APPPATH\Views\layouts\main_sidebar.php(3): CodeIgniter\Debug\Exceptions->errorHandler(2, 'include(add_script.php): Failed to open stream: No such file or directory', 'APPPATH\\Views\\layouts\\main_sidebar.php', 3)
 2 APPPATH\Views\layouts\main_sidebar.php(3): include()
 3 SYSTEMPATH\View\View.php(213): include('APPPATH\\Views\\layouts\\main_sidebar.php')
 4 SYSTEMPATH\View\View.php(216): CodeIgniter\View\View->CodeIgniter\View\{closure}()
 5 SYSTEMPATH\View\View.php(429): CodeIgniter\View\View->render('layouts/main_sidebar', null, true)
 6 APPPATH\Views\pages\home.php(2): CodeIgniter\View\View->include('layouts/main_sidebar')
 7 SYSTEMPATH\View\View.php(213): include('APPPATH\\Views\\pages\\home.php')
 8 SYSTEMPATH\View\View.php(216): CodeIgniter\View\View->CodeIgniter\View\{closure}()
 9 SYSTEMPATH\Common.php(1135): CodeIgniter\View\View->render('pages/home', [], true)
10 APPPATH\Controllers\Main.php(29): view('pages/home', [...])
11 SYSTEMPATH\CodeIgniter.php(896): App\Controllers\Main->index()
12 SYSTEMPATH\CodeIgniter.php(466): CodeIgniter\CodeIgniter->runController(Object(App\Controllers\Main))
13 SYSTEMPATH\CodeIgniter.php(349): CodeIgniter\CodeIgniter->handleRequest(null, Object(Config\Cache), false)
14 FCPATH\index.php(55): CodeIgniter\CodeIgniter->run()
CRITICAL - 2024-08-26 12:43:48 --> Creation of dynamic property CodeIgniter\View\View::$session is deprecated
in APPPATH\Views\layouts\main_sidebar.php on line 3.
 1 APPPATH\Views\layouts\main_sidebar.php(3): CodeIgniter\Debug\Exceptions->errorHandler(8192, 'Creation of dynamic property CodeIgniter\\View\\View::$session is deprecated', 'APPPATH\\Views\\layouts\\main_sidebar.php', 3)
 2 SYSTEMPATH\View\View.php(213): include('APPPATH\\Views\\layouts\\main_sidebar.php')
 3 SYSTEMPATH\View\View.php(216): CodeIgniter\View\View->CodeIgniter\View\{closure}()
 4 SYSTEMPATH\View\View.php(429): CodeIgniter\View\View->render('layouts/main_sidebar', null, true)
 5 APPPATH\Views\pages\home.php(2): CodeIgniter\View\View->include('layouts/main_sidebar')
 6 SYSTEMPATH\View\View.php(213): include('APPPATH\\Views\\pages\\home.php')
 7 SYSTEMPATH\View\View.php(216): CodeIgniter\View\View->CodeIgniter\View\{closure}()
 8 SYSTEMPATH\Common.php(1135): CodeIgniter\View\View->render('pages/home', [], true)
 9 APPPATH\Controllers\Main.php(29): view('pages/home', [...])
10 SYSTEMPATH\CodeIgniter.php(896): App\Controllers\Main->index()
11 SYSTEMPATH\CodeIgniter.php(466): CodeIgniter\CodeIgniter->runController(Object(App\Controllers\Main))
12 SYSTEMPATH\CodeIgniter.php(349): CodeIgniter\CodeIgniter->handleRequest(null, Object(Config\Cache), false)
13 FCPATH\index.php(55): CodeIgniter\CodeIgniter->run()
ERROR - 2024-08-26 12:45:10 --> Unknown column 'role_name' in 'where clause'
CRITICAL - 2024-08-26 12:45:10 --> Unknown column 'role_name' in 'where clause'
in SYSTEMPATH\Database\MySQLi\Connection.php on line 292.
 1 SYSTEMPATH\Database\MySQLi\Connection.php(292): mysqli->query('SELECT *
FROM `tbl_roles_permission`
WHERE `page_name` = \'Motorcycle_list\'
AND `role_name` = \'Admin\'', 0)
 2 SYSTEMPATH\Database\BaseConnection.php(695): CodeIgniter\Database\MySQLi\Connection->execute('SELECT *
FROM `tbl_roles_permission`
WHERE `page_name` = \'Motorcycle_list\'
AND `role_name` = \'Admin\'')
 3 SYSTEMPATH\Database\BaseConnection.php(609): CodeIgniter\Database\BaseConnection->simpleQuery('SELECT *
FROM `tbl_roles_permission`
WHERE `page_name` = \'Motorcycle_list\'
AND `role_name` = \'Admin\'')
 4 SYSTEMPATH\Database\BaseBuilder.php(1585): CodeIgniter\Database\BaseConnection->query('SELECT *
FROM `tbl_roles_permission`
WHERE `page_name` = :page_name:
AND `role_name` = :role_name:', [...], false)
 5 APPPATH\Views\layouts\main_sidebar.php(17): CodeIgniter\Database\BaseBuilder->get()
 6 SYSTEMPATH\View\View.php(213): include('APPPATH\\Views\\layouts\\main_sidebar.php')
 7 SYSTEMPATH\View\View.php(216): CodeIgniter\View\View->CodeIgniter\View\{closure}()
 8 SYSTEMPATH\View\View.php(429): CodeIgniter\View\View->render('layouts/main_sidebar', null, true)
 9 APPPATH\Views\pages\home.php(2): CodeIgniter\View\View->include('layouts/main_sidebar')
10 SYSTEMPATH\View\View.php(213): include('APPPATH\\Views\\pages\\home.php')
11 SYSTEMPATH\View\View.php(216): CodeIgniter\View\View->CodeIgniter\View\{closure}()
12 SYSTEMPATH\Common.php(1135): CodeIgniter\View\View->render('pages/home', [], true)
13 APPPATH\Controllers\Main.php(29): view('pages/home', [...])
14 SYSTEMPATH\CodeIgniter.php(896): App\Controllers\Main->index()
15 SYSTEMPATH\CodeIgniter.php(466): CodeIgniter\CodeIgniter->runController(Object(App\Controllers\Main))
16 SYSTEMPATH\CodeIgniter.php(349): CodeIgniter\CodeIgniter->handleRequest(null, Object(Config\Cache), false)
17 FCPATH\index.php(55): CodeIgniter\CodeIgniter->run()
CRITICAL - 2024-08-26 12:50:09 --> include(./add_script.php): Failed to open stream: No such file or directory
in APPPATH\Views\layouts\main_sidebar.php on line 1.
 1 APPPATH\Views\layouts\main_sidebar.php(1): CodeIgniter\Debug\Exceptions->errorHandler(2, 'include(./add_script.php): Failed to open stream: No such file or directory', 'APPPATH\\Views\\layouts\\main_sidebar.php', 1)
 2 APPPATH\Views\layouts\main_sidebar.php(1): include()
 3 SYSTEMPATH\View\View.php(213): include('APPPATH\\Views\\layouts\\main_sidebar.php')
 4 SYSTEMPATH\View\View.php(216): CodeIgniter\View\View->CodeIgniter\View\{closure}()
 5 SYSTEMPATH\View\View.php(429): CodeIgniter\View\View->render('layouts/main_sidebar', null, true)
 6 APPPATH\Views\pages\home.php(2): CodeIgniter\View\View->include('layouts/main_sidebar')
 7 SYSTEMPATH\View\View.php(213): include('APPPATH\\Views\\pages\\home.php')
 8 SYSTEMPATH\View\View.php(216): CodeIgniter\View\View->CodeIgniter\View\{closure}()
 9 SYSTEMPATH\Common.php(1135): CodeIgniter\View\View->render('pages/home', [], true)
10 APPPATH\Controllers\Main.php(29): view('pages/home', [...])
11 SYSTEMPATH\CodeIgniter.php(896): App\Controllers\Main->index()
12 SYSTEMPATH\CodeIgniter.php(466): CodeIgniter\CodeIgniter->runController(Object(App\Controllers\Main))
13 SYSTEMPATH\CodeIgniter.php(349): CodeIgniter\CodeIgniter->handleRequest(null, Object(Config\Cache), false)
14 FCPATH\index.php(55): CodeIgniter\CodeIgniter->run()
CRITICAL - 2024-08-26 12:50:20 --> include(../add_script.php): Failed to open stream: No such file or directory
in APPPATH\Views\layouts\main_sidebar.php on line 1.
 1 APPPATH\Views\layouts\main_sidebar.php(1): CodeIgniter\Debug\Exceptions->errorHandler(2, 'include(../add_script.php): Failed to open stream: No such file or directory', 'APPPATH\\Views\\layouts\\main_sidebar.php', 1)
 2 APPPATH\Views\layouts\main_sidebar.php(1): include()
 3 SYSTEMPATH\View\View.php(213): include('APPPATH\\Views\\layouts\\main_sidebar.php')
 4 SYSTEMPATH\View\View.php(216): CodeIgniter\View\View->CodeIgniter\View\{closure}()
 5 SYSTEMPATH\View\View.php(429): CodeIgniter\View\View->render('layouts/main_sidebar', null, true)
 6 APPPATH\Views\pages\home.php(2): CodeIgniter\View\View->include('layouts/main_sidebar')
 7 SYSTEMPATH\View\View.php(213): include('APPPATH\\Views\\pages\\home.php')
 8 SYSTEMPATH\View\View.php(216): CodeIgniter\View\View->CodeIgniter\View\{closure}()
 9 SYSTEMPATH\Common.php(1135): CodeIgniter\View\View->render('pages/home', [], true)
10 APPPATH\Controllers\Main.php(29): view('pages/home', [...])
11 SYSTEMPATH\CodeIgniter.php(896): App\Controllers\Main->index()
12 SYSTEMPATH\CodeIgniter.php(466): CodeIgniter\CodeIgniter->runController(Object(App\Controllers\Main))
13 SYSTEMPATH\CodeIgniter.php(349): CodeIgniter\CodeIgniter->handleRequest(null, Object(Config\Cache), false)
14 FCPATH\index.php(55): CodeIgniter\CodeIgniter->run()
ERROR - 2024-08-26 13:02:33 --> Unknown column 'page_name' in 'where clause'
CRITICAL - 2024-08-26 13:02:33 --> Unknown column 'page_name' in 'where clause'
in SYSTEMPATH\Database\MySQLi\Connection.php on line 292.
 1 SYSTEMPATH\Database\MySQLi\Connection.php(292): mysqli->query('SELECT *
FROM `tbl_roles_permission`
WHERE `page_name` = \'Motorcycle_list\'
AND `role_id` = \'0\'', 0)
 2 SYSTEMPATH\Database\BaseConnection.php(695): CodeIgniter\Database\MySQLi\Connection->execute('SELECT *
FROM `tbl_roles_permission`
WHERE `page_name` = \'Motorcycle_list\'
AND `role_id` = \'0\'')
 3 SYSTEMPATH\Database\BaseConnection.php(609): CodeIgniter\Database\BaseConnection->simpleQuery('SELECT *
FROM `tbl_roles_permission`
WHERE `page_name` = \'Motorcycle_list\'
AND `role_id` = \'0\'')
 4 SYSTEMPATH\Database\BaseBuilder.php(1585): CodeIgniter\Database\BaseConnection->query('SELECT *
FROM `tbl_roles_permission`
WHERE `page_name` = :page_name:
AND `role_id` = :role_id:', [...], false)
 5 APPPATH\Views\layouts\add_script.php(17): CodeIgniter\Database\BaseBuilder->get()
 6 APPPATH\Views\layouts\main_sidebar.php(1): include('APPPATH\\Views\\layouts\\add_script.php')
 7 SYSTEMPATH\View\View.php(213): include('APPPATH\\Views\\layouts\\main_sidebar.php')
 8 SYSTEMPATH\View\View.php(216): CodeIgniter\View\View->CodeIgniter\View\{closure}()
 9 SYSTEMPATH\View\View.php(429): CodeIgniter\View\View->render('layouts/main_sidebar', null, true)
10 APPPATH\Views\pages\home.php(2): CodeIgniter\View\View->include('layouts/main_sidebar')
11 SYSTEMPATH\View\View.php(213): include('APPPATH\\Views\\pages\\home.php')
12 SYSTEMPATH\View\View.php(216): CodeIgniter\View\View->CodeIgniter\View\{closure}()
13 SYSTEMPATH\Common.php(1135): CodeIgniter\View\View->render('pages/home', [], true)
14 APPPATH\Controllers\Main.php(29): view('pages/home', [...])
15 SYSTEMPATH\CodeIgniter.php(896): App\Controllers\Main->index()
16 SYSTEMPATH\CodeIgniter.php(466): CodeIgniter\CodeIgniter->runController(Object(App\Controllers\Main))
17 SYSTEMPATH\CodeIgniter.php(349): CodeIgniter\CodeIgniter->handleRequest(null, Object(Config\Cache), false)
18 FCPATH\index.php(55): CodeIgniter\CodeIgniter->run()
CRITICAL - 2024-08-26 13:17:22 --> Class "App\Models\Rolespermission_model" not found
in APPPATH\Controllers\Rolespermission.php on line 17.
 1 SYSTEMPATH\CodeIgniter.php(858): App\Controllers\Rolespermission->__construct()
 2 SYSTEMPATH\CodeIgniter.php(457): CodeIgniter\CodeIgniter->createController()
 3 SYSTEMPATH\CodeIgniter.php(349): CodeIgniter\CodeIgniter->handleRequest(null, Object(Config\Cache), false)
 4 FCPATH\index.php(55): CodeIgniter\CodeIgniter->run()
CRITICAL - 2024-08-26 13:33:33 --> Invalid file: modals/add_Rolespermission.php
in SYSTEMPATH\Exceptions\FrameworkException.php on line 33.
 1 SYSTEMPATH\View\View.php(201): CodeIgniter\Exceptions\FrameworkException::forInvalidFile('modals/add_Rolespermission.php')
 2 SYSTEMPATH\View\View.php(429): CodeIgniter\View\View->render('modals/add_Rolespermission', null, true)
 3 APPPATH\Views\pages\rolespermission.php(75): CodeIgniter\View\View->include('modals/add_Rolespermission')
 4 SYSTEMPATH\View\View.php(213): include('APPPATH\\Views\\pages\\rolespermission.php')
 5 SYSTEMPATH\View\View.php(216): CodeIgniter\View\View->CodeIgniter\View\{closure}()
 6 SYSTEMPATH\Common.php(1135): CodeIgniter\View\View->render('pages/rolespermission', [], true)
 7 APPPATH\Controllers\Rolespermission.php(24): view('pages/rolespermission', [...])
 8 SYSTEMPATH\CodeIgniter.php(896): App\Controllers\Rolespermission->index()
 9 SYSTEMPATH\CodeIgniter.php(466): CodeIgniter\CodeIgniter->runController(Object(App\Controllers\Rolespermission))
10 SYSTEMPATH\CodeIgniter.php(349): CodeIgniter\CodeIgniter->handleRequest(null, Object(Config\Cache), false)
11 FCPATH\index.php(55): CodeIgniter\CodeIgniter->run()
CRITICAL - 2024-08-26 13:33:42 --> Undefined property: App\Controllers\Rolespermission::$db
in APPPATH\Controllers\Rolespermission.php on line 44.
 1 APPPATH\Controllers\Rolespermission.php(44): CodeIgniter\Debug\Exceptions->errorHandler(2, 'Undefined property: App\\Controllers\\Rolespermission::$db', 'APPPATH\\Controllers\\Rolespermission.php', 44)
 2 SYSTEMPATH\CodeIgniter.php(896): App\Controllers\Rolespermission->getData()
 3 SYSTEMPATH\CodeIgniter.php(466): CodeIgniter\CodeIgniter->runController(Object(App\Controllers\Rolespermission))
 4 SYSTEMPATH\CodeIgniter.php(349): CodeIgniter\CodeIgniter->handleRequest(null, Object(Config\Cache), false)
 5 FCPATH\index.php(55): CodeIgniter\CodeIgniter->run()
CRITICAL - 2024-08-26 13:33:51 --> Undefined property: App\Controllers\Rolespermission::$db
in APPPATH\Controllers\Rolespermission.php on line 44.
 1 APPPATH\Controllers\Rolespermission.php(44): CodeIgniter\Debug\Exceptions->errorHandler(2, 'Undefined property: App\\Controllers\\Rolespermission::$db', 'APPPATH\\Controllers\\Rolespermission.php', 44)
 2 SYSTEMPATH\CodeIgniter.php(896): App\Controllers\Rolespermission->getData()
 3 SYSTEMPATH\CodeIgniter.php(466): CodeIgniter\CodeIgniter->runController(Object(App\Controllers\Rolespermission))
 4 SYSTEMPATH\CodeIgniter.php(349): CodeIgniter\CodeIgniter->handleRequest(null, Object(Config\Cache), false)
 5 FCPATH\index.php(55): CodeIgniter\CodeIgniter->run()
CRITICAL - 2024-08-26 13:36:07 --> Undefined property: App\Controllers\Rolespermission::$db
in APPPATH\Controllers\Rolespermission.php on line 44.
 1 APPPATH\Controllers\Rolespermission.php(44): CodeIgniter\Debug\Exceptions->errorHandler(2, 'Undefined property: App\\Controllers\\Rolespermission::$db', 'APPPATH\\Controllers\\Rolespermission.php', 44)
 2 SYSTEMPATH\CodeIgniter.php(896): App\Controllers\Rolespermission->getData()
 3 SYSTEMPATH\CodeIgniter.php(466): CodeIgniter\CodeIgniter->runController(Object(App\Controllers\Rolespermission))
 4 SYSTEMPATH\CodeIgniter.php(349): CodeIgniter\CodeIgniter->handleRequest(null, Object(Config\Cache), false)
 5 FCPATH\index.php(55): CodeIgniter\CodeIgniter->run()
CRITICAL - 2024-08-26 13:39:13 --> Call to undefined method CodeIgniter\Database\MySQLi\Builder::rightJoin()
in APPPATH\Controllers\Rolespermission.php on line 48.
 1 SYSTEMPATH\CodeIgniter.php(896): App\Controllers\Rolespermission->getData()
 2 SYSTEMPATH\CodeIgniter.php(466): CodeIgniter\CodeIgniter->runController(Object(App\Controllers\Rolespermission))
 3 SYSTEMPATH\CodeIgniter.php(349): CodeIgniter\CodeIgniter->handleRequest(null, Object(Config\Cache), false)
 4 FCPATH\index.php(55): CodeIgniter\CodeIgniter->run()
CRITICAL - 2024-08-26 13:39:18 --> Call to undefined method CodeIgniter\Database\MySQLi\Builder::rightJoin()
in APPPATH\Controllers\Rolespermission.php on line 48.
 1 SYSTEMPATH\CodeIgniter.php(896): App\Controllers\Rolespermission->getData()
 2 SYSTEMPATH\CodeIgniter.php(466): CodeIgniter\CodeIgniter->runController(Object(App\Controllers\Rolespermission))
 3 SYSTEMPATH\CodeIgniter.php(349): CodeIgniter\CodeIgniter->handleRequest(null, Object(Config\Cache), false)
 4 FCPATH\index.php(55): CodeIgniter\CodeIgniter->run()
CRITICAL - 2024-08-26 13:39:27 --> Call to undefined method CodeIgniter\Database\MySQLi\Builder::rightJoin()
in APPPATH\Controllers\Rolespermission.php on line 48.
 1 SYSTEMPATH\CodeIgniter.php(896): App\Controllers\Rolespermission->getData()
 2 SYSTEMPATH\CodeIgniter.php(466): CodeIgniter\CodeIgniter->runController(Object(App\Controllers\Rolespermission))
 3 SYSTEMPATH\CodeIgniter.php(349): CodeIgniter\CodeIgniter->handleRequest(null, Object(Config\Cache), false)
 4 FCPATH\index.php(55): CodeIgniter\CodeIgniter->run()
CRITICAL - 2024-08-26 13:57:46 --> Undefined property: App\Controllers\Rolespermission::$rolesModel
in APPPATH\Controllers\Rolespermission.php on line 28.
 1 APPPATH\Controllers\Rolespermission.php(28): CodeIgniter\Debug\Exceptions->errorHandler(2, 'Undefined property: App\\Controllers\\Rolespermission::$rolesModel', 'APPPATH\\Controllers\\Rolespermission.php', 28)
 2 SYSTEMPATH\CodeIgniter.php(896): App\Controllers\Rolespermission->index()
 3 SYSTEMPATH\CodeIgniter.php(466): CodeIgniter\CodeIgniter->runController(Object(App\Controllers\Rolespermission))
 4 SYSTEMPATH\CodeIgniter.php(349): CodeIgniter\CodeIgniter->handleRequest(null, Object(Config\Cache), false)
 5 FCPATH\index.php(55): CodeIgniter\CodeIgniter->run()
CRITICAL - 2024-08-26 13:58:20 --> Undefined variable $rolename
in APPPATH\Views\modals\add_rolespermission.php on line 18.
 1 APPPATH\Views\modals\add_rolespermission.php(18): CodeIgniter\Debug\Exceptions->errorHandler(2, 'Undefined variable $rolename', 'APPPATH\\Views\\modals\\add_rolespermission.php', 18)
 2 SYSTEMPATH\View\View.php(213): include('APPPATH\\Views\\modals\\add_rolespermission.php')
 3 SYSTEMPATH\View\View.php(216): CodeIgniter\View\View->CodeIgniter\View\{closure}()
 4 SYSTEMPATH\View\View.php(429): CodeIgniter\View\View->render('modals/add_rolespermission', null, true)
 5 APPPATH\Views\pages\rolespermission.php(75): CodeIgniter\View\View->include('modals/add_rolespermission')
 6 SYSTEMPATH\View\View.php(213): include('APPPATH\\Views\\pages\\rolespermission.php')
 7 SYSTEMPATH\View\View.php(216): CodeIgniter\View\View->CodeIgniter\View\{closure}()
 8 SYSTEMPATH\Common.php(1135): CodeIgniter\View\View->render('pages/rolespermission', [], true)
 9 APPPATH\Controllers\Rolespermission.php(30): view('pages/rolespermission', [...])
10 SYSTEMPATH\CodeIgniter.php(896): App\Controllers\Rolespermission->index()
11 SYSTEMPATH\CodeIgniter.php(466): CodeIgniter\CodeIgniter->runController(Object(App\Controllers\Rolespermission))
12 SYSTEMPATH\CodeIgniter.php(349): CodeIgniter\CodeIgniter->handleRequest(null, Object(Config\Cache), false)
13 FCPATH\index.php(55): CodeIgniter\CodeIgniter->run()
CRITICAL - 2024-08-26 13:58:24 --> Undefined variable $rolename
in APPPATH\Views\modals\add_rolespermission.php on line 18.
 1 APPPATH\Views\modals\add_rolespermission.php(18): CodeIgniter\Debug\Exceptions->errorHandler(2, 'Undefined variable $rolename', 'APPPATH\\Views\\modals\\add_rolespermission.php', 18)
 2 SYSTEMPATH\View\View.php(213): include('APPPATH\\Views\\modals\\add_rolespermission.php')
 3 SYSTEMPATH\View\View.php(216): CodeIgniter\View\View->CodeIgniter\View\{closure}()
 4 SYSTEMPATH\View\View.php(429): CodeIgniter\View\View->render('modals/add_rolespermission', null, true)
 5 APPPATH\Views\pages\rolespermission.php(75): CodeIgniter\View\View->include('modals/add_rolespermission')
 6 SYSTEMPATH\View\View.php(213): include('APPPATH\\Views\\pages\\rolespermission.php')
 7 SYSTEMPATH\View\View.php(216): CodeIgniter\View\View->CodeIgniter\View\{closure}()
 8 SYSTEMPATH\Common.php(1135): CodeIgniter\View\View->render('pages/rolespermission', [], true)
 9 APPPATH\Controllers\Rolespermission.php(30): view('pages/rolespermission', [...])
10 SYSTEMPATH\CodeIgniter.php(896): App\Controllers\Rolespermission->index()
11 SYSTEMPATH\CodeIgniter.php(466): CodeIgniter\CodeIgniter->runController(Object(App\Controllers\Rolespermission))
12 SYSTEMPATH\CodeIgniter.php(349): CodeIgniter\CodeIgniter->handleRequest(null, Object(Config\Cache), false)
13 FCPATH\index.php(55): CodeIgniter\CodeIgniter->run()
CRITICAL - 2024-08-26 13:58:36 --> Undefined variable $rolename
in APPPATH\Views\modals\add_rolespermission.php on line 18.
 1 APPPATH\Views\modals\add_rolespermission.php(18): CodeIgniter\Debug\Exceptions->errorHandler(2, 'Undefined variable $rolename', 'APPPATH\\Views\\modals\\add_rolespermission.php', 18)
 2 SYSTEMPATH\View\View.php(213): include('APPPATH\\Views\\modals\\add_rolespermission.php')
 3 SYSTEMPATH\View\View.php(216): CodeIgniter\View\View->CodeIgniter\View\{closure}()
 4 SYSTEMPATH\View\View.php(429): CodeIgniter\View\View->render('modals/add_rolespermission', null, true)
 5 APPPATH\Views\pages\rolespermission.php(75): CodeIgniter\View\View->include('modals/add_rolespermission')
 6 SYSTEMPATH\View\View.php(213): include('APPPATH\\Views\\pages\\rolespermission.php')
 7 SYSTEMPATH\View\View.php(216): CodeIgniter\View\View->CodeIgniter\View\{closure}()
 8 SYSTEMPATH\Common.php(1135): CodeIgniter\View\View->render('pages/rolespermission', [], true)
 9 APPPATH\Controllers\Rolespermission.php(30): view('pages/rolespermission', [...])
10 SYSTEMPATH\CodeIgniter.php(896): App\Controllers\Rolespermission->index()
11 SYSTEMPATH\CodeIgniter.php(466): CodeIgniter\CodeIgniter->runController(Object(App\Controllers\Rolespermission))
12 SYSTEMPATH\CodeIgniter.php(349): CodeIgniter\CodeIgniter->handleRequest(null, Object(Config\Cache), false)
13 FCPATH\index.php(55): CodeIgniter\CodeIgniter->run()
CRITICAL - 2024-08-26 14:02:10 --> Undefined variable $pagename
in APPPATH\Views\modals\add_rolespermission.php on line 39.
 1 APPPATH\Views\modals\add_rolespermission.php(39): CodeIgniter\Debug\Exceptions->errorHandler(2, 'Undefined variable $pagename', 'APPPATH\\Views\\modals\\add_rolespermission.php', 39)
 2 SYSTEMPATH\View\View.php(213): include('APPPATH\\Views\\modals\\add_rolespermission.php')
 3 SYSTEMPATH\View\View.php(216): CodeIgniter\View\View->CodeIgniter\View\{closure}()
 4 SYSTEMPATH\View\View.php(429): CodeIgniter\View\View->render('modals/add_rolespermission', null, true)
 5 APPPATH\Views\pages\rolespermission.php(75): CodeIgniter\View\View->include('modals/add_rolespermission')
 6 SYSTEMPATH\View\View.php(213): include('APPPATH\\Views\\pages\\rolespermission.php')
 7 SYSTEMPATH\View\View.php(216): CodeIgniter\View\View->CodeIgniter\View\{closure}()
 8 SYSTEMPATH\Common.php(1135): CodeIgniter\View\View->render('pages/rolespermission', [], true)
 9 APPPATH\Controllers\Rolespermission.php(29): view('pages/rolespermission', [...])
10 SYSTEMPATH\CodeIgniter.php(896): App\Controllers\Rolespermission->index()
11 SYSTEMPATH\CodeIgniter.php(466): CodeIgniter\CodeIgniter->runController(Object(App\Controllers\Rolespermission))
12 SYSTEMPATH\CodeIgniter.php(349): CodeIgniter\CodeIgniter->handleRequest(null, Object(Config\Cache), false)
13 FCPATH\index.php(55): CodeIgniter\CodeIgniter->run()
ERROR - 2024-08-26 14:08:05 --> Unknown column 'page_id' in 'where clause'
CRITICAL - 2024-08-26 14:08:05 --> Unknown column 'page_id' in 'where clause'
in SYSTEMPATH\Database\MySQLi\Connection.php on line 292.
 1 SYSTEMPATH\Database\MySQLi\Connection.php(292): mysqli->query('SELECT *
FROM `tbl_roles_permission`
WHERE `page_id` = \'1\'
AND `role_id` = \'1\'', 0)
 2 SYSTEMPATH\Database\BaseConnection.php(695): CodeIgniter\Database\MySQLi\Connection->execute('SELECT *
FROM `tbl_roles_permission`
WHERE `page_id` = \'1\'
AND `role_id` = \'1\'')
 3 SYSTEMPATH\Database\BaseConnection.php(609): CodeIgniter\Database\BaseConnection->simpleQuery('SELECT *
FROM `tbl_roles_permission`
WHERE `page_id` = \'1\'
AND `role_id` = \'1\'')
 4 SYSTEMPATH\Database\BaseBuilder.php(1585): CodeIgniter\Database\BaseConnection->query('SELECT *
FROM `tbl_roles_permission`
WHERE `page_id` = :page_id:
AND `role_id` = :role_id:', [...], false)
 5 APPPATH\Views\layouts\add_script.php(17): CodeIgniter\Database\BaseBuilder->get()
 6 APPPATH\Views\layouts\main_sidebar.php(1): include('APPPATH\\Views\\layouts\\add_script.php')
 7 SYSTEMPATH\View\View.php(213): include('APPPATH\\Views\\layouts\\main_sidebar.php')
 8 SYSTEMPATH\View\View.php(216): CodeIgniter\View\View->CodeIgniter\View\{closure}()
 9 SYSTEMPATH\View\View.php(429): CodeIgniter\View\View->render('layouts/main_sidebar', null, true)
10 APPPATH\Views\pages\rolespermission.php(2): CodeIgniter\View\View->include('layouts/main_sidebar')
11 SYSTEMPATH\View\View.php(213): include('APPPATH\\Views\\pages\\rolespermission.php')
12 SYSTEMPATH\View\View.php(216): CodeIgniter\View\View->CodeIgniter\View\{closure}()
13 SYSTEMPATH\Common.php(1135): CodeIgniter\View\View->render('pages/rolespermission', [], true)
14 APPPATH\Controllers\Rolespermission.php(33): view('pages/rolespermission', [...])
15 SYSTEMPATH\CodeIgniter.php(896): App\Controllers\Rolespermission->index()
16 SYSTEMPATH\CodeIgniter.php(466): CodeIgniter\CodeIgniter->runController(Object(App\Controllers\Rolespermission))
17 SYSTEMPATH\CodeIgniter.php(349): CodeIgniter\CodeIgniter->handleRequest(null, Object(Config\Cache), false)
18 FCPATH\index.php(55): CodeIgniter\CodeIgniter->run()
ERROR - 2024-08-26 14:08:44 --> Unknown column 'page_id' in 'where clause'
CRITICAL - 2024-08-26 14:08:44 --> Unknown column 'page_id' in 'where clause'
in SYSTEMPATH\Database\MySQLi\Connection.php on line 292.
 1 SYSTEMPATH\Database\MySQLi\Connection.php(292): mysqli->query('SELECT *
FROM `tbl_roles_permission`
WHERE `page_id` = \'1\'
AND `role_id` = \'1\'', 0)
 2 SYSTEMPATH\Database\BaseConnection.php(695): CodeIgniter\Database\MySQLi\Connection->execute('SELECT *
FROM `tbl_roles_permission`
WHERE `page_id` = \'1\'
AND `role_id` = \'1\'')
 3 SYSTEMPATH\Database\BaseConnection.php(609): CodeIgniter\Database\BaseConnection->simpleQuery('SELECT *
FROM `tbl_roles_permission`
WHERE `page_id` = \'1\'
AND `role_id` = \'1\'')
 4 SYSTEMPATH\Database\BaseBuilder.php(1585): CodeIgniter\Database\BaseConnection->query('SELECT *
FROM `tbl_roles_permission`
WHERE `page_id` = :page_id:
AND `role_id` = :role_id:', [...], false)
 5 APPPATH\Views\layouts\add_script.php(17): CodeIgniter\Database\BaseBuilder->get()
 6 APPPATH\Views\layouts\main_sidebar.php(1): include('APPPATH\\Views\\layouts\\add_script.php')
 7 SYSTEMPATH\View\View.php(213): include('APPPATH\\Views\\layouts\\main_sidebar.php')
 8 SYSTEMPATH\View\View.php(216): CodeIgniter\View\View->CodeIgniter\View\{closure}()
 9 SYSTEMPATH\View\View.php(429): CodeIgniter\View\View->render('layouts/main_sidebar', null, true)
10 APPPATH\Views\pages\rolespermission.php(2): CodeIgniter\View\View->include('layouts/main_sidebar')
11 SYSTEMPATH\View\View.php(213): include('APPPATH\\Views\\pages\\rolespermission.php')
12 SYSTEMPATH\View\View.php(216): CodeIgniter\View\View->CodeIgniter\View\{closure}()
13 SYSTEMPATH\Common.php(1135): CodeIgniter\View\View->render('pages/rolespermission', [], true)
14 APPPATH\Controllers\Rolespermission.php(33): view('pages/rolespermission', [...])
15 SYSTEMPATH\CodeIgniter.php(896): App\Controllers\Rolespermission->index()
16 SYSTEMPATH\CodeIgniter.php(466): CodeIgniter\CodeIgniter->runController(Object(App\Controllers\Rolespermission))
17 SYSTEMPATH\CodeIgniter.php(349): CodeIgniter\CodeIgniter->handleRequest(null, Object(Config\Cache), false)
18 FCPATH\index.php(55): CodeIgniter\CodeIgniter->run()
CRITICAL - 2024-08-26 14:23:37 --> Declaration of App\Models\Rolespermission_model::insertBatch(array $data) must be compatible with CodeIgniter\BaseModel::insertBatch(?array $set = null, ?bool $escape = null, int $batchSize = 100, bool $testing = false)
in APPPATH\Models\Rolespermission_model.php on line 34.
 1 [internal function]: CodeIgniter\Debug\Exceptions->shutdownHandler()
CRITICAL - 2024-08-26 14:24:58 --> foreach() argument must be of type array|object, string given
in APPPATH\Controllers\Rolespermission.php on line 81.
 1 APPPATH\Controllers\Rolespermission.php(81): CodeIgniter\Debug\Exceptions->errorHandler(2, 'foreach() argument must be of type array|object, string given', 'APPPATH\\Controllers\\Rolespermission.php', 81)
 2 SYSTEMPATH\CodeIgniter.php(896): App\Controllers\Rolespermission->add()
 3 SYSTEMPATH\CodeIgniter.php(466): CodeIgniter\CodeIgniter->runController(Object(App\Controllers\Rolespermission))
 4 SYSTEMPATH\CodeIgniter.php(349): CodeIgniter\CodeIgniter->handleRequest(null, Object(Config\Cache), false)
 5 FCPATH\index.php(55): CodeIgniter\CodeIgniter->run()
CRITICAL - 2024-08-26 14:25:15 --> foreach() argument must be of type array|object, string given
in APPPATH\Controllers\Rolespermission.php on line 81.
 1 APPPATH\Controllers\Rolespermission.php(81): CodeIgniter\Debug\Exceptions->errorHandler(2, 'foreach() argument must be of type array|object, string given', 'APPPATH\\Controllers\\Rolespermission.php', 81)
 2 SYSTEMPATH\CodeIgniter.php(896): App\Controllers\Rolespermission->add()
 3 SYSTEMPATH\CodeIgniter.php(466): CodeIgniter\CodeIgniter->runController(Object(App\Controllers\Rolespermission))
 4 SYSTEMPATH\CodeIgniter.php(349): CodeIgniter\CodeIgniter->handleRequest(null, Object(Config\Cache), false)
 5 FCPATH\index.php(55): CodeIgniter\CodeIgniter->run()
CRITICAL - 2024-08-26 14:27:04 --> insertBatch() called with no data
in SYSTEMPATH\Database\BaseBuilder.php on line 1749.
 1 SYSTEMPATH\Model.php(311): CodeIgniter\Database\BaseBuilder->insertBatch([], null, 100)
 2 SYSTEMPATH\BaseModel.php(814): CodeIgniter\Model->doInsertBatch([], null, 100, false)
 3 APPPATH\Models\Rolespermission_model.php(40): CodeIgniter\BaseModel->insertBatch([], null, 100, false)
 4 APPPATH\Controllers\Rolespermission.php(110): App\Models\Rolespermission_model->insertBatch([])
 5 SYSTEMPATH\CodeIgniter.php(896): App\Controllers\Rolespermission->add()
 6 SYSTEMPATH\CodeIgniter.php(466): CodeIgniter\CodeIgniter->runController(Object(App\Controllers\Rolespermission))
 7 SYSTEMPATH\CodeIgniter.php(349): CodeIgniter\CodeIgniter->handleRequest(null, Object(Config\Cache), false)
 8 FCPATH\index.php(55): CodeIgniter\CodeIgniter->run()
ERROR - 2024-08-26 14:28:27 --> Insert data is empty.
ERROR - 2024-08-26 14:28:53 --> Insert data is empty.
ERROR - 2024-08-26 14:30:47 --> Insert data is empty.
ERROR - 2024-08-26 14:30:57 --> Insert data is empty.
ERROR - 2024-08-26 14:32:30 --> Insert data is empty.
CRITICAL - 2024-08-26 14:38:28 --> count(): Argument #1 ($value) must be of type Countable|array, null given
in APPPATH\Controllers\Rolespermission.php on line 78.
 1 APPPATH\Controllers\Rolespermission.php(78): count(null)
 2 SYSTEMPATH\CodeIgniter.php(896): App\Controllers\Rolespermission->add()
 3 SYSTEMPATH\CodeIgniter.php(466): CodeIgniter\CodeIgniter->runController(Object(App\Controllers\Rolespermission))
 4 SYSTEMPATH\CodeIgniter.php(349): CodeIgniter\CodeIgniter->handleRequest(null, Object(Config\Cache), false)
 5 FCPATH\index.php(55): CodeIgniter\CodeIgniter->run()
CRITICAL - 2024-08-26 14:40:12 --> Undefined property: App\Controllers\Rolespermission::$rolespermissionModel
in APPPATH\Controllers\Rolespermission.php on line 69.
 1 APPPATH\Controllers\Rolespermission.php(69): CodeIgniter\Debug\Exceptions->errorHandler(2, 'Undefined property: App\\Controllers\\Rolespermission::$rolespermissionModel', 'APPPATH\\Controllers\\Rolespermission.php', 69)
 2 SYSTEMPATH\CodeIgniter.php(896): App\Controllers\Rolespermission->add()
 3 SYSTEMPATH\CodeIgniter.php(466): CodeIgniter\CodeIgniter->runController(Object(App\Controllers\Rolespermission))
 4 SYSTEMPATH\CodeIgniter.php(349): CodeIgniter\CodeIgniter->handleRequest(null, Object(Config\Cache), false)
 5 FCPATH\index.php(55): CodeIgniter\CodeIgniter->run()
CRITICAL - 2024-08-26 15:22:04 --> Undefined variable $existing_role_id
in APPPATH\Views\modals\edit_rolespermission.php on line 19.
 1 APPPATH\Views\modals\edit_rolespermission.php(19): CodeIgniter\Debug\Exceptions->errorHandler(2, 'Undefined variable $existing_role_id', 'APPPATH\\Views\\modals\\edit_rolespermission.php', 19)
 2 SYSTEMPATH\View\View.php(213): include('APPPATH\\Views\\modals\\edit_rolespermission.php')
 3 SYSTEMPATH\View\View.php(216): CodeIgniter\View\View->CodeIgniter\View\{closure}()
 4 SYSTEMPATH\View\View.php(429): CodeIgniter\View\View->render('modals/edit_rolespermission', null, true)
 5 APPPATH\Views\pages\rolespermission.php(76): CodeIgniter\View\View->include('modals/edit_rolespermission')
 6 SYSTEMPATH\View\View.php(213): include('APPPATH\\Views\\pages\\rolespermission.php')
 7 SYSTEMPATH\View\View.php(216): CodeIgniter\View\View->CodeIgniter\View\{closure}()
 8 SYSTEMPATH\Common.php(1135): CodeIgniter\View\View->render('pages/rolespermission', [], true)
 9 APPPATH\Controllers\Rolespermission.php(33): view('pages/rolespermission', [...])
10 SYSTEMPATH\CodeIgniter.php(896): App\Controllers\Rolespermission->index()
11 SYSTEMPATH\CodeIgniter.php(466): CodeIgniter\CodeIgniter->runController(Object(App\Controllers\Rolespermission))
12 SYSTEMPATH\CodeIgniter.php(349): CodeIgniter\CodeIgniter->handleRequest(null, Object(Config\Cache), false)
13 FCPATH\index.php(55): CodeIgniter\CodeIgniter->run()
CRITICAL - 2024-08-26 15:22:16 --> Undefined variable $existing_role_id
in APPPATH\Views\modals\edit_rolespermission.php on line 19.
 1 APPPATH\Views\modals\edit_rolespermission.php(19): CodeIgniter\Debug\Exceptions->errorHandler(2, 'Undefined variable $existing_role_id', 'APPPATH\\Views\\modals\\edit_rolespermission.php', 19)
 2 SYSTEMPATH\View\View.php(213): include('APPPATH\\Views\\modals\\edit_rolespermission.php')
 3 SYSTEMPATH\View\View.php(216): CodeIgniter\View\View->CodeIgniter\View\{closure}()
 4 SYSTEMPATH\View\View.php(429): CodeIgniter\View\View->render('modals/edit_rolespermission', null, true)
 5 APPPATH\Views\pages\rolespermission.php(76): CodeIgniter\View\View->include('modals/edit_rolespermission')
 6 SYSTEMPATH\View\View.php(213): include('APPPATH\\Views\\pages\\rolespermission.php')
 7 SYSTEMPATH\View\View.php(216): CodeIgniter\View\View->CodeIgniter\View\{closure}()
 8 SYSTEMPATH\Common.php(1135): CodeIgniter\View\View->render('pages/rolespermission', [], true)
 9 APPPATH\Controllers\Rolespermission.php(33): view('pages/rolespermission', [...])
10 SYSTEMPATH\CodeIgniter.php(896): App\Controllers\Rolespermission->index()
11 SYSTEMPATH\CodeIgniter.php(466): CodeIgniter\CodeIgniter->runController(Object(App\Controllers\Rolespermission))
12 SYSTEMPATH\CodeIgniter.php(349): CodeIgniter\CodeIgniter->handleRequest(null, Object(Config\Cache), false)
13 FCPATH\index.php(55): CodeIgniter\CodeIgniter->run()
CRITICAL - 2024-08-26 16:25:52 --> Undefined variable $existing_role_id
in APPPATH\Views\modals\edit_rolespermission.php on line 20.
 1 APPPATH\Views\modals\edit_rolespermission.php(20): CodeIgniter\Debug\Exceptions->errorHandler(2, 'Undefined variable $existing_role_id', 'APPPATH\\Views\\modals\\edit_rolespermission.php', 20)
 2 SYSTEMPATH\View\View.php(213): include('APPPATH\\Views\\modals\\edit_rolespermission.php')
 3 SYSTEMPATH\View\View.php(216): CodeIgniter\View\View->CodeIgniter\View\{closure}()
 4 SYSTEMPATH\View\View.php(429): CodeIgniter\View\View->render('modals/edit_rolespermission', null, true)
 5 APPPATH\Views\pages\rolespermission.php(76): CodeIgniter\View\View->include('modals/edit_rolespermission')
 6 SYSTEMPATH\View\View.php(213): include('APPPATH\\Views\\pages\\rolespermission.php')
 7 SYSTEMPATH\View\View.php(216): CodeIgniter\View\View->CodeIgniter\View\{closure}()
 8 SYSTEMPATH\Common.php(1135): CodeIgniter\View\View->render('pages/rolespermission', [], true)
 9 APPPATH\Controllers\Rolespermission.php(33): view('pages/rolespermission', [...])
10 SYSTEMPATH\CodeIgniter.php(896): App\Controllers\Rolespermission->index()
11 SYSTEMPATH\CodeIgniter.php(466): CodeIgniter\CodeIgniter->runController(Object(App\Controllers\Rolespermission))
12 SYSTEMPATH\CodeIgniter.php(349): CodeIgniter\CodeIgniter->handleRequest(null, Object(Config\Cache), false)
13 FCPATH\index.php(55): CodeIgniter\CodeIgniter->run()
CRITICAL - 2024-08-26 16:25:54 --> Undefined variable $existing_role_id
in APPPATH\Views\modals\edit_rolespermission.php on line 20.
 1 APPPATH\Views\modals\edit_rolespermission.php(20): CodeIgniter\Debug\Exceptions->errorHandler(2, 'Undefined variable $existing_role_id', 'APPPATH\\Views\\modals\\edit_rolespermission.php', 20)
 2 SYSTEMPATH\View\View.php(213): include('APPPATH\\Views\\modals\\edit_rolespermission.php')
 3 SYSTEMPATH\View\View.php(216): CodeIgniter\View\View->CodeIgniter\View\{closure}()
 4 SYSTEMPATH\View\View.php(429): CodeIgniter\View\View->render('modals/edit_rolespermission', null, true)
 5 APPPATH\Views\pages\rolespermission.php(76): CodeIgniter\View\View->include('modals/edit_rolespermission')
 6 SYSTEMPATH\View\View.php(213): include('APPPATH\\Views\\pages\\rolespermission.php')
 7 SYSTEMPATH\View\View.php(216): CodeIgniter\View\View->CodeIgniter\View\{closure}()
 8 SYSTEMPATH\Common.php(1135): CodeIgniter\View\View->render('pages/rolespermission', [], true)
 9 APPPATH\Controllers\Rolespermission.php(33): view('pages/rolespermission', [...])
10 SYSTEMPATH\CodeIgniter.php(896): App\Controllers\Rolespermission->index()
11 SYSTEMPATH\CodeIgniter.php(466): CodeIgniter\CodeIgniter->runController(Object(App\Controllers\Rolespermission))
12 SYSTEMPATH\CodeIgniter.php(349): CodeIgniter\CodeIgniter->handleRequest(null, Object(Config\Cache), false)
13 FCPATH\index.php(55): CodeIgniter\CodeIgniter->run()
CRITICAL - 2024-08-26 16:25:54 --> Undefined variable $existing_role_id
in APPPATH\Views\modals\edit_rolespermission.php on line 20.
 1 APPPATH\Views\modals\edit_rolespermission.php(20): CodeIgniter\Debug\Exceptions->errorHandler(2, 'Undefined variable $existing_role_id', 'APPPATH\\Views\\modals\\edit_rolespermission.php', 20)
 2 SYSTEMPATH\View\View.php(213): include('APPPATH\\Views\\modals\\edit_rolespermission.php')
 3 SYSTEMPATH\View\View.php(216): CodeIgniter\View\View->CodeIgniter\View\{closure}()
 4 SYSTEMPATH\View\View.php(429): CodeIgniter\View\View->render('modals/edit_rolespermission', null, true)
 5 APPPATH\Views\pages\rolespermission.php(76): CodeIgniter\View\View->include('modals/edit_rolespermission')
 6 SYSTEMPATH\View\View.php(213): include('APPPATH\\Views\\pages\\rolespermission.php')
 7 SYSTEMPATH\View\View.php(216): CodeIgniter\View\View->CodeIgniter\View\{closure}()
 8 SYSTEMPATH\Common.php(1135): CodeIgniter\View\View->render('pages/rolespermission', [], true)
 9 APPPATH\Controllers\Rolespermission.php(33): view('pages/rolespermission', [...])
10 SYSTEMPATH\CodeIgniter.php(896): App\Controllers\Rolespermission->index()
11 SYSTEMPATH\CodeIgniter.php(466): CodeIgniter\CodeIgniter->runController(Object(App\Controllers\Rolespermission))
12 SYSTEMPATH\CodeIgniter.php(349): CodeIgniter\CodeIgniter->handleRequest(null, Object(Config\Cache), false)
13 FCPATH\index.php(55): CodeIgniter\CodeIgniter->run()
CRITICAL - 2024-08-26 17:09:03 --> Too few arguments to function App\Controllers\Rolespermission::update(), 0 passed in C:\xampp\htdocs\Yamaha_Portal\system\CodeIgniter.php on line 896 and exactly 1 expected
in APPPATH\Controllers\Rolespermission.php on line 128.
 1 SYSTEMPATH\CodeIgniter.php(896): App\Controllers\Rolespermission->update()
 2 SYSTEMPATH\CodeIgniter.php(466): CodeIgniter\CodeIgniter->runController(Object(App\Controllers\Rolespermission))
 3 SYSTEMPATH\CodeIgniter.php(349): CodeIgniter\CodeIgniter->handleRequest(null, Object(Config\Cache), false)
 4 FCPATH\index.php(55): CodeIgniter\CodeIgniter->run()
CRITICAL - 2024-08-26 17:27:11 --> Too few arguments to function App\Controllers\Rolespermission::update(), 0 passed in C:\xampp\htdocs\Yamaha_Portal\system\CodeIgniter.php on line 896 and exactly 1 expected
in APPPATH\Controllers\Rolespermission.php on line 128.
 1 SYSTEMPATH\CodeIgniter.php(896): App\Controllers\Rolespermission->update()
 2 SYSTEMPATH\CodeIgniter.php(466): CodeIgniter\CodeIgniter->runController(Object(App\Controllers\Rolespermission))
 3 SYSTEMPATH\CodeIgniter.php(349): CodeIgniter\CodeIgniter->handleRequest(null, Object(Config\Cache), false)
 4 FCPATH\index.php(55): CodeIgniter\CodeIgniter->run()
CRITICAL - 2024-08-26 17:27:26 --> Too few arguments to function App\Controllers\Rolespermission::update(), 0 passed in C:\xampp\htdocs\Yamaha_Portal\system\CodeIgniter.php on line 896 and exactly 1 expected
in APPPATH\Controllers\Rolespermission.php on line 128.
 1 SYSTEMPATH\CodeIgniter.php(896): App\Controllers\Rolespermission->update()
 2 SYSTEMPATH\CodeIgniter.php(466): CodeIgniter\CodeIgniter->runController(Object(App\Controllers\Rolespermission))
 3 SYSTEMPATH\CodeIgniter.php(349): CodeIgniter\CodeIgniter->handleRequest(null, Object(Config\Cache), false)
 4 FCPATH\index.php(55): CodeIgniter\CodeIgniter->run()
CRITICAL - 2024-08-26 17:35:19 --> Too few arguments to function App\Controllers\Rolespermission::update(), 0 passed in C:\xampp\htdocs\Yamaha_Portal\system\CodeIgniter.php on line 896 and exactly 1 expected
in APPPATH\Controllers\Rolespermission.php on line 128.
 1 SYSTEMPATH\CodeIgniter.php(896): App\Controllers\Rolespermission->update()
 2 SYSTEMPATH\CodeIgniter.php(466): CodeIgniter\CodeIgniter->runController(Object(App\Controllers\Rolespermission))
 3 SYSTEMPATH\CodeIgniter.php(349): CodeIgniter\CodeIgniter->handleRequest(null, Object(Config\Cache), false)
 4 FCPATH\index.php(55): CodeIgniter\CodeIgniter->run()
CRITICAL - 2024-08-26 17:35:32 --> Too few arguments to function App\Controllers\Rolespermission::update(), 0 passed in C:\xampp\htdocs\Yamaha_Portal\system\CodeIgniter.php on line 896 and exactly 1 expected
in APPPATH\Controllers\Rolespermission.php on line 128.
 1 SYSTEMPATH\CodeIgniter.php(896): App\Controllers\Rolespermission->update()
 2 SYSTEMPATH\CodeIgniter.php(466): CodeIgniter\CodeIgniter->runController(Object(App\Controllers\Rolespermission))
 3 SYSTEMPATH\CodeIgniter.php(349): CodeIgniter\CodeIgniter->handleRequest(null, Object(Config\Cache), false)
 4 FCPATH\index.php(55): CodeIgniter\CodeIgniter->run()
CRITICAL - 2024-08-26 17:44:12 --> Undefined property: App\Controllers\Rolespermission::$db
in APPPATH\Controllers\Rolespermission.php on line 161.
 1 APPPATH\Controllers\Rolespermission.php(161): CodeIgniter\Debug\Exceptions->errorHandler(2, 'Undefined property: App\\Controllers\\Rolespermission::$db', 'APPPATH\\Controllers\\Rolespermission.php', 161)
 2 SYSTEMPATH\CodeIgniter.php(896): App\Controllers\Rolespermission->update(null)
 3 SYSTEMPATH\CodeIgniter.php(466): CodeIgniter\CodeIgniter->runController(Object(App\Controllers\Rolespermission))
 4 SYSTEMPATH\CodeIgniter.php(349): CodeIgniter\CodeIgniter->handleRequest(null, Object(Config\Cache), false)
 5 FCPATH\index.php(55): CodeIgniter\CodeIgniter->run()
CRITICAL - 2024-08-26 17:44:16 --> Undefined property: App\Controllers\Rolespermission::$db
in APPPATH\Controllers\Rolespermission.php on line 161.
 1 APPPATH\Controllers\Rolespermission.php(161): CodeIgniter\Debug\Exceptions->errorHandler(2, 'Undefined property: App\\Controllers\\Rolespermission::$db', 'APPPATH\\Controllers\\Rolespermission.php', 161)
 2 SYSTEMPATH\CodeIgniter.php(896): App\Controllers\Rolespermission->update(null)
 3 SYSTEMPATH\CodeIgniter.php(466): CodeIgniter\CodeIgniter->runController(Object(App\Controllers\Rolespermission))
 4 SYSTEMPATH\CodeIgniter.php(349): CodeIgniter\CodeIgniter->handleRequest(null, Object(Config\Cache), false)
 5 FCPATH\index.php(55): CodeIgniter\CodeIgniter->run()
CRITICAL - 2024-08-26 17:46:28 --> Undefined property: App\Controllers\Rolespermission::$db
in APPPATH\Controllers\Rolespermission.php on line 164.
 1 APPPATH\Controllers\Rolespermission.php(164): CodeIgniter\Debug\Exceptions->errorHandler(2, 'Undefined property: App\\Controllers\\Rolespermission::$db', 'APPPATH\\Controllers\\Rolespermission.php', 164)
 2 SYSTEMPATH\CodeIgniter.php(896): App\Controllers\Rolespermission->update('[object HTMLSelectElement]')
 3 SYSTEMPATH\CodeIgniter.php(466): CodeIgniter\CodeIgniter->runController(Object(App\Controllers\Rolespermission))
 4 SYSTEMPATH\CodeIgniter.php(349): CodeIgniter\CodeIgniter->handleRequest(null, Object(Config\Cache), false)
 5 FCPATH\index.php(55): CodeIgniter\CodeIgniter->run()
CRITICAL - 2024-08-26 17:46:46 --> Undefined property: App\Controllers\Rolespermission::$db
in APPPATH\Controllers\Rolespermission.php on line 164.
 1 APPPATH\Controllers\Rolespermission.php(164): CodeIgniter\Debug\Exceptions->errorHandler(2, 'Undefined property: App\\Controllers\\Rolespermission::$db', 'APPPATH\\Controllers\\Rolespermission.php', 164)
 2 SYSTEMPATH\CodeIgniter.php(896): App\Controllers\Rolespermission->update('[object HTMLSelectElement]')
 3 SYSTEMPATH\CodeIgniter.php(466): CodeIgniter\CodeIgniter->runController(Object(App\Controllers\Rolespermission))
 4 SYSTEMPATH\CodeIgniter.php(349): CodeIgniter\CodeIgniter->handleRequest(null, Object(Config\Cache), false)
 5 FCPATH\index.php(55): CodeIgniter\CodeIgniter->run()
CRITICAL - 2024-08-26 17:48:54 --> Undefined property: App\Controllers\Rolespermission::$db
in APPPATH\Controllers\Rolespermission.php on line 164.
 1 APPPATH\Controllers\Rolespermission.php(164): CodeIgniter\Debug\Exceptions->errorHandler(2, 'Undefined property: App\\Controllers\\Rolespermission::$db', 'APPPATH\\Controllers\\Rolespermission.php', 164)
 2 SYSTEMPATH\CodeIgniter.php(896): App\Controllers\Rolespermission->update('[object HTMLSelectElement]')
 3 SYSTEMPATH\CodeIgniter.php(466): CodeIgniter\CodeIgniter->runController(Object(App\Controllers\Rolespermission))
 4 SYSTEMPATH\CodeIgniter.php(349): CodeIgniter\CodeIgniter->handleRequest(null, Object(Config\Cache), false)
 5 FCPATH\index.php(55): CodeIgniter\CodeIgniter->run()
CRITICAL - 2024-08-26 17:49:00 --> Undefined property: App\Controllers\Rolespermission::$db
in APPPATH\Controllers\Rolespermission.php on line 164.
 1 APPPATH\Controllers\Rolespermission.php(164): CodeIgniter\Debug\Exceptions->errorHandler(2, 'Undefined property: App\\Controllers\\Rolespermission::$db', 'APPPATH\\Controllers\\Rolespermission.php', 164)
 2 SYSTEMPATH\CodeIgniter.php(896): App\Controllers\Rolespermission->update('[object HTMLSelectElement]')
 3 SYSTEMPATH\CodeIgniter.php(466): CodeIgniter\CodeIgniter->runController(Object(App\Controllers\Rolespermission))
 4 SYSTEMPATH\CodeIgniter.php(349): CodeIgniter\CodeIgniter->handleRequest(null, Object(Config\Cache), false)
 5 FCPATH\index.php(55): CodeIgniter\CodeIgniter->run()
CRITICAL - 2024-08-26 17:49:51 --> Undefined property: App\Controllers\Rolespermission::$db
in APPPATH\Controllers\Rolespermission.php on line 164.
 1 APPPATH\Controllers\Rolespermission.php(164): CodeIgniter\Debug\Exceptions->errorHandler(2, 'Undefined property: App\\Controllers\\Rolespermission::$db', 'APPPATH\\Controllers\\Rolespermission.php', 164)
 2 SYSTEMPATH\CodeIgniter.php(896): App\Controllers\Rolespermission->update('[object HTMLSelectElement]')
 3 SYSTEMPATH\CodeIgniter.php(466): CodeIgniter\CodeIgniter->runController(Object(App\Controllers\Rolespermission))
 4 SYSTEMPATH\CodeIgniter.php(349): CodeIgniter\CodeIgniter->handleRequest(null, Object(Config\Cache), false)
 5 FCPATH\index.php(55): CodeIgniter\CodeIgniter->run()
CRITICAL - 2024-08-26 17:49:56 --> Undefined property: App\Controllers\Rolespermission::$db
in APPPATH\Controllers\Rolespermission.php on line 164.
 1 APPPATH\Controllers\Rolespermission.php(164): CodeIgniter\Debug\Exceptions->errorHandler(2, 'Undefined property: App\\Controllers\\Rolespermission::$db', 'APPPATH\\Controllers\\Rolespermission.php', 164)
 2 SYSTEMPATH\CodeIgniter.php(896): App\Controllers\Rolespermission->update('[object HTMLSelectElement]')
 3 SYSTEMPATH\CodeIgniter.php(466): CodeIgniter\CodeIgniter->runController(Object(App\Controllers\Rolespermission))
 4 SYSTEMPATH\CodeIgniter.php(349): CodeIgniter\CodeIgniter->handleRequest(null, Object(Config\Cache), false)
 5 FCPATH\index.php(55): CodeIgniter\CodeIgniter->run()
CRITICAL - 2024-08-26 18:11:16 --> Undefined property: App\Controllers\Rolespermission::$db
in APPPATH\Controllers\Rolespermission.php on line 154.
 1 APPPATH\Controllers\Rolespermission.php(154): CodeIgniter\Debug\Exceptions->errorHandler(2, 'Undefined property: App\\Controllers\\Rolespermission::$db', 'APPPATH\\Controllers\\Rolespermission.php', 154)
 2 SYSTEMPATH\CodeIgniter.php(896): App\Controllers\Rolespermission->update()
 3 SYSTEMPATH\CodeIgniter.php(466): CodeIgniter\CodeIgniter->runController(Object(App\Controllers\Rolespermission))
 4 SYSTEMPATH\CodeIgniter.php(349): CodeIgniter\CodeIgniter->handleRequest(null, Object(Config\Cache), false)
 5 FCPATH\index.php(55): CodeIgniter\CodeIgniter->run()
CRITICAL - 2024-08-26 18:12:35 --> Undefined property: App\Controllers\Rolespermission::$db
in APPPATH\Controllers\Rolespermission.php on line 154.
 1 APPPATH\Controllers\Rolespermission.php(154): CodeIgniter\Debug\Exceptions->errorHandler(2, 'Undefined property: App\\Controllers\\Rolespermission::$db', 'APPPATH\\Controllers\\Rolespermission.php', 154)
 2 SYSTEMPATH\CodeIgniter.php(896): App\Controllers\Rolespermission->update()
 3 SYSTEMPATH\CodeIgniter.php(466): CodeIgniter\CodeIgniter->runController(Object(App\Controllers\Rolespermission))
 4 SYSTEMPATH\CodeIgniter.php(349): CodeIgniter\CodeIgniter->handleRequest(null, Object(Config\Cache), false)
 5 FCPATH\index.php(55): CodeIgniter\CodeIgniter->run()
CRITICAL - 2024-08-26 18:12:54 --> Undefined property: App\Controllers\Rolespermission::$db
in APPPATH\Controllers\Rolespermission.php on line 154.
 1 APPPATH\Controllers\Rolespermission.php(154): CodeIgniter\Debug\Exceptions->errorHandler(2, 'Undefined property: App\\Controllers\\Rolespermission::$db', 'APPPATH\\Controllers\\Rolespermission.php', 154)
 2 SYSTEMPATH\CodeIgniter.php(896): App\Controllers\Rolespermission->update()
 3 SYSTEMPATH\CodeIgniter.php(466): CodeIgniter\CodeIgniter->runController(Object(App\Controllers\Rolespermission))
 4 SYSTEMPATH\CodeIgniter.php(349): CodeIgniter\CodeIgniter->handleRequest(null, Object(Config\Cache), false)
 5 FCPATH\index.php(55): CodeIgniter\CodeIgniter->run()
CRITICAL - 2024-08-26 18:13:04 --> Undefined property: App\Controllers\Rolespermission::$db
in APPPATH\Controllers\Rolespermission.php on line 154.
 1 APPPATH\Controllers\Rolespermission.php(154): CodeIgniter\Debug\Exceptions->errorHandler(2, 'Undefined property: App\\Controllers\\Rolespermission::$db', 'APPPATH\\Controllers\\Rolespermission.php', 154)
 2 SYSTEMPATH\CodeIgniter.php(896): App\Controllers\Rolespermission->update()
 3 SYSTEMPATH\CodeIgniter.php(466): CodeIgniter\CodeIgniter->runController(Object(App\Controllers\Rolespermission))
 4 SYSTEMPATH\CodeIgniter.php(349): CodeIgniter\CodeIgniter->handleRequest(null, Object(Config\Cache), false)
 5 FCPATH\index.php(55): CodeIgniter\CodeIgniter->run()
CRITICAL - 2024-08-26 18:14:14 --> Undefined property: App\Controllers\Rolespermission::$db
in APPPATH\Controllers\Rolespermission.php on line 173.
 1 APPPATH\Controllers\Rolespermission.php(173): CodeIgniter\Debug\Exceptions->errorHandler(2, 'Undefined property: App\\Controllers\\Rolespermission::$db', 'APPPATH\\Controllers\\Rolespermission.php', 173)
 2 SYSTEMPATH\CodeIgniter.php(896): App\Controllers\Rolespermission->update()
 3 SYSTEMPATH\CodeIgniter.php(466): CodeIgniter\CodeIgniter->runController(Object(App\Controllers\Rolespermission))
 4 SYSTEMPATH\CodeIgniter.php(349): CodeIgniter\CodeIgniter->handleRequest(null, Object(Config\Cache), false)
 5 FCPATH\index.php(55): CodeIgniter\CodeIgniter->run()
CRITICAL - 2024-08-26 18:14:20 --> Undefined property: App\Controllers\Rolespermission::$db
in APPPATH\Controllers\Rolespermission.php on line 173.
 1 APPPATH\Controllers\Rolespermission.php(173): CodeIgniter\Debug\Exceptions->errorHandler(2, 'Undefined property: App\\Controllers\\Rolespermission::$db', 'APPPATH\\Controllers\\Rolespermission.php', 173)
 2 SYSTEMPATH\CodeIgniter.php(896): App\Controllers\Rolespermission->update()
 3 SYSTEMPATH\CodeIgniter.php(466): CodeIgniter\CodeIgniter->runController(Object(App\Controllers\Rolespermission))
 4 SYSTEMPATH\CodeIgniter.php(349): CodeIgniter\CodeIgniter->handleRequest(null, Object(Config\Cache), false)
 5 FCPATH\index.php(55): CodeIgniter\CodeIgniter->run()
CRITICAL - 2024-08-26 18:15:26 --> Undefined property: App\Controllers\Rolespermission::$db
in APPPATH\Controllers\Rolespermission.php on line 173.
 1 APPPATH\Controllers\Rolespermission.php(173): CodeIgniter\Debug\Exceptions->errorHandler(2, 'Undefined property: App\\Controllers\\Rolespermission::$db', 'APPPATH\\Controllers\\Rolespermission.php', 173)
 2 SYSTEMPATH\CodeIgniter.php(896): App\Controllers\Rolespermission->update()
 3 SYSTEMPATH\CodeIgniter.php(466): CodeIgniter\CodeIgniter->runController(Object(App\Controllers\Rolespermission))
 4 SYSTEMPATH\CodeIgniter.php(349): CodeIgniter\CodeIgniter->handleRequest(null, Object(Config\Cache), false)
 5 FCPATH\index.php(55): CodeIgniter\CodeIgniter->run()
CRITICAL - 2024-08-26 18:16:54 --> Undefined property: App\Controllers\Rolespermission::$db
in APPPATH\Controllers\Rolespermission.php on line 151.
 1 APPPATH\Controllers\Rolespermission.php(151): CodeIgniter\Debug\Exceptions->errorHandler(2, 'Undefined property: App\\Controllers\\Rolespermission::$db', 'APPPATH\\Controllers\\Rolespermission.php', 151)
 2 SYSTEMPATH\CodeIgniter.php(896): App\Controllers\Rolespermission->update()
 3 SYSTEMPATH\CodeIgniter.php(466): CodeIgniter\CodeIgniter->runController(Object(App\Controllers\Rolespermission))
 4 SYSTEMPATH\CodeIgniter.php(349): CodeIgniter\CodeIgniter->handleRequest(null, Object(Config\Cache), false)
 5 FCPATH\index.php(55): CodeIgniter\CodeIgniter->run()
CRITICAL - 2024-08-26 18:18:16 --> Undefined property: App\Controllers\Rolespermission::$db
in APPPATH\Controllers\Rolespermission.php on line 151.
 1 APPPATH\Controllers\Rolespermission.php(151): CodeIgniter\Debug\Exceptions->errorHandler(2, 'Undefined property: App\\Controllers\\Rolespermission::$db', 'APPPATH\\Controllers\\Rolespermission.php', 151)
 2 SYSTEMPATH\CodeIgniter.php(896): App\Controllers\Rolespermission->update('2')
 3 SYSTEMPATH\CodeIgniter.php(466): CodeIgniter\CodeIgniter->runController(Object(App\Controllers\Rolespermission))
 4 SYSTEMPATH\CodeIgniter.php(349): CodeIgniter\CodeIgniter->handleRequest(null, Object(Config\Cache), false)
 5 FCPATH\index.php(55): CodeIgniter\CodeIgniter->run()
CRITICAL - 2024-08-26 18:23:12 --> Undefined property: App\Controllers\Rolespermission::$db
in APPPATH\Controllers\Rolespermission.php on line 151.
 1 APPPATH\Controllers\Rolespermission.php(151): CodeIgniter\Debug\Exceptions->errorHandler(2, 'Undefined property: App\\Controllers\\Rolespermission::$db', 'APPPATH\\Controllers\\Rolespermission.php', 151)
 2 SYSTEMPATH\CodeIgniter.php(896): App\Controllers\Rolespermission->update('2')
 3 SYSTEMPATH\CodeIgniter.php(466): CodeIgniter\CodeIgniter->runController(Object(App\Controllers\Rolespermission))
 4 SYSTEMPATH\CodeIgniter.php(349): CodeIgniter\CodeIgniter->handleRequest(null, Object(Config\Cache), false)
 5 FCPATH\index.php(55): CodeIgniter\CodeIgniter->run()
CRITICAL - 2024-08-26 18:38:31 --> Undefined property: App\Controllers\Rolespermission::$input
in APPPATH\Controllers\Rolespermission.php on line 130.
 1 APPPATH\Controllers\Rolespermission.php(130): CodeIgniter\Debug\Exceptions->errorHandler(2, 'Undefined property: App\\Controllers\\Rolespermission::$input', 'APPPATH\\Controllers\\Rolespermission.php', 130)
 2 SYSTEMPATH\CodeIgniter.php(896): App\Controllers\Rolespermission->update('2')
 3 SYSTEMPATH\CodeIgniter.php(466): CodeIgniter\CodeIgniter->runController(Object(App\Controllers\Rolespermission))
 4 SYSTEMPATH\CodeIgniter.php(349): CodeIgniter\CodeIgniter->handleRequest(null, Object(Config\Cache), false)
 5 FCPATH\index.php(55): CodeIgniter\CodeIgniter->run()
CRITICAL - 2024-08-26 18:44:15 --> Undefined property: App\Controllers\Rolespermission::$db
in APPPATH\Controllers\Rolespermission.php on line 139.
 1 APPPATH\Controllers\Rolespermission.php(139): CodeIgniter\Debug\Exceptions->errorHandler(2, 'Undefined property: App\\Controllers\\Rolespermission::$db', 'APPPATH\\Controllers\\Rolespermission.php', 139)
 2 SYSTEMPATH\CodeIgniter.php(896): App\Controllers\Rolespermission->update()
 3 SYSTEMPATH\CodeIgniter.php(466): CodeIgniter\CodeIgniter->runController(Object(App\Controllers\Rolespermission))
 4 SYSTEMPATH\CodeIgniter.php(349): CodeIgniter\CodeIgniter->handleRequest(null, Object(Config\Cache), false)
 5 FCPATH\index.php(55): CodeIgniter\CodeIgniter->run()
CRITICAL - 2024-08-26 18:44:45 --> Undefined property: App\Controllers\Rolespermission::$db
in APPPATH\Controllers\Rolespermission.php on line 139.
 1 APPPATH\Controllers\Rolespermission.php(139): CodeIgniter\Debug\Exceptions->errorHandler(2, 'Undefined property: App\\Controllers\\Rolespermission::$db', 'APPPATH\\Controllers\\Rolespermission.php', 139)
 2 SYSTEMPATH\CodeIgniter.php(896): App\Controllers\Rolespermission->update()
 3 SYSTEMPATH\CodeIgniter.php(466): CodeIgniter\CodeIgniter->runController(Object(App\Controllers\Rolespermission))
 4 SYSTEMPATH\CodeIgniter.php(349): CodeIgniter\CodeIgniter->handleRequest(null, Object(Config\Cache), false)
 5 FCPATH\index.php(55): CodeIgniter\CodeIgniter->run()
CRITICAL - 2024-08-26 18:45:09 --> Undefined property: App\Controllers\Rolespermission::$db
in APPPATH\Controllers\Rolespermission.php on line 139.
 1 APPPATH\Controllers\Rolespermission.php(139): CodeIgniter\Debug\Exceptions->errorHandler(2, 'Undefined property: App\\Controllers\\Rolespermission::$db', 'APPPATH\\Controllers\\Rolespermission.php', 139)
 2 SYSTEMPATH\CodeIgniter.php(896): App\Controllers\Rolespermission->update()
 3 SYSTEMPATH\CodeIgniter.php(466): CodeIgniter\CodeIgniter->runController(Object(App\Controllers\Rolespermission))
 4 SYSTEMPATH\CodeIgniter.php(349): CodeIgniter\CodeIgniter->handleRequest(null, Object(Config\Cache), false)
 5 FCPATH\index.php(55): CodeIgniter\CodeIgniter->run()
CRITICAL - 2024-08-26 18:53:24 --> Undefined property: App\Controllers\Rolespermission::$db
in APPPATH\Controllers\Rolespermission.php on line 139.
 1 APPPATH\Controllers\Rolespermission.php(139): CodeIgniter\Debug\Exceptions->errorHandler(2, 'Undefined property: App\\Controllers\\Rolespermission::$db', 'APPPATH\\Controllers\\Rolespermission.php', 139)
 2 SYSTEMPATH\CodeIgniter.php(896): App\Controllers\Rolespermission->update()
 3 SYSTEMPATH\CodeIgniter.php(466): CodeIgniter\CodeIgniter->runController(Object(App\Controllers\Rolespermission))
 4 SYSTEMPATH\CodeIgniter.php(349): CodeIgniter\CodeIgniter->handleRequest(null, Object(Config\Cache), false)
 5 FCPATH\index.php(55): CodeIgniter\CodeIgniter->run()
CRITICAL - 2024-08-26 18:53:41 --> Undefined property: App\Controllers\Rolespermission::$db
in APPPATH\Controllers\Rolespermission.php on line 139.
 1 APPPATH\Controllers\Rolespermission.php(139): CodeIgniter\Debug\Exceptions->errorHandler(2, 'Undefined property: App\\Controllers\\Rolespermission::$db', 'APPPATH\\Controllers\\Rolespermission.php', 139)
 2 SYSTEMPATH\CodeIgniter.php(896): App\Controllers\Rolespermission->update()
 3 SYSTEMPATH\CodeIgniter.php(466): CodeIgniter\CodeIgniter->runController(Object(App\Controllers\Rolespermission))
 4 SYSTEMPATH\CodeIgniter.php(349): CodeIgniter\CodeIgniter->handleRequest(null, Object(Config\Cache), false)
 5 FCPATH\index.php(55): CodeIgniter\CodeIgniter->run()
CRITICAL - 2024-08-26 18:54:50 --> Undefined property: App\Controllers\Rolespermission::$db
in APPPATH\Controllers\Rolespermission.php on line 139.
 1 APPPATH\Controllers\Rolespermission.php(139): CodeIgniter\Debug\Exceptions->errorHandler(2, 'Undefined property: App\\Controllers\\Rolespermission::$db', 'APPPATH\\Controllers\\Rolespermission.php', 139)
 2 SYSTEMPATH\CodeIgniter.php(896): App\Controllers\Rolespermission->update()
 3 SYSTEMPATH\CodeIgniter.php(466): CodeIgniter\CodeIgniter->runController(Object(App\Controllers\Rolespermission))
 4 SYSTEMPATH\CodeIgniter.php(349): CodeIgniter\CodeIgniter->handleRequest(null, Object(Config\Cache), false)
 5 FCPATH\index.php(55): CodeIgniter\CodeIgniter->run()
CRITICAL - 2024-08-26 18:57:11 --> Undefined property: App\Controllers\Rolespermission::$input
in APPPATH\Controllers\Rolespermission.php on line 130.
 1 APPPATH\Controllers\Rolespermission.php(130): CodeIgniter\Debug\Exceptions->errorHandler(2, 'Undefined property: App\\Controllers\\Rolespermission::$input', 'APPPATH\\Controllers\\Rolespermission.php', 130)
 2 SYSTEMPATH\CodeIgniter.php(896): App\Controllers\Rolespermission->update()
 3 SYSTEMPATH\CodeIgniter.php(466): CodeIgniter\CodeIgniter->runController(Object(App\Controllers\Rolespermission))
 4 SYSTEMPATH\CodeIgniter.php(349): CodeIgniter\CodeIgniter->handleRequest(null, Object(Config\Cache), false)
 5 FCPATH\index.php(55): CodeIgniter\CodeIgniter->run()
CRITICAL - 2024-08-26 18:57:32 --> Undefined property: App\Controllers\Rolespermission::$input
in APPPATH\Controllers\Rolespermission.php on line 130.
 1 APPPATH\Controllers\Rolespermission.php(130): CodeIgniter\Debug\Exceptions->errorHandler(2, 'Undefined property: App\\Controllers\\Rolespermission::$input', 'APPPATH\\Controllers\\Rolespermission.php', 130)
 2 SYSTEMPATH\CodeIgniter.php(896): App\Controllers\Rolespermission->update()
 3 SYSTEMPATH\CodeIgniter.php(466): CodeIgniter\CodeIgniter->runController(Object(App\Controllers\Rolespermission))
 4 SYSTEMPATH\CodeIgniter.php(349): CodeIgniter\CodeIgniter->handleRequest(null, Object(Config\Cache), false)
 5 FCPATH\index.php(55): CodeIgniter\CodeIgniter->run()
CRITICAL - 2024-08-26 18:59:52 --> Undefined property: App\Controllers\Rolespermission::$input
in APPPATH\Controllers\Rolespermission.php on line 130.
 1 APPPATH\Controllers\Rolespermission.php(130): CodeIgniter\Debug\Exceptions->errorHandler(2, 'Undefined property: App\\Controllers\\Rolespermission::$input', 'APPPATH\\Controllers\\Rolespermission.php', 130)
 2 SYSTEMPATH\CodeIgniter.php(896): App\Controllers\Rolespermission->update()
 3 SYSTEMPATH\CodeIgniter.php(466): CodeIgniter\CodeIgniter->runController(Object(App\Controllers\Rolespermission))
 4 SYSTEMPATH\CodeIgniter.php(349): CodeIgniter\CodeIgniter->handleRequest(null, Object(Config\Cache), false)
 5 FCPATH\index.php(55): CodeIgniter\CodeIgniter->run()
CRITICAL - 2024-08-26 19:04:00 --> Undefined property: App\Controllers\Rolespermission::$input
in APPPATH\Controllers\Rolespermission.php on line 130.
 1 APPPATH\Controllers\Rolespermission.php(130): CodeIgniter\Debug\Exceptions->errorHandler(2, 'Undefined property: App\\Controllers\\Rolespermission::$input', 'APPPATH\\Controllers\\Rolespermission.php', 130)
 2 SYSTEMPATH\CodeIgniter.php(896): App\Controllers\Rolespermission->update('2')
 3 SYSTEMPATH\CodeIgniter.php(466): CodeIgniter\CodeIgniter->runController(Object(App\Controllers\Rolespermission))
 4 SYSTEMPATH\CodeIgniter.php(349): CodeIgniter\CodeIgniter->handleRequest(null, Object(Config\Cache), false)
 5 FCPATH\index.php(55): CodeIgniter\CodeIgniter->run()
CRITICAL - 2024-08-26 19:04:06 --> Undefined property: App\Controllers\Rolespermission::$input
in APPPATH\Controllers\Rolespermission.php on line 130.
 1 APPPATH\Controllers\Rolespermission.php(130): CodeIgniter\Debug\Exceptions->errorHandler(2, 'Undefined property: App\\Controllers\\Rolespermission::$input', 'APPPATH\\Controllers\\Rolespermission.php', 130)
 2 SYSTEMPATH\CodeIgniter.php(896): App\Controllers\Rolespermission->update('2')
 3 SYSTEMPATH\CodeIgniter.php(466): CodeIgniter\CodeIgniter->runController(Object(App\Controllers\Rolespermission))
 4 SYSTEMPATH\CodeIgniter.php(349): CodeIgniter\CodeIgniter->handleRequest(null, Object(Config\Cache), false)
 5 FCPATH\index.php(55): CodeIgniter\CodeIgniter->run()
CRITICAL - 2024-08-26 19:05:54 --> Undefined property: App\Controllers\Rolespermission::$input
in APPPATH\Controllers\Rolespermission.php on line 130.
 1 APPPATH\Controllers\Rolespermission.php(130): CodeIgniter\Debug\Exceptions->errorHandler(2, 'Undefined property: App\\Controllers\\Rolespermission::$input', 'APPPATH\\Controllers\\Rolespermission.php', 130)
 2 SYSTEMPATH\CodeIgniter.php(896): App\Controllers\Rolespermission->update('2')
 3 SYSTEMPATH\CodeIgniter.php(466): CodeIgniter\CodeIgniter->runController(Object(App\Controllers\Rolespermission))
 4 SYSTEMPATH\CodeIgniter.php(349): CodeIgniter\CodeIgniter->handleRequest(null, Object(Config\Cache), false)
 5 FCPATH\index.php(55): CodeIgniter\CodeIgniter->run()
CRITICAL - 2024-08-26 19:07:47 --> Call to undefined method CodeIgniter\Database\MySQLi\Connection::where()
in APPPATH\Models\Rolespermission_model.php on line 50.
 1 APPPATH\Controllers\Rolespermission.php(143): App\Models\Rolespermission_model->update_roles_permission('Motorcycle_list', '2', '0', '0', '0', '0')
 2 SYSTEMPATH\CodeIgniter.php(896): App\Controllers\Rolespermission->update('2')
 3 SYSTEMPATH\CodeIgniter.php(466): CodeIgniter\CodeIgniter->runController(Object(App\Controllers\Rolespermission))
 4 SYSTEMPATH\CodeIgniter.php(349): CodeIgniter\CodeIgniter->handleRequest(null, Object(Config\Cache), false)
 5 FCPATH\index.php(55): CodeIgniter\CodeIgniter->run()
CRITICAL - 2024-08-26 19:13:05 --> Undefined variable $session
in APPPATH\Controllers\Rolespermission.php on line 145.
 1 APPPATH\Controllers\Rolespermission.php(145): CodeIgniter\Debug\Exceptions->errorHandler(2, 'Undefined variable $session', 'APPPATH\\Controllers\\Rolespermission.php', 145)
 2 SYSTEMPATH\CodeIgniter.php(896): App\Controllers\Rolespermission->update('2')
 3 SYSTEMPATH\CodeIgniter.php(466): CodeIgniter\CodeIgniter->runController(Object(App\Controllers\Rolespermission))
 4 SYSTEMPATH\CodeIgniter.php(349): CodeIgniter\CodeIgniter->handleRequest(null, Object(Config\Cache), false)
 5 FCPATH\index.php(55): CodeIgniter\CodeIgniter->run()
CRITICAL - 2024-08-26 20:56:27 --> Undefined constant "is_view_motorcyclelist"
in APPPATH\Views\layouts\main_sidebar.php on line 84.
 1 SYSTEMPATH\View\View.php(213): include()
 2 SYSTEMPATH\View\View.php(216): CodeIgniter\View\View->CodeIgniter\View\{closure}()
 3 SYSTEMPATH\View\View.php(429): CodeIgniter\View\View->render('layouts/main_sidebar', null, true)
 4 APPPATH\Views\pages\rolespermission.php(2): CodeIgniter\View\View->include('layouts/main_sidebar')
 5 SYSTEMPATH\View\View.php(213): include('APPPATH\\Views\\pages\\rolespermission.php')
 6 SYSTEMPATH\View\View.php(216): CodeIgniter\View\View->CodeIgniter\View\{closure}()
 7 SYSTEMPATH\Common.php(1135): CodeIgniter\View\View->render('pages/rolespermission', [], true)
 8 APPPATH\Controllers\Rolespermission.php(33): view('pages/rolespermission', [...])
 9 SYSTEMPATH\CodeIgniter.php(896): App\Controllers\Rolespermission->index()
10 SYSTEMPATH\CodeIgniter.php(466): CodeIgniter\CodeIgniter->runController(Object(App\Controllers\Rolespermission))
11 SYSTEMPATH\CodeIgniter.php(349): CodeIgniter\CodeIgniter->handleRequest(null, Object(Config\Cache), false)
12 FCPATH\index.php(55): CodeIgniter\CodeIgniter->run()
CRITICAL - 2024-08-26 20:57:10 --> Undefined constant "is_view_motorcyclelist"
in APPPATH\Views\layouts\main_sidebar.php on line 84.
 1 SYSTEMPATH\View\View.php(213): include()
 2 SYSTEMPATH\View\View.php(216): CodeIgniter\View\View->CodeIgniter\View\{closure}()
 3 SYSTEMPATH\View\View.php(429): CodeIgniter\View\View->render('layouts/main_sidebar', null, true)
 4 APPPATH\Views\pages\rolespermission.php(2): CodeIgniter\View\View->include('layouts/main_sidebar')
 5 SYSTEMPATH\View\View.php(213): include('APPPATH\\Views\\pages\\rolespermission.php')
 6 SYSTEMPATH\View\View.php(216): CodeIgniter\View\View->CodeIgniter\View\{closure}()
 7 SYSTEMPATH\Common.php(1135): CodeIgniter\View\View->render('pages/rolespermission', [], true)
 8 APPPATH\Controllers\Rolespermission.php(33): view('pages/rolespermission', [...])
 9 SYSTEMPATH\CodeIgniter.php(896): App\Controllers\Rolespermission->index()
10 SYSTEMPATH\CodeIgniter.php(466): CodeIgniter\CodeIgniter->runController(Object(App\Controllers\Rolespermission))
11 SYSTEMPATH\CodeIgniter.php(349): CodeIgniter\CodeIgniter->handleRequest(null, Object(Config\Cache), false)
12 FCPATH\index.php(55): CodeIgniter\CodeIgniter->run()
CRITICAL - 2024-08-26 21:10:46 --> Undefined variable $is_add_Motorcycle_list
in APPPATH\Views\pages\motorcyclelist.php on line 37.
 1 APPPATH\Views\pages\motorcyclelist.php(37): CodeIgniter\Debug\Exceptions->errorHandler(2, 'Undefined variable $is_add_Motorcycle_list', 'APPPATH\\Views\\pages\\motorcyclelist.php', 37)
 2 SYSTEMPATH\View\View.php(213): include('APPPATH\\Views\\pages\\motorcyclelist.php')
 3 SYSTEMPATH\View\View.php(216): CodeIgniter\View\View->CodeIgniter\View\{closure}()
 4 SYSTEMPATH\Common.php(1135): CodeIgniter\View\View->render('pages/motorcyclelist', [], true)
 5 APPPATH\Controllers\Motorcyclelist.php(25): view('pages/motorcyclelist', [...])
 6 SYSTEMPATH\CodeIgniter.php(896): App\Controllers\Motorcyclelist->index()
 7 SYSTEMPATH\CodeIgniter.php(466): CodeIgniter\CodeIgniter->runController(Object(App\Controllers\Motorcyclelist))
 8 SYSTEMPATH\CodeIgniter.php(349): CodeIgniter\CodeIgniter->handleRequest(null, Object(Config\Cache), false)
 9 FCPATH\index.php(55): CodeIgniter\CodeIgniter->run()
CRITICAL - 2024-08-26 21:10:57 --> Undefined variable $is_add_Motorcycle_list
in APPPATH\Views\pages\motorcyclelist.php on line 37.
 1 APPPATH\Views\pages\motorcyclelist.php(37): CodeIgniter\Debug\Exceptions->errorHandler(2, 'Undefined variable $is_add_Motorcycle_list', 'APPPATH\\Views\\pages\\motorcyclelist.php', 37)
 2 SYSTEMPATH\View\View.php(213): include('APPPATH\\Views\\pages\\motorcyclelist.php')
 3 SYSTEMPATH\View\View.php(216): CodeIgniter\View\View->CodeIgniter\View\{closure}()
 4 SYSTEMPATH\Common.php(1135): CodeIgniter\View\View->render('pages/motorcyclelist', [], true)
 5 APPPATH\Controllers\Motorcyclelist.php(25): view('pages/motorcyclelist', [...])
 6 SYSTEMPATH\CodeIgniter.php(896): App\Controllers\Motorcyclelist->index()
 7 SYSTEMPATH\CodeIgniter.php(466): CodeIgniter\CodeIgniter->runController(Object(App\Controllers\Motorcyclelist))
 8 SYSTEMPATH\CodeIgniter.php(349): CodeIgniter\CodeIgniter->handleRequest(null, Object(Config\Cache), false)
 9 FCPATH\index.php(55): CodeIgniter\CodeIgniter->run()
CRITICAL - 2024-08-26 21:11:19 --> Undefined variable $is_add_motorcycle_list
in APPPATH\Views\pages\motorcyclelist.php on line 37.
 1 APPPATH\Views\pages\motorcyclelist.php(37): CodeIgniter\Debug\Exceptions->errorHandler(2, 'Undefined variable $is_add_motorcycle_list', 'APPPATH\\Views\\pages\\motorcyclelist.php', 37)
 2 SYSTEMPATH\View\View.php(213): include('APPPATH\\Views\\pages\\motorcyclelist.php')
 3 SYSTEMPATH\View\View.php(216): CodeIgniter\View\View->CodeIgniter\View\{closure}()
 4 SYSTEMPATH\Common.php(1135): CodeIgniter\View\View->render('pages/motorcyclelist', [], true)
 5 APPPATH\Controllers\Motorcyclelist.php(25): view('pages/motorcyclelist', [...])
 6 SYSTEMPATH\CodeIgniter.php(896): App\Controllers\Motorcyclelist->index()
 7 SYSTEMPATH\CodeIgniter.php(466): CodeIgniter\CodeIgniter->runController(Object(App\Controllers\Motorcyclelist))
 8 SYSTEMPATH\CodeIgniter.php(349): CodeIgniter\CodeIgniter->handleRequest(null, Object(Config\Cache), false)
 9 FCPATH\index.php(55): CodeIgniter\CodeIgniter->run()
CRITICAL - 2024-08-26 21:11:49 --> Undefined variable $is_add_motorcyclelist
in APPPATH\Views\pages\motorcyclelist.php on line 37.
 1 APPPATH\Views\pages\motorcyclelist.php(37): CodeIgniter\Debug\Exceptions->errorHandler(2, 'Undefined variable $is_add_motorcyclelist', 'APPPATH\\Views\\pages\\motorcyclelist.php', 37)
 2 SYSTEMPATH\View\View.php(213): include('APPPATH\\Views\\pages\\motorcyclelist.php')
 3 SYSTEMPATH\View\View.php(216): CodeIgniter\View\View->CodeIgniter\View\{closure}()
 4 SYSTEMPATH\Common.php(1135): CodeIgniter\View\View->render('pages/motorcyclelist', [], true)
 5 APPPATH\Controllers\Motorcyclelist.php(25): view('pages/motorcyclelist', [...])
 6 SYSTEMPATH\CodeIgniter.php(896): App\Controllers\Motorcyclelist->index()
 7 SYSTEMPATH\CodeIgniter.php(466): CodeIgniter\CodeIgniter->runController(Object(App\Controllers\Motorcyclelist))
 8 SYSTEMPATH\CodeIgniter.php(349): CodeIgniter\CodeIgniter->handleRequest(null, Object(Config\Cache), false)
 9 FCPATH\index.php(55): CodeIgniter\CodeIgniter->run()
CRITICAL - 2024-08-26 21:12:27 --> Undefined variable $is_add_motorcyclelist
in APPPATH\Views\pages\motorcyclelist.php on line 37.
 1 APPPATH\Views\pages\motorcyclelist.php(37): CodeIgniter\Debug\Exceptions->errorHandler(2, 'Undefined variable $is_add_motorcyclelist', 'APPPATH\\Views\\pages\\motorcyclelist.php', 37)
 2 SYSTEMPATH\View\View.php(213): include('APPPATH\\Views\\pages\\motorcyclelist.php')
 3 SYSTEMPATH\View\View.php(216): CodeIgniter\View\View->CodeIgniter\View\{closure}()
 4 SYSTEMPATH\Common.php(1135): CodeIgniter\View\View->render('pages/motorcyclelist', [], true)
 5 APPPATH\Controllers\Motorcyclelist.php(25): view('pages/motorcyclelist', [...])
 6 SYSTEMPATH\CodeIgniter.php(896): App\Controllers\Motorcyclelist->index()
 7 SYSTEMPATH\CodeIgniter.php(466): CodeIgniter\CodeIgniter->runController(Object(App\Controllers\Motorcyclelist))
 8 SYSTEMPATH\CodeIgniter.php(349): CodeIgniter\CodeIgniter->handleRequest(null, Object(Config\Cache), false)
 9 FCPATH\index.php(55): CodeIgniter\CodeIgniter->run()
CRITICAL - 2024-08-26 21:13:00 --> Undefined variable $is_add_motorcyclelist
in APPPATH\Views\pages\motorcyclelist.php on line 37.
 1 APPPATH\Views\pages\motorcyclelist.php(37): CodeIgniter\Debug\Exceptions->errorHandler(2, 'Undefined variable $is_add_motorcyclelist', 'APPPATH\\Views\\pages\\motorcyclelist.php', 37)
 2 SYSTEMPATH\View\View.php(213): include('APPPATH\\Views\\pages\\motorcyclelist.php')
 3 SYSTEMPATH\View\View.php(216): CodeIgniter\View\View->CodeIgniter\View\{closure}()
 4 SYSTEMPATH\Common.php(1135): CodeIgniter\View\View->render('pages/motorcyclelist', [], true)
 5 APPPATH\Controllers\Motorcyclelist.php(25): view('pages/motorcyclelist', [...])
 6 SYSTEMPATH\CodeIgniter.php(896): App\Controllers\Motorcyclelist->index()
 7 SYSTEMPATH\CodeIgniter.php(466): CodeIgniter\CodeIgniter->runController(Object(App\Controllers\Motorcyclelist))
 8 SYSTEMPATH\CodeIgniter.php(349): CodeIgniter\CodeIgniter->handleRequest(null, Object(Config\Cache), false)
 9 FCPATH\index.php(55): CodeIgniter\CodeIgniter->run()
CRITICAL - 2024-08-26 21:13:06 --> Undefined variable $is_add_motorcyclelist
in APPPATH\Views\pages\motorcyclelist.php on line 37.
 1 APPPATH\Views\pages\motorcyclelist.php(37): CodeIgniter\Debug\Exceptions->errorHandler(2, 'Undefined variable $is_add_motorcyclelist', 'APPPATH\\Views\\pages\\motorcyclelist.php', 37)
 2 SYSTEMPATH\View\View.php(213): include('APPPATH\\Views\\pages\\motorcyclelist.php')
 3 SYSTEMPATH\View\View.php(216): CodeIgniter\View\View->CodeIgniter\View\{closure}()
 4 SYSTEMPATH\Common.php(1135): CodeIgniter\View\View->render('pages/motorcyclelist', [], true)
 5 APPPATH\Controllers\Motorcyclelist.php(25): view('pages/motorcyclelist', [...])
 6 SYSTEMPATH\CodeIgniter.php(896): App\Controllers\Motorcyclelist->index()
 7 SYSTEMPATH\CodeIgniter.php(466): CodeIgniter\CodeIgniter->runController(Object(App\Controllers\Motorcyclelist))
 8 SYSTEMPATH\CodeIgniter.php(349): CodeIgniter\CodeIgniter->handleRequest(null, Object(Config\Cache), false)
 9 FCPATH\index.php(55): CodeIgniter\CodeIgniter->run()
CRITICAL - 2024-08-26 21:13:35 --> Undefined variable $is_view_motorcyclelist
in APPPATH\Views\pages\motorcyclelist.php on line 37.
 1 APPPATH\Views\pages\motorcyclelist.php(37): CodeIgniter\Debug\Exceptions->errorHandler(2, 'Undefined variable $is_view_motorcyclelist', 'APPPATH\\Views\\pages\\motorcyclelist.php', 37)
 2 SYSTEMPATH\View\View.php(213): include('APPPATH\\Views\\pages\\motorcyclelist.php')
 3 SYSTEMPATH\View\View.php(216): CodeIgniter\View\View->CodeIgniter\View\{closure}()
 4 SYSTEMPATH\Common.php(1135): CodeIgniter\View\View->render('pages/motorcyclelist', [], true)
 5 APPPATH\Controllers\Motorcyclelist.php(25): view('pages/motorcyclelist', [...])
 6 SYSTEMPATH\CodeIgniter.php(896): App\Controllers\Motorcyclelist->index()
 7 SYSTEMPATH\CodeIgniter.php(466): CodeIgniter\CodeIgniter->runController(Object(App\Controllers\Motorcyclelist))
 8 SYSTEMPATH\CodeIgniter.php(349): CodeIgniter\CodeIgniter->handleRequest(null, Object(Config\Cache), false)
 9 FCPATH\index.php(55): CodeIgniter\CodeIgniter->run()
CRITICAL - 2024-08-26 21:13:45 --> Undefined variable $is_view_motorcyclelist
in APPPATH\Views\pages\motorcyclelist.php on line 37.
 1 APPPATH\Views\pages\motorcyclelist.php(37): CodeIgniter\Debug\Exceptions->errorHandler(2, 'Undefined variable $is_view_motorcyclelist', 'APPPATH\\Views\\pages\\motorcyclelist.php', 37)
 2 SYSTEMPATH\View\View.php(213): include('APPPATH\\Views\\pages\\motorcyclelist.php')
 3 SYSTEMPATH\View\View.php(216): CodeIgniter\View\View->CodeIgniter\View\{closure}()
 4 SYSTEMPATH\Common.php(1135): CodeIgniter\View\View->render('pages/motorcyclelist', [], true)
 5 APPPATH\Controllers\Motorcyclelist.php(25): view('pages/motorcyclelist', [...])
 6 SYSTEMPATH\CodeIgniter.php(896): App\Controllers\Motorcyclelist->index()
 7 SYSTEMPATH\CodeIgniter.php(466): CodeIgniter\CodeIgniter->runController(Object(App\Controllers\Motorcyclelist))
 8 SYSTEMPATH\CodeIgniter.php(349): CodeIgniter\CodeIgniter->handleRequest(null, Object(Config\Cache), false)
 9 FCPATH\index.php(55): CodeIgniter\CodeIgniter->run()
CRITICAL - 2024-08-26 21:15:00 --> include(layouts/add_script.php): Failed to open stream: No such file or directory
in APPPATH\Views\pages\motorcyclelist.php on line 3.
 1 APPPATH\Views\pages\motorcyclelist.php(3): CodeIgniter\Debug\Exceptions->errorHandler(2, 'include(layouts/add_script.php): Failed to open stream: No such file or directory', 'APPPATH\\Views\\pages\\motorcyclelist.php', 3)
 2 APPPATH\Views\pages\motorcyclelist.php(3): include()
 3 SYSTEMPATH\View\View.php(213): include('APPPATH\\Views\\pages\\motorcyclelist.php')
 4 SYSTEMPATH\View\View.php(216): CodeIgniter\View\View->CodeIgniter\View\{closure}()
 5 SYSTEMPATH\Common.php(1135): CodeIgniter\View\View->render('pages/motorcyclelist', [], true)
 6 APPPATH\Controllers\Motorcyclelist.php(25): view('pages/motorcyclelist', [...])
 7 SYSTEMPATH\CodeIgniter.php(896): App\Controllers\Motorcyclelist->index()
 8 SYSTEMPATH\CodeIgniter.php(466): CodeIgniter\CodeIgniter->runController(Object(App\Controllers\Motorcyclelist))
 9 SYSTEMPATH\CodeIgniter.php(349): CodeIgniter\CodeIgniter->handleRequest(null, Object(Config\Cache), false)
10 FCPATH\index.php(55): CodeIgniter\CodeIgniter->run()
CRITICAL - 2024-08-26 21:16:30 --> include(./application/views/layouts/add_script.php): Failed to open stream: No such file or directory
in APPPATH\Views\pages\motorcyclelist.php on line 3.
 1 APPPATH\Views\pages\motorcyclelist.php(3): CodeIgniter\Debug\Exceptions->errorHandler(2, 'include(./application/views/layouts/add_script.php): Failed to open stream: No such file or directory', 'APPPATH\\Views\\pages\\motorcyclelist.php', 3)
 2 APPPATH\Views\pages\motorcyclelist.php(3): include()
 3 SYSTEMPATH\View\View.php(213): include('APPPATH\\Views\\pages\\motorcyclelist.php')
 4 SYSTEMPATH\View\View.php(216): CodeIgniter\View\View->CodeIgniter\View\{closure}()
 5 SYSTEMPATH\Common.php(1135): CodeIgniter\View\View->render('pages/motorcyclelist', [], true)
 6 APPPATH\Controllers\Motorcyclelist.php(25): view('pages/motorcyclelist', [...])
 7 SYSTEMPATH\CodeIgniter.php(896): App\Controllers\Motorcyclelist->index()
 8 SYSTEMPATH\CodeIgniter.php(466): CodeIgniter\CodeIgniter->runController(Object(App\Controllers\Motorcyclelist))
 9 SYSTEMPATH\CodeIgniter.php(349): CodeIgniter\CodeIgniter->handleRequest(null, Object(Config\Cache), false)
10 FCPATH\index.php(55): CodeIgniter\CodeIgniter->run()
CRITICAL - 2024-08-26 21:16:31 --> include(./application/views/layouts/add_script.php): Failed to open stream: No such file or directory
in APPPATH\Views\pages\motorcyclelist.php on line 3.
 1 APPPATH\Views\pages\motorcyclelist.php(3): CodeIgniter\Debug\Exceptions->errorHandler(2, 'include(./application/views/layouts/add_script.php): Failed to open stream: No such file or directory', 'APPPATH\\Views\\pages\\motorcyclelist.php', 3)
 2 APPPATH\Views\pages\motorcyclelist.php(3): include()
 3 SYSTEMPATH\View\View.php(213): include('APPPATH\\Views\\pages\\motorcyclelist.php')
 4 SYSTEMPATH\View\View.php(216): CodeIgniter\View\View->CodeIgniter\View\{closure}()
 5 SYSTEMPATH\Common.php(1135): CodeIgniter\View\View->render('pages/motorcyclelist', [], true)
 6 APPPATH\Controllers\Motorcyclelist.php(25): view('pages/motorcyclelist', [...])
 7 SYSTEMPATH\CodeIgniter.php(896): App\Controllers\Motorcyclelist->index()
 8 SYSTEMPATH\CodeIgniter.php(466): CodeIgniter\CodeIgniter->runController(Object(App\Controllers\Motorcyclelist))
 9 SYSTEMPATH\CodeIgniter.php(349): CodeIgniter\CodeIgniter->handleRequest(null, Object(Config\Cache), false)
10 FCPATH\index.php(55): CodeIgniter\CodeIgniter->run()
CRITICAL - 2024-08-26 21:16:32 --> include(./application/views/layouts/add_script.php): Failed to open stream: No such file or directory
in APPPATH\Views\pages\motorcyclelist.php on line 3.
 1 APPPATH\Views\pages\motorcyclelist.php(3): CodeIgniter\Debug\Exceptions->errorHandler(2, 'include(./application/views/layouts/add_script.php): Failed to open stream: No such file or directory', 'APPPATH\\Views\\pages\\motorcyclelist.php', 3)
 2 APPPATH\Views\pages\motorcyclelist.php(3): include()
 3 SYSTEMPATH\View\View.php(213): include('APPPATH\\Views\\pages\\motorcyclelist.php')
 4 SYSTEMPATH\View\View.php(216): CodeIgniter\View\View->CodeIgniter\View\{closure}()
 5 SYSTEMPATH\Common.php(1135): CodeIgniter\View\View->render('pages/motorcyclelist', [], true)
 6 APPPATH\Controllers\Motorcyclelist.php(25): view('pages/motorcyclelist', [...])
 7 SYSTEMPATH\CodeIgniter.php(896): App\Controllers\Motorcyclelist->index()
 8 SYSTEMPATH\CodeIgniter.php(466): CodeIgniter\CodeIgniter->runController(Object(App\Controllers\Motorcyclelist))
 9 SYSTEMPATH\CodeIgniter.php(349): CodeIgniter\CodeIgniter->handleRequest(null, Object(Config\Cache), false)
10 FCPATH\index.php(55): CodeIgniter\CodeIgniter->run()
CRITICAL - 2024-08-26 21:48:00 --> Undefined property: App\Controllers\Motorcyclelist::$db
in APPPATH\Controllers\Motorcyclelist.php on line 26.
 1 APPPATH\Controllers\Motorcyclelist.php(26): CodeIgniter\Debug\Exceptions->errorHandler(2, 'Undefined property: App\\Controllers\\Motorcyclelist::$db', 'APPPATH\\Controllers\\Motorcyclelist.php', 26)
 2 SYSTEMPATH\CodeIgniter.php(896): App\Controllers\Motorcyclelist->index()
 3 SYSTEMPATH\CodeIgniter.php(466): CodeIgniter\CodeIgniter->runController(Object(App\Controllers\Motorcyclelist))
 4 SYSTEMPATH\CodeIgniter.php(349): CodeIgniter\CodeIgniter->handleRequest(null, Object(Config\Cache), false)
 5 FCPATH\index.php(55): CodeIgniter\CodeIgniter->run()
CRITICAL - 2024-08-26 21:51:36 --> Undefined property: App\Controllers\Motorcyclelist::$db
in APPPATH\Controllers\Motorcyclelist.php on line 27.
 1 APPPATH\Controllers\Motorcyclelist.php(27): CodeIgniter\Debug\Exceptions->errorHandler(2, 'Undefined property: App\\Controllers\\Motorcyclelist::$db', 'APPPATH\\Controllers\\Motorcyclelist.php', 27)
 2 SYSTEMPATH\CodeIgniter.php(896): App\Controllers\Motorcyclelist->index()
 3 SYSTEMPATH\CodeIgniter.php(466): CodeIgniter\CodeIgniter->runController(Object(App\Controllers\Motorcyclelist))
 4 SYSTEMPATH\CodeIgniter.php(349): CodeIgniter\CodeIgniter->handleRequest(null, Object(Config\Cache), false)
 5 FCPATH\index.php(55): CodeIgniter\CodeIgniter->run()
CRITICAL - 2024-08-26 21:52:24 --> Creation of dynamic property App\Controllers\Motorcyclelist::$db is deprecated
in APPPATH\Controllers\Motorcyclelist.php on line 19.
 1 APPPATH\Controllers\Motorcyclelist.php(19): CodeIgniter\Debug\Exceptions->errorHandler(8192, 'Creation of dynamic property App\\Controllers\\Motorcyclelist::$db is deprecated', 'APPPATH\\Controllers\\Motorcyclelist.php', 19)
 2 SYSTEMPATH\CodeIgniter.php(858): App\Controllers\Motorcyclelist->__construct()
 3 SYSTEMPATH\CodeIgniter.php(457): CodeIgniter\CodeIgniter->createController()
 4 SYSTEMPATH\CodeIgniter.php(349): CodeIgniter\CodeIgniter->handleRequest(null, Object(Config\Cache), false)
 5 FCPATH\index.php(55): CodeIgniter\CodeIgniter->run()
CRITICAL - 2024-08-26 21:53:27 --> Call to undefined method CodeIgniter\Database\MySQLi\Connection::get_where()
in APPPATH\Controllers\Motorcyclelist.php on line 29.
 1 SYSTEMPATH\CodeIgniter.php(896): App\Controllers\Motorcyclelist->index()
 2 SYSTEMPATH\CodeIgniter.php(466): CodeIgniter\CodeIgniter->runController(Object(App\Controllers\Motorcyclelist))
 3 SYSTEMPATH\CodeIgniter.php(349): CodeIgniter\CodeIgniter->handleRequest(null, Object(Config\Cache), false)
 4 FCPATH\index.php(55): CodeIgniter\CodeIgniter->run()
CRITICAL - 2024-08-26 21:54:02 --> Call to undefined method CodeIgniter\Database\MySQLi\Connection::get_where()
in APPPATH\Controllers\Motorcyclelist.php on line 28.
 1 SYSTEMPATH\CodeIgniter.php(896): App\Controllers\Motorcyclelist->index()
 2 SYSTEMPATH\CodeIgniter.php(466): CodeIgniter\CodeIgniter->runController(Object(App\Controllers\Motorcyclelist))
 3 SYSTEMPATH\CodeIgniter.php(349): CodeIgniter\CodeIgniter->handleRequest(null, Object(Config\Cache), false)
 4 FCPATH\index.php(55): CodeIgniter\CodeIgniter->run()
ERROR - 2024-08-26 21:55:06 --> Unknown column 'role_name' in 'where clause'
CRITICAL - 2024-08-26 21:55:06 --> Unknown column 'role_name' in 'where clause'
in SYSTEMPATH\Database\MySQLi\Connection.php on line 292.
 1 SYSTEMPATH\Database\MySQLi\Connection.php(292): mysqli->query('SELECT *
FROM `tbl_roles_permission`
WHERE `page_name` = \'roles_permission\'
AND `role_name` = \'1\'', 0)
 2 SYSTEMPATH\Database\BaseConnection.php(695): CodeIgniter\Database\MySQLi\Connection->execute('SELECT *
FROM `tbl_roles_permission`
WHERE `page_name` = \'roles_permission\'
AND `role_name` = \'1\'')
 3 SYSTEMPATH\Database\BaseConnection.php(609): CodeIgniter\Database\BaseConnection->simpleQuery('SELECT *
FROM `tbl_roles_permission`
WHERE `page_name` = \'roles_permission\'
AND `role_name` = \'1\'')
 4 SYSTEMPATH\Database\BaseBuilder.php(1718): CodeIgniter\Database\BaseConnection->query('SELECT *
FROM `tbl_roles_permission`
WHERE `page_name` = :page_name:
AND `role_name` = :role_name:', [...], false)
 5 APPPATH\Controllers\Motorcyclelist.php(29): CodeIgniter\Database\BaseBuilder->getWhere([...])
 6 SYSTEMPATH\CodeIgniter.php(896): App\Controllers\Motorcyclelist->index()
 7 SYSTEMPATH\CodeIgniter.php(466): CodeIgniter\CodeIgniter->runController(Object(App\Controllers\Motorcyclelist))
 8 SYSTEMPATH\CodeIgniter.php(349): CodeIgniter\CodeIgniter->handleRequest(null, Object(Config\Cache), false)
 9 FCPATH\index.php(55): CodeIgniter\CodeIgniter->run()
CRITICAL - 2024-08-26 21:56:16 --> Invalid file: errors/error_404.php
in SYSTEMPATH\Exceptions\FrameworkException.php on line 33.
 1 SYSTEMPATH\View\View.php(201): CodeIgniter\Exceptions\FrameworkException::forInvalidFile('errors/error_404.php')
 2 SYSTEMPATH\Common.php(1135): CodeIgniter\View\View->render('errors/error_404', [], true)
 3 APPPATH\Controllers\Motorcyclelist.php(43): view('errors/error_404')
 4 SYSTEMPATH\CodeIgniter.php(896): App\Controllers\Motorcyclelist->index()
 5 SYSTEMPATH\CodeIgniter.php(466): CodeIgniter\CodeIgniter->runController(Object(App\Controllers\Motorcyclelist))
 6 SYSTEMPATH\CodeIgniter.php(349): CodeIgniter\CodeIgniter->handleRequest(null, Object(Config\Cache), false)
 7 FCPATH\index.php(55): CodeIgniter\CodeIgniter->run()
