CRITICAL - 2024-09-07 17:01:42 --> Undefined variable $session
in APPPATH\Controllers\Main.php on line 28.
 1 APPPATH\Controllers\Main.php(28): CodeIgniter\Debug\Exceptions->errorHandler(2, 'Undefined variable $session', 'APPPATH\\Controllers\\Main.php', 28)
 2 SYSTEMPATH\CodeIgniter.php(896): App\Controllers\Main->index()
 3 SYSTEMPATH\CodeIgniter.php(466): CodeIgniter\CodeIgniter->runController(Object(App\Controllers\Main))
 4 SYSTEMPATH\CodeIgniter.php(349): CodeIgniter\CodeIgniter->handleRequest(null, Object(Config\Cache), false)
 5 FCPATH\index.php(55): CodeIgniter\CodeIgniter->run()
CRITICAL - 2024-09-07 17:52:21 --> strlen(): Passing null to parameter #1 ($string) of type string is deprecated
in APPPATH\Controllers\Main.php on line 54.
 1 [internal function]: CodeIgniter\Debug\Exceptions->errorHandler(8192, 'strlen(): Passing null to parameter #1 ($string) of type string is deprecated', 'APPPATH\\Controllers\\Main.php', 54)
 2 APPPATH\Controllers\Main.php(54): strlen(null)
 3 SYSTEMPATH\CodeIgniter.php(896): App\Controllers\Main->changepassword()
 4 SYSTEMPATH\CodeIgniter.php(466): CodeIgniter\CodeIgniter->runController(Object(App\Controllers\Main))
 5 SYSTEMPATH\CodeIgniter.php(349): CodeIgniter\CodeIgniter->handleRequest(null, Object(Config\Cache), false)
 6 FCPATH\index.php(55): CodeIgniter\CodeIgniter->run()
CRITICAL - 2024-09-07 18:19:15 --> Class "App\Controllers\Auth" not found
in APPPATH\Controllers\Main.php on line 63.
 1 SYSTEMPATH\CodeIgniter.php(896): App\Controllers\Main->changepassword()
 2 SYSTEMPATH\CodeIgniter.php(466): CodeIgniter\CodeIgniter->runController(Object(App\Controllers\Main))
 3 SYSTEMPATH\CodeIgniter.php(349): CodeIgniter\CodeIgniter->handleRequest(null, Object(Config\Cache), false)
 4 FCPATH\index.php(55): CodeIgniter\CodeIgniter->run()
CRITICAL - 2024-09-07 18:20:58 --> Declaration of App\Models\Auth::find($id) must be compatible with CodeIgniter\BaseModel::find($id = null)
in APPPATH\Models\Auth.php on line 13.
 1 [internal function]: CodeIgniter\Debug\Exceptions->shutdownHandler()
CRITICAL - 2024-09-07 19:03:05 --> password_verify(): Passing null to parameter #2 ($hash) of type string is deprecated
in APPPATH\Controllers\Main.php on line 94.
 1 [internal function]: CodeIgniter\Debug\Exceptions->errorHandler(8192, 'password_verify(): Passing null to parameter #2 ($hash) of type string is deprecated', 'APPPATH\\Controllers\\Main.php', 94)
 2 APPPATH\Controllers\Main.php(94): password_verify(Object(SensitiveParameterValue), null)
 3 SYSTEMPATH\CodeIgniter.php(896): App\Controllers\Main->changepassword()
 4 SYSTEMPATH\CodeIgniter.php(466): CodeIgniter\CodeIgniter->runController(Object(App\Controllers\Main))
 5 SYSTEMPATH\CodeIgniter.php(349): CodeIgniter\CodeIgniter->handleRequest(null, Object(Config\Cache), false)
 6 FCPATH\index.php(55): CodeIgniter\CodeIgniter->run()
CRITICAL - 2024-09-07 19:23:04 --> strtotime(): Passing null to parameter #1 ($datetime) of type string is deprecated
in APPPATH\Controllers\Main.php on line 31.
 1 [internal function]: CodeIgniter\Debug\Exceptions->errorHandler(8192, 'strtotime(): Passing null to parameter #1 ($datetime) of type string is deprecated', 'APPPATH\\Controllers\\Main.php', 31)
 2 APPPATH\Controllers\Main.php(31): strtotime(null)
 3 SYSTEMPATH\CodeIgniter.php(896): App\Controllers\Main->index()
 4 SYSTEMPATH\CodeIgniter.php(466): CodeIgniter\CodeIgniter->runController(Object(App\Controllers\Main))
 5 SYSTEMPATH\CodeIgniter.php(349): CodeIgniter\CodeIgniter->handleRequest(null, Object(Config\Cache), false)
 6 FCPATH\index.php(55): CodeIgniter\CodeIgniter->run()
CRITICAL - 2024-09-07 19:24:03 --> strtotime(): Passing null to parameter #1 ($datetime) of type string is deprecated
in APPPATH\Controllers\Main.php on line 31.
 1 [internal function]: CodeIgniter\Debug\Exceptions->errorHandler(8192, 'strtotime(): Passing null to parameter #1 ($datetime) of type string is deprecated', 'APPPATH\\Controllers\\Main.php', 31)
 2 APPPATH\Controllers\Main.php(31): strtotime(null)
 3 SYSTEMPATH\CodeIgniter.php(896): App\Controllers\Main->index()
 4 SYSTEMPATH\CodeIgniter.php(466): CodeIgniter\CodeIgniter->runController(Object(App\Controllers\Main))
 5 SYSTEMPATH\CodeIgniter.php(349): CodeIgniter\CodeIgniter->handleRequest(null, Object(Config\Cache), false)
 6 FCPATH\index.php(55): CodeIgniter\CodeIgniter->run()
CRITICAL - 2024-09-07 19:24:06 --> strtotime(): Passing null to parameter #1 ($datetime) of type string is deprecated
in APPPATH\Controllers\Main.php on line 31.
 1 [internal function]: CodeIgniter\Debug\Exceptions->errorHandler(8192, 'strtotime(): Passing null to parameter #1 ($datetime) of type string is deprecated', 'APPPATH\\Controllers\\Main.php', 31)
 2 APPPATH\Controllers\Main.php(31): strtotime(null)
 3 SYSTEMPATH\CodeIgniter.php(896): App\Controllers\Main->index()
 4 SYSTEMPATH\CodeIgniter.php(466): CodeIgniter\CodeIgniter->runController(Object(App\Controllers\Main))
 5 SYSTEMPATH\CodeIgniter.php(349): CodeIgniter\CodeIgniter->handleRequest(null, Object(Config\Cache), false)
 6 FCPATH\index.php(55): CodeIgniter\CodeIgniter->run()
CRITICAL - 2024-09-07 19:29:34 --> Class "App\Controllers\DateTime" not found
in APPPATH\Controllers\Main.php on line 34.
 1 SYSTEMPATH\CodeIgniter.php(896): App\Controllers\Main->index()
 2 SYSTEMPATH\CodeIgniter.php(466): CodeIgniter\CodeIgniter->runController(Object(App\Controllers\Main))
 3 SYSTEMPATH\CodeIgniter.php(349): CodeIgniter\CodeIgniter->handleRequest(null, Object(Config\Cache), false)
 4 FCPATH\index.php(55): CodeIgniter\CodeIgniter->run()
CRITICAL - 2024-09-07 19:31:12 --> Class "App\Controllers\DateTime" not found
in APPPATH\Controllers\Main.php on line 44.
 1 SYSTEMPATH\CodeIgniter.php(896): App\Controllers\Main->index()
 2 SYSTEMPATH\CodeIgniter.php(466): CodeIgniter\CodeIgniter->runController(Object(App\Controllers\Main))
 3 SYSTEMPATH\CodeIgniter.php(349): CodeIgniter\CodeIgniter->handleRequest(null, Object(Config\Cache), false)
 4 FCPATH\index.php(55): CodeIgniter\CodeIgniter->run()
CRITICAL - 2024-09-07 19:45:15 --> Undefined variable $session
in APPPATH\Controllers\Motorcyclelist.php on line 26.
 1 APPPATH\Controllers\Motorcyclelist.php(26): CodeIgniter\Debug\Exceptions->errorHandler(2, 'Undefined variable $session', 'APPPATH\\Controllers\\Motorcyclelist.php', 26)
 2 SYSTEMPATH\CodeIgniter.php(896): App\Controllers\Motorcyclelist->index()
 3 SYSTEMPATH\CodeIgniter.php(466): CodeIgniter\CodeIgniter->runController(Object(App\Controllers\Motorcyclelist))
 4 SYSTEMPATH\CodeIgniter.php(349): CodeIgniter\CodeIgniter->handleRequest(null, Object(Config\Cache), false)
 5 FCPATH\index.php(55): CodeIgniter\CodeIgniter->run()
CRITICAL - 2024-09-07 21:37:24 --> Undefined property: App\Controllers\Rolespermission::$db
in APPPATH\Controllers\Rolespermission.php on line 47.
 1 APPPATH\Controllers\Rolespermission.php(47): CodeIgniter\Debug\Exceptions->errorHandler(2, 'Undefined property: App\\Controllers\\Rolespermission::$db', 'APPPATH\\Controllers\\Rolespermission.php', 47)
 2 SYSTEMPATH\CodeIgniter.php(896): App\Controllers\Rolespermission->index()
 3 SYSTEMPATH\CodeIgniter.php(466): CodeIgniter\CodeIgniter->runController(Object(App\Controllers\Rolespermission))
 4 SYSTEMPATH\CodeIgniter.php(349): CodeIgniter\CodeIgniter->handleRequest(null, Object(Config\Cache), false)
 5 FCPATH\index.php(55): CodeIgniter\CodeIgniter->run()
CRITICAL - 2024-09-07 22:30:28 --> Undefined variable $is_add_Users
in APPPATH\Views\pages\user_table.php on line 36.
 1 APPPATH\Views\pages\user_table.php(36): CodeIgniter\Debug\Exceptions->errorHandler(2, 'Undefined variable $is_add_Users', 'APPPATH\\Views\\pages\\user_table.php', 36)
 2 SYSTEMPATH\View\View.php(213): include('APPPATH\\Views\\pages\\user_table.php')
 3 SYSTEMPATH\View\View.php(216): CodeIgniter\View\View->CodeIgniter\View\{closure}()
 4 SYSTEMPATH\Common.php(1135): CodeIgniter\View\View->render('pages/user_table', [], true)
 5 APPPATH\Controllers\Table.php(59): view('pages/user_table', [...])
 6 SYSTEMPATH\CodeIgniter.php(896): App\Controllers\Table->index()
 7 SYSTEMPATH\CodeIgniter.php(466): CodeIgniter\CodeIgniter->runController(Object(App\Controllers\Table))
 8 SYSTEMPATH\CodeIgniter.php(349): CodeIgniter\CodeIgniter->handleRequest(null, Object(Config\Cache), false)
 9 FCPATH\index.php(55): CodeIgniter\CodeIgniter->run()
