ERROR - 2024-08-14 20:18:24 --> Unknown column 'firstname' in 'field list'
CRITICAL - 2024-08-14 20:18:24 --> Unknown column 'firstname' in 'field list'
in SYSTEMPATH\Database\MySQLi\Connection.php on line 292.
 1 SYSTEMPATH\Database\MySQLi\Connection.php(292): mysqli->query('INSERT INTO `users` (`firstname`, `middlename`, `lastname`, `email`, `password`) VALUES (\'Rosly\', \'Barlongay\', \'Rapada\', \'roslyrapada@gmail.com\', \'$2y$10$vIePageXiD8UDc2DIvtJXe89x.L7TluN.e7Jo56J7V1ebcknAlzGu\')', 0)
 2 SYSTEMPATH\Database\BaseConnection.php(695): CodeIgniter\Database\MySQLi\Connection->execute('INSERT INTO `users` (`firstname`, `middlename`, `lastname`, `email`, `password`) VALUES (\'Rosly\', \'Barlongay\', \'Rapada\', \'roslyrapada@gmail.com\', \'$2y$10$vIePageXiD8UDc2DIvtJXe89x.L7TluN.e7Jo56J7V1ebcknAlzGu\')')
 3 SYSTEMPATH\Database\BaseConnection.php(609): CodeIgniter\Database\BaseConnection->simpleQuery('INSERT INTO `users` (`firstname`, `middlename`, `lastname`, `email`, `password`) VALUES (\'Rosly\', \'Barlongay\', \'Rapada\', \'roslyrapada@gmail.com\', \'$2y$10$vIePageXiD8UDc2DIvtJXe89x.L7TluN.e7Jo56J7V1ebcknAlzGu\')')
 4 SYSTEMPATH\Database\BaseBuilder.php(1904): CodeIgniter\Database\BaseConnection->query('INSERT INTO `users` (`firstname`, `middlename`, `lastname`, `email`, `password`) VALUES (:firstname:, :middlename:, :lastname:, :email.1:, :password:)', [...], false)
 5 SYSTEMPATH\Model.php(278): CodeIgniter\Database\BaseBuilder->insert()
 6 SYSTEMPATH\BaseModel.php(738): CodeIgniter\Model->doInsert([...])
 7 SYSTEMPATH\Model.php(666): CodeIgniter\BaseModel->insert([...], false)
 8 SYSTEMPATH\BaseModel.php(658): CodeIgniter\Model->insert([...], false)
 9 APPPATH\Controllers\LoginController.php(72): CodeIgniter\BaseModel->save([...])
10 SYSTEMPATH\CodeIgniter.php(896): App\Controllers\LoginController->registration()
11 SYSTEMPATH\CodeIgniter.php(466): CodeIgniter\CodeIgniter->runController(Object(App\Controllers\LoginController))
12 SYSTEMPATH\CodeIgniter.php(349): CodeIgniter\CodeIgniter->handleRequest(null, Object(Config\Cache), false)
13 FCPATH\index.php(55): CodeIgniter\CodeIgniter->run()
CRITICAL - 2024-08-14 20:22:18 --> Creation of dynamic property App\Controllers\Main::$session is deprecated
in APPPATH\Controllers\Main.php on line 12.
 1 APPPATH\Controllers\Main.php(12): CodeIgniter\Debug\Exceptions->errorHandler(8192, 'Creation of dynamic property App\\Controllers\\Main::$session is deprecated', 'APPPATH\\Controllers\\Main.php', 12)
 2 SYSTEMPATH\CodeIgniter.php(858): App\Controllers\Main->__construct()
 3 SYSTEMPATH\CodeIgniter.php(457): CodeIgniter\CodeIgniter->createController()
 4 SYSTEMPATH\CodeIgniter.php(349): CodeIgniter\CodeIgniter->handleRequest(null, Object(Config\Cache), false)
 5 FCPATH\index.php(55): CodeIgniter\CodeIgniter->run()
CRITICAL - 2024-08-14 20:26:55 --> Creation of dynamic property App\Controllers\Main::$session is deprecated
in APPPATH\Controllers\Main.php on line 12.
 1 APPPATH\Controllers\Main.php(12): CodeIgniter\Debug\Exceptions->errorHandler(8192, 'Creation of dynamic property App\\Controllers\\Main::$session is deprecated', 'APPPATH\\Controllers\\Main.php', 12)
 2 SYSTEMPATH\CodeIgniter.php(858): App\Controllers\Main->__construct()
 3 SYSTEMPATH\CodeIgniter.php(457): CodeIgniter\CodeIgniter->createController()
 4 SYSTEMPATH\CodeIgniter.php(349): CodeIgniter\CodeIgniter->handleRequest(null, Object(Config\Cache), false)
 5 FCPATH\index.php(55): CodeIgniter\CodeIgniter->run()
CRITICAL - 2024-08-14 20:27:47 --> Class "App\Models\Auth" not found
in APPPATH\Controllers\Main.php on line 17.
 1 SYSTEMPATH\CodeIgniter.php(858): App\Controllers\Main->__construct()
 2 SYSTEMPATH\CodeIgniter.php(457): CodeIgniter\CodeIgniter->createController()
 3 SYSTEMPATH\CodeIgniter.php(349): CodeIgniter\CodeIgniter->handleRequest(null, Object(Config\Cache), false)
 4 FCPATH\index.php(55): CodeIgniter\CodeIgniter->run()
CRITICAL - 2024-08-14 20:27:48 --> Class "App\Models\Auth" not found
in APPPATH\Controllers\Main.php on line 17.
 1 SYSTEMPATH\CodeIgniter.php(858): App\Controllers\Main->__construct()
 2 SYSTEMPATH\CodeIgniter.php(457): CodeIgniter\CodeIgniter->createController()
 3 SYSTEMPATH\CodeIgniter.php(349): CodeIgniter\CodeIgniter->handleRequest(null, Object(Config\Cache), false)
 4 FCPATH\index.php(55): CodeIgniter\CodeIgniter->run()
CRITICAL - 2024-08-14 20:33:06 --> unlink(C:\xampp\htdocs\ci4-login-registration\writable\session/ci_sessionh6bdd7eksrl4nm98db02lqfrohv7onjq): Permission denied
in SYSTEMPATH\Session\Handlers\FileHandler.php on line 247.
 1 [internal function]: CodeIgniter\Debug\Exceptions->errorHandler(2, 'unlink(C:\\xampp\\htdocs\\ci4-login-registration\\writable\\session/ci_sessionh6bdd7eksrl4nm98db02lqfrohv7onjq): Permission denied', 'SYSTEMPATH\\Session\\Handlers\\FileHandler.php', 247)
 2 SYSTEMPATH\Session\Handlers\FileHandler.php(247): unlink('FCPATH\\writable\\session/ci_sessionh6bdd7eksrl4nm98db02lqfrohv7onjq')
 3 [internal function]: CodeIgniter\Session\Handlers\FileHandler->destroy('h6bdd7eksrl4nm98db02lqfrohv7onjq')
 4 SYSTEMPATH\Session\Session.php(425): session_destroy()
 5 APPPATH\Controllers\LoginController.php(45): CodeIgniter\Session\Session->destroy()
 6 SYSTEMPATH\CodeIgniter.php(896): App\Controllers\LoginController->logout()
 7 SYSTEMPATH\CodeIgniter.php(466): CodeIgniter\CodeIgniter->runController(Object(App\Controllers\LoginController))
 8 SYSTEMPATH\CodeIgniter.php(349): CodeIgniter\CodeIgniter->handleRequest(null, Object(Config\Cache), false)
 9 FCPATH\index.php(55): CodeIgniter\CodeIgniter->run()
CRITICAL - 2024-08-14 20:33:06 --> filesize(): stat failed for C:\xampp\htdocs\ci4-login-registration\writable\session/ci_sessionh6bdd7eksrl4nm98db02lqfrohv7onjq
in SYSTEMPATH\Session\Handlers\FileHandler.php on line 161.
 1 [internal function]: CodeIgniter\Debug\Exceptions->errorHandler(2, 'filesize(): stat failed for C:\\xampp\\htdocs\\ci4-login-registration\\writable\\session/ci_sessionh6bdd7eksrl4nm98db02lqfrohv7onjq', 'SYSTEMPATH\\Session\\Handlers\\FileHandler.php', 161)
 2 SYSTEMPATH\Session\Handlers\FileHandler.php(161): filesize('FCPATH\\writable\\session/ci_sessionh6bdd7eksrl4nm98db02lqfrohv7onjq')
 3 [internal function]: CodeIgniter\Session\Handlers\FileHandler->read('h6bdd7eksrl4nm98db02lqfrohv7onjq')
 4 SYSTEMPATH\Session\Session.php(896): session_start()
 5 SYSTEMPATH\Session\Session.php(240): CodeIgniter\Session\Session->startSession()
 6 SYSTEMPATH\Config\Services.php(613): CodeIgniter\Session\Session->start()
 7 SYSTEMPATH\Config\BaseService.php(251): CodeIgniter\Config\Services::session(Object(Config\App), false)
 8 SYSTEMPATH\Config\BaseService.php(192): CodeIgniter\Config\BaseService::__callStatic('session', [...])
 9 SYSTEMPATH\Config\Services.php(585): CodeIgniter\Config\BaseService::getSharedInstance('session', null)
10 SYSTEMPATH\Config\BaseService.php(251): CodeIgniter\Config\Services::session()
11 SYSTEMPATH\Common.php(932): CodeIgniter\Config\BaseService::__callStatic('session', [])
12 APPPATH\Controllers\LoginController.php(44): session()
13 SYSTEMPATH\CodeIgniter.php(896): App\Controllers\LoginController->logout()
14 SYSTEMPATH\CodeIgniter.php(466): CodeIgniter\CodeIgniter->runController(Object(App\Controllers\LoginController))
15 SYSTEMPATH\CodeIgniter.php(349): CodeIgniter\CodeIgniter->handleRequest(null, Object(Config\Cache), false)
16 FCPATH\index.php(55): CodeIgniter\CodeIgniter->run()
CRITICAL - 2024-08-14 20:33:07 --> filesize(): stat failed for C:\xampp\htdocs\ci4-login-registration\writable\session/ci_sessionh6bdd7eksrl4nm98db02lqfrohv7onjq
in SYSTEMPATH\Session\Handlers\FileHandler.php on line 161.
 1 [internal function]: CodeIgniter\Debug\Exceptions->errorHandler(2, 'filesize(): stat failed for C:\\xampp\\htdocs\\ci4-login-registration\\writable\\session/ci_sessionh6bdd7eksrl4nm98db02lqfrohv7onjq', 'SYSTEMPATH\\Session\\Handlers\\FileHandler.php', 161)
 2 SYSTEMPATH\Session\Handlers\FileHandler.php(161): filesize('FCPATH\\writable\\session/ci_sessionh6bdd7eksrl4nm98db02lqfrohv7onjq')
 3 [internal function]: CodeIgniter\Session\Handlers\FileHandler->read('h6bdd7eksrl4nm98db02lqfrohv7onjq')
 4 SYSTEMPATH\Session\Session.php(896): session_start()
 5 SYSTEMPATH\Session\Session.php(240): CodeIgniter\Session\Session->startSession()
 6 SYSTEMPATH\Config\Services.php(613): CodeIgniter\Session\Session->start()
 7 SYSTEMPATH\Config\BaseService.php(251): CodeIgniter\Config\Services::session(Object(Config\App), false)
 8 SYSTEMPATH\Config\BaseService.php(192): CodeIgniter\Config\BaseService::__callStatic('session', [...])
 9 SYSTEMPATH\Config\Services.php(585): CodeIgniter\Config\BaseService::getSharedInstance('session', null)
10 SYSTEMPATH\Config\BaseService.php(251): CodeIgniter\Config\Services::session()
11 SYSTEMPATH\Common.php(932): CodeIgniter\Config\BaseService::__callStatic('session', [])
12 APPPATH\Controllers\LoginController.php(44): session()
13 SYSTEMPATH\CodeIgniter.php(896): App\Controllers\LoginController->logout()
14 SYSTEMPATH\CodeIgniter.php(466): CodeIgniter\CodeIgniter->runController(Object(App\Controllers\LoginController))
15 SYSTEMPATH\CodeIgniter.php(349): CodeIgniter\CodeIgniter->handleRequest(null, Object(Config\Cache), false)
16 FCPATH\index.php(55): CodeIgniter\CodeIgniter->run()
CRITICAL - 2024-08-14 20:33:07 --> filesize(): stat failed for C:\xampp\htdocs\ci4-login-registration\writable\session/ci_sessionh6bdd7eksrl4nm98db02lqfrohv7onjq
in SYSTEMPATH\Session\Handlers\FileHandler.php on line 161.
 1 [internal function]: CodeIgniter\Debug\Exceptions->errorHandler(2, 'filesize(): stat failed for C:\\xampp\\htdocs\\ci4-login-registration\\writable\\session/ci_sessionh6bdd7eksrl4nm98db02lqfrohv7onjq', 'SYSTEMPATH\\Session\\Handlers\\FileHandler.php', 161)
 2 SYSTEMPATH\Session\Handlers\FileHandler.php(161): filesize('FCPATH\\writable\\session/ci_sessionh6bdd7eksrl4nm98db02lqfrohv7onjq')
 3 [internal function]: CodeIgniter\Session\Handlers\FileHandler->read('h6bdd7eksrl4nm98db02lqfrohv7onjq')
 4 SYSTEMPATH\Session\Session.php(896): session_start()
 5 SYSTEMPATH\Session\Session.php(240): CodeIgniter\Session\Session->startSession()
 6 SYSTEMPATH\Config\Services.php(613): CodeIgniter\Session\Session->start()
 7 SYSTEMPATH\Config\BaseService.php(251): CodeIgniter\Config\Services::session(Object(Config\App), false)
 8 SYSTEMPATH\Config\BaseService.php(192): CodeIgniter\Config\BaseService::__callStatic('session', [...])
 9 SYSTEMPATH\Config\Services.php(585): CodeIgniter\Config\BaseService::getSharedInstance('session', null)
10 SYSTEMPATH\Config\BaseService.php(251): CodeIgniter\Config\Services::session()
11 SYSTEMPATH\Common.php(932): CodeIgniter\Config\BaseService::__callStatic('session', [])
12 APPPATH\Controllers\LoginController.php(44): session()
13 SYSTEMPATH\CodeIgniter.php(896): App\Controllers\LoginController->logout()
14 SYSTEMPATH\CodeIgniter.php(466): CodeIgniter\CodeIgniter->runController(Object(App\Controllers\LoginController))
15 SYSTEMPATH\CodeIgniter.php(349): CodeIgniter\CodeIgniter->handleRequest(null, Object(Config\Cache), false)
16 FCPATH\index.php(55): CodeIgniter\CodeIgniter->run()
ERROR - 2024-08-14 20:35:05 --> Unknown column 'firstname' in 'field list'
CRITICAL - 2024-08-14 20:35:05 --> Unknown column 'firstname' in 'field list'
in SYSTEMPATH\Database\MySQLi\Connection.php on line 292.
 1 SYSTEMPATH\Database\MySQLi\Connection.php(292): mysqli->query('INSERT INTO `users` (`firstname`, `middlename`, `lastname`, `email`, `password`) VALUES (\'A\', \'aA\', \'a\', \'roslyrapada@gmail.com\', \'$2y$10$yCiVuc28J1x2kWJdkJe/.O3XWdKUkOIGzp7BBrAAers0TwBKTu9ke\')', 0)
 2 SYSTEMPATH\Database\BaseConnection.php(695): CodeIgniter\Database\MySQLi\Connection->execute('INSERT INTO `users` (`firstname`, `middlename`, `lastname`, `email`, `password`) VALUES (\'A\', \'aA\', \'a\', \'roslyrapada@gmail.com\', \'$2y$10$yCiVuc28J1x2kWJdkJe/.O3XWdKUkOIGzp7BBrAAers0TwBKTu9ke\')')
 3 SYSTEMPATH\Database\BaseConnection.php(609): CodeIgniter\Database\BaseConnection->simpleQuery('INSERT INTO `users` (`firstname`, `middlename`, `lastname`, `email`, `password`) VALUES (\'A\', \'aA\', \'a\', \'roslyrapada@gmail.com\', \'$2y$10$yCiVuc28J1x2kWJdkJe/.O3XWdKUkOIGzp7BBrAAers0TwBKTu9ke\')')
 4 SYSTEMPATH\Database\BaseBuilder.php(1904): CodeIgniter\Database\BaseConnection->query('INSERT INTO `users` (`firstname`, `middlename`, `lastname`, `email`, `password`) VALUES (:firstname:, :middlename:, :lastname:, :email.1:, :password:)', [...], false)
 5 SYSTEMPATH\Model.php(278): CodeIgniter\Database\BaseBuilder->insert()
 6 SYSTEMPATH\BaseModel.php(738): CodeIgniter\Model->doInsert([...])
 7 SYSTEMPATH\Model.php(666): CodeIgniter\BaseModel->insert([...], false)
 8 SYSTEMPATH\BaseModel.php(658): CodeIgniter\Model->insert([...], false)
 9 APPPATH\Controllers\LoginController.php(72): CodeIgniter\BaseModel->save([...])
10 SYSTEMPATH\CodeIgniter.php(896): App\Controllers\LoginController->registration()
11 SYSTEMPATH\CodeIgniter.php(466): CodeIgniter\CodeIgniter->runController(Object(App\Controllers\LoginController))
12 SYSTEMPATH\CodeIgniter.php(349): CodeIgniter\CodeIgniter->handleRequest(null, Object(Config\Cache), false)
13 FCPATH\index.php(55): CodeIgniter\CodeIgniter->run()
ERROR - 2024-08-14 20:36:19 --> Unknown column 'lastname' in 'field list'
CRITICAL - 2024-08-14 20:36:19 --> Unknown column 'lastname' in 'field list'
in SYSTEMPATH\Database\MySQLi\Connection.php on line 292.
 1 SYSTEMPATH\Database\MySQLi\Connection.php(292): mysqli->query('INSERT INTO `users` (`firstname`, `middlename`, `lastname`, `email`, `password`) VALUES (\'A\', \'aA\', \'a\', \'roslyrapada@gmail.com\', \'$2y$10$1Z1xTGc6UXft5zY2MyEKaetPUqyveXTr..d90UBsyO0ZsOBE6BoHW\')', 0)
 2 SYSTEMPATH\Database\BaseConnection.php(695): CodeIgniter\Database\MySQLi\Connection->execute('INSERT INTO `users` (`firstname`, `middlename`, `lastname`, `email`, `password`) VALUES (\'A\', \'aA\', \'a\', \'roslyrapada@gmail.com\', \'$2y$10$1Z1xTGc6UXft5zY2MyEKaetPUqyveXTr..d90UBsyO0ZsOBE6BoHW\')')
 3 SYSTEMPATH\Database\BaseConnection.php(609): CodeIgniter\Database\BaseConnection->simpleQuery('INSERT INTO `users` (`firstname`, `middlename`, `lastname`, `email`, `password`) VALUES (\'A\', \'aA\', \'a\', \'roslyrapada@gmail.com\', \'$2y$10$1Z1xTGc6UXft5zY2MyEKaetPUqyveXTr..d90UBsyO0ZsOBE6BoHW\')')
 4 SYSTEMPATH\Database\BaseBuilder.php(1904): CodeIgniter\Database\BaseConnection->query('INSERT INTO `users` (`firstname`, `middlename`, `lastname`, `email`, `password`) VALUES (:firstname:, :middlename:, :lastname:, :email.1:, :password:)', [...], false)
 5 SYSTEMPATH\Model.php(278): CodeIgniter\Database\BaseBuilder->insert()
 6 SYSTEMPATH\BaseModel.php(738): CodeIgniter\Model->doInsert([...])
 7 SYSTEMPATH\Model.php(666): CodeIgniter\BaseModel->insert([...], false)
 8 SYSTEMPATH\BaseModel.php(658): CodeIgniter\Model->insert([...], false)
 9 APPPATH\Controllers\LoginController.php(72): CodeIgniter\BaseModel->save([...])
10 SYSTEMPATH\CodeIgniter.php(896): App\Controllers\LoginController->registration()
11 SYSTEMPATH\CodeIgniter.php(466): CodeIgniter\CodeIgniter->runController(Object(App\Controllers\LoginController))
12 SYSTEMPATH\CodeIgniter.php(349): CodeIgniter\CodeIgniter->handleRequest(null, Object(Config\Cache), false)
13 FCPATH\index.php(55): CodeIgniter\CodeIgniter->run()
CRITICAL - 2024-08-14 21:21:12 --> Undefined property: CodeIgniter\View\View::$load
in APPPATH\Views\login\login.php on line 2.
 1 APPPATH\Views\login\login.php(2): CodeIgniter\Debug\Exceptions->errorHandler(2, 'Undefined property: CodeIgniter\\View\\View::$load', 'APPPATH\\Views\\login\\login.php', 2)
 2 SYSTEMPATH\View\View.php(213): include('APPPATH\\Views\\login\\login.php')
 3 SYSTEMPATH\View\View.php(216): CodeIgniter\View\View->CodeIgniter\View\{closure}()
 4 SYSTEMPATH\Common.php(1135): CodeIgniter\View\View->render('login/login', [], true)
 5 APPPATH\Controllers\LoginController.php(41): view('login/login', [...])
 6 SYSTEMPATH\CodeIgniter.php(896): App\Controllers\LoginController->index()
 7 SYSTEMPATH\CodeIgniter.php(466): CodeIgniter\CodeIgniter->runController(Object(App\Controllers\LoginController))
 8 SYSTEMPATH\CodeIgniter.php(349): CodeIgniter\CodeIgniter->handleRequest(null, Object(Config\Cache), false)
 9 FCPATH\index.php(55): CodeIgniter\CodeIgniter->run()
CRITICAL - 2024-08-14 21:21:48 --> include(layouts/header_login): Failed to open stream: No such file or directory
in APPPATH\Views\login\login.php on line 2.
 1 APPPATH\Views\login\login.php(2): CodeIgniter\Debug\Exceptions->errorHandler(2, 'include(layouts/header_login): Failed to open stream: No such file or directory', 'APPPATH\\Views\\login\\login.php', 2)
 2 APPPATH\Views\login\login.php(2): include()
 3 SYSTEMPATH\View\View.php(213): include('APPPATH\\Views\\login\\login.php')
 4 SYSTEMPATH\View\View.php(216): CodeIgniter\View\View->CodeIgniter\View\{closure}()
 5 SYSTEMPATH\Common.php(1135): CodeIgniter\View\View->render('login/login', [], true)
 6 APPPATH\Controllers\LoginController.php(41): view('login/login', [...])
 7 SYSTEMPATH\CodeIgniter.php(896): App\Controllers\LoginController->index()
 8 SYSTEMPATH\CodeIgniter.php(466): CodeIgniter\CodeIgniter->runController(Object(App\Controllers\LoginController))
 9 SYSTEMPATH\CodeIgniter.php(349): CodeIgniter\CodeIgniter->handleRequest(null, Object(Config\Cache), false)
10 FCPATH\index.php(55): CodeIgniter\CodeIgniter->run()
CRITICAL - 2024-08-14 21:23:34 --> Undefined property: CodeIgniter\View\View::$load
in APPPATH\Views\login\login.php on line 2.
 1 APPPATH\Views\login\login.php(2): CodeIgniter\Debug\Exceptions->errorHandler(2, 'Undefined property: CodeIgniter\\View\\View::$load', 'APPPATH\\Views\\login\\login.php', 2)
 2 SYSTEMPATH\View\View.php(213): include('APPPATH\\Views\\login\\login.php')
 3 SYSTEMPATH\View\View.php(216): CodeIgniter\View\View->CodeIgniter\View\{closure}()
 4 SYSTEMPATH\Common.php(1135): CodeIgniter\View\View->render('login/login', [], true)
 5 APPPATH\Controllers\LoginController.php(41): view('login/login', [...])
 6 SYSTEMPATH\CodeIgniter.php(896): App\Controllers\LoginController->index()
 7 SYSTEMPATH\CodeIgniter.php(466): CodeIgniter\CodeIgniter->runController(Object(App\Controllers\LoginController))
 8 SYSTEMPATH\CodeIgniter.php(349): CodeIgniter\CodeIgniter->handleRequest(null, Object(Config\Cache), false)
 9 FCPATH\index.php(55): CodeIgniter\CodeIgniter->run()
CRITICAL - 2024-08-14 21:23:36 --> Undefined property: CodeIgniter\View\View::$load
in APPPATH\Views\login\login.php on line 2.
 1 APPPATH\Views\login\login.php(2): CodeIgniter\Debug\Exceptions->errorHandler(2, 'Undefined property: CodeIgniter\\View\\View::$load', 'APPPATH\\Views\\login\\login.php', 2)
 2 SYSTEMPATH\View\View.php(213): include('APPPATH\\Views\\login\\login.php')
 3 SYSTEMPATH\View\View.php(216): CodeIgniter\View\View->CodeIgniter\View\{closure}()
 4 SYSTEMPATH\Common.php(1135): CodeIgniter\View\View->render('login/login', [], true)
 5 APPPATH\Controllers\LoginController.php(41): view('login/login', [...])
 6 SYSTEMPATH\CodeIgniter.php(896): App\Controllers\LoginController->index()
 7 SYSTEMPATH\CodeIgniter.php(466): CodeIgniter\CodeIgniter->runController(Object(App\Controllers\LoginController))
 8 SYSTEMPATH\CodeIgniter.php(349): CodeIgniter\CodeIgniter->handleRequest(null, Object(Config\Cache), false)
 9 FCPATH\index.php(55): CodeIgniter\CodeIgniter->run()
