ERROR - 2024-08-17 20:19:02 --> Validation errors: Array
(
    [email] => The email field must contain a unique value.
)

ERROR - 2024-08-17 20:19:13 --> Validation errors: Array
(
    [email] => The email field must contain a unique value.
)

ERROR - 2024-08-17 20:20:49 --> Validation errors: Array
(
    [email] => The email field must contain a unique value.
)

ERROR - 2024-08-17 20:20:53 --> Validation errors: Array
(
    [email] => The email field must contain a unique value.
)

ERROR - 2024-08-17 20:23:52 --> Validation errors: Array
(
    [email] => The email field must contain a unique value.
)

ERROR - 2024-08-17 20:23:55 --> Validation errors: Array
(
    [email] => The email field must contain a unique value.
)

ERROR - 2024-08-17 20:23:59 --> Validation errors: Array
(
    [email] => The email field must contain a unique value.
)

ERROR - 2024-08-17 20:25:01 --> Validation errors: Array
(
    [email] => The email field must contain a unique value.
)

ERROR - 2024-08-17 20:31:37 --> Validation errors: Array
(
    [password] => The password field is not in the correct format.
    [email] => The email field must contain a unique value.
)

ERROR - 2024-08-17 20:31:52 --> Validation errors: Array
(
    [password] => The password field is not in the correct format.
)

ERROR - 2024-08-17 20:32:08 --> Validation errors: Array
(
    [firstname] => The firstname field is required.
    [password] => The password field is not in the correct format.
)

ERROR - 2024-08-17 20:32:10 --> Validation errors: Array
(
    [firstname] => The firstname field is required.
    [password] => The password field is not in the correct format.
)

ERROR - 2024-08-17 20:32:14 --> Validation errors: Array
(
    [firstname] => The firstname field is required.
    [middlename] => The middlename field is required.
    [password] => The password field is not in the correct format.
)

ERROR - 2024-08-17 20:34:34 --> Validation errors: Array
(
    [username] => The username field must contain a unique value.
    [email] => The email field must contain a unique value.
)

ERROR - 2024-08-17 20:34:37 --> Validation errors: Array
(
    [username] => The username field must contain a unique value.
    [email] => The email field must contain a unique value.
)

CRITICAL - 2024-08-17 22:06:00 --> Class "App\Controllers\UserModel" not found
in APPPATH\Controllers\Table.php on line 127.
 1 SYSTEMPATH\CodeIgniter.php(896): App\Controllers\Table->activate('00022')
 2 SYSTEMPATH\CodeIgniter.php(466): CodeIgniter\CodeIgniter->runController(Object(App\Controllers\Table))
 3 SYSTEMPATH\CodeIgniter.php(349): CodeIgniter\CodeIgniter->handleRequest(null, Object(Config\Cache), false)
 4 FCPATH\index.php(55): CodeIgniter\CodeIgniter->run()
CRITICAL - 2024-08-17 22:06:10 --> Class "App\Controllers\UserModel" not found
in APPPATH\Controllers\Table.php on line 127.
 1 SYSTEMPATH\CodeIgniter.php(896): App\Controllers\Table->activate('00022')
 2 SYSTEMPATH\CodeIgniter.php(466): CodeIgniter\CodeIgniter->runController(Object(App\Controllers\Table))
 3 SYSTEMPATH\CodeIgniter.php(349): CodeIgniter\CodeIgniter->handleRequest(null, Object(Config\Cache), false)
 4 FCPATH\index.php(55): CodeIgniter\CodeIgniter->run()
CRITICAL - 2024-08-17 22:07:46 --> Class "App\Controllers\UserModel" not found
in APPPATH\Controllers\Table.php on line 127.
 1 SYSTEMPATH\CodeIgniter.php(896): App\Controllers\Table->activate('00022')
 2 SYSTEMPATH\CodeIgniter.php(466): CodeIgniter\CodeIgniter->runController(Object(App\Controllers\Table))
 3 SYSTEMPATH\CodeIgniter.php(349): CodeIgniter\CodeIgniter->handleRequest(null, Object(Config\Cache), false)
 4 FCPATH\index.php(55): CodeIgniter\CodeIgniter->run()
CRITICAL - 2024-08-17 22:07:55 --> Class "App\Controllers\UserModel" not found
in APPPATH\Controllers\Table.php on line 127.
 1 SYSTEMPATH\CodeIgniter.php(896): App\Controllers\Table->activate('00008')
 2 SYSTEMPATH\CodeIgniter.php(466): CodeIgniter\CodeIgniter->runController(Object(App\Controllers\Table))
 3 SYSTEMPATH\CodeIgniter.php(349): CodeIgniter\CodeIgniter->handleRequest(null, Object(Config\Cache), false)
 4 FCPATH\index.php(55): CodeIgniter\CodeIgniter->run()
CRITICAL - 2024-08-17 22:12:47 --> Class "App\Controllers\UserModel" not found
in APPPATH\Controllers\Table.php on line 127.
 1 SYSTEMPATH\CodeIgniter.php(896): App\Controllers\Table->activate('00008')
 2 SYSTEMPATH\CodeIgniter.php(466): CodeIgniter\CodeIgniter->runController(Object(App\Controllers\Table))
 3 SYSTEMPATH\CodeIgniter.php(349): CodeIgniter\CodeIgniter->handleRequest(null, Object(Config\Cache), false)
 4 FCPATH\index.php(55): CodeIgniter\CodeIgniter->run()
CRITICAL - 2024-08-17 22:13:47 --> Class "App\Controllers\UserModel" not found
in APPPATH\Controllers\Table.php on line 136.
 1 SYSTEMPATH\CodeIgniter.php(896): App\Controllers\Table->deactivate('00023')
 2 SYSTEMPATH\CodeIgniter.php(466): CodeIgniter\CodeIgniter->runController(Object(App\Controllers\Table))
 3 SYSTEMPATH\CodeIgniter.php(349): CodeIgniter\CodeIgniter->handleRequest(null, Object(Config\Cache), false)
 4 FCPATH\index.php(55): CodeIgniter\CodeIgniter->run()
CRITICAL - 2024-08-17 22:15:53 --> Class "App\Controllers\UserModel" not found
in APPPATH\Controllers\Table.php on line 127.
 1 SYSTEMPATH\CodeIgniter.php(896): App\Controllers\Table->activate('00008')
 2 SYSTEMPATH\CodeIgniter.php(466): CodeIgniter\CodeIgniter->runController(Object(App\Controllers\Table))
 3 SYSTEMPATH\CodeIgniter.php(349): CodeIgniter\CodeIgniter->handleRequest(null, Object(Config\Cache), false)
 4 FCPATH\index.php(55): CodeIgniter\CodeIgniter->run()
CRITICAL - 2024-08-17 22:15:56 --> Class "App\Controllers\UserModel" not found
in APPPATH\Controllers\Table.php on line 136.
 1 SYSTEMPATH\CodeIgniter.php(896): App\Controllers\Table->deactivate('00023')
 2 SYSTEMPATH\CodeIgniter.php(466): CodeIgniter\CodeIgniter->runController(Object(App\Controllers\Table))
 3 SYSTEMPATH\CodeIgniter.php(349): CodeIgniter\CodeIgniter->handleRequest(null, Object(Config\Cache), false)
 4 FCPATH\index.php(55): CodeIgniter\CodeIgniter->run()
CRITICAL - 2024-08-17 22:19:57 --> Class "App\Controllers\UserModel" not found
in APPPATH\Controllers\Table.php on line 136.
 1 SYSTEMPATH\CodeIgniter.php(896): App\Controllers\Table->deactivate('00023')
 2 SYSTEMPATH\CodeIgniter.php(466): CodeIgniter\CodeIgniter->runController(Object(App\Controllers\Table))
 3 SYSTEMPATH\CodeIgniter.php(349): CodeIgniter\CodeIgniter->handleRequest(null, Object(Config\Cache), false)
 4 FCPATH\index.php(55): CodeIgniter\CodeIgniter->run()
CRITICAL - 2024-08-17 22:20:23 --> Class "App\Controllers\UserModel" not found
in APPPATH\Controllers\Table.php on line 136.
 1 SYSTEMPATH\CodeIgniter.php(896): App\Controllers\Table->deactivate('00023')
 2 SYSTEMPATH\CodeIgniter.php(466): CodeIgniter\CodeIgniter->runController(Object(App\Controllers\Table))
 3 SYSTEMPATH\CodeIgniter.php(349): CodeIgniter\CodeIgniter->handleRequest(null, Object(Config\Cache), false)
 4 FCPATH\index.php(55): CodeIgniter\CodeIgniter->run()
CRITICAL - 2024-08-17 22:21:57 --> Class "App\Controllers\UserModel" not found
in APPPATH\Controllers\Table.php on line 143.
 1 SYSTEMPATH\CodeIgniter.php(896): App\Controllers\Table->deactivate('00023')
 2 SYSTEMPATH\CodeIgniter.php(466): CodeIgniter\CodeIgniter->runController(Object(App\Controllers\Table))
 3 SYSTEMPATH\CodeIgniter.php(349): CodeIgniter\CodeIgniter->handleRequest(null, Object(Config\Cache), false)
 4 FCPATH\index.php(55): CodeIgniter\CodeIgniter->run()
CRITICAL - 2024-08-17 22:23:26 --> Class "App\Controllers\auth_model" not found
in APPPATH\Controllers\Table.php on line 143.
 1 SYSTEMPATH\CodeIgniter.php(896): App\Controllers\Table->deactivate('00023')
 2 SYSTEMPATH\CodeIgniter.php(466): CodeIgniter\CodeIgniter->runController(Object(App\Controllers\Table))
 3 SYSTEMPATH\CodeIgniter.php(349): CodeIgniter\CodeIgniter->handleRequest(null, Object(Config\Cache), false)
 4 FCPATH\index.php(55): CodeIgniter\CodeIgniter->run()
CRITICAL - 2024-08-17 22:23:34 --> Class "App\Controllers\auth_model" not found
in APPPATH\Controllers\Table.php on line 143.
 1 SYSTEMPATH\CodeIgniter.php(896): App\Controllers\Table->deactivate('00023')
 2 SYSTEMPATH\CodeIgniter.php(466): CodeIgniter\CodeIgniter->runController(Object(App\Controllers\Table))
 3 SYSTEMPATH\CodeIgniter.php(349): CodeIgniter\CodeIgniter->handleRequest(null, Object(Config\Cache), false)
 4 FCPATH\index.php(55): CodeIgniter\CodeIgniter->run()
CRITICAL - 2024-08-17 22:24:31 --> Class "App\Controllers\auth_model" not found
in APPPATH\Controllers\Table.php on line 143.
 1 SYSTEMPATH\CodeIgniter.php(896): App\Controllers\Table->deactivate('00023')
 2 SYSTEMPATH\CodeIgniter.php(466): CodeIgniter\CodeIgniter->runController(Object(App\Controllers\Table))
 3 SYSTEMPATH\CodeIgniter.php(349): CodeIgniter\CodeIgniter->handleRequest(null, Object(Config\Cache), false)
 4 FCPATH\index.php(55): CodeIgniter\CodeIgniter->run()
CRITICAL - 2024-08-17 23:04:23 --> There is no data to update.
in SYSTEMPATH\BaseModel.php on line 846.
 1 SYSTEMPATH\BaseModel.php(846): CodeIgniter\Database\Exceptions\DataException::forEmptyDataset('update')
 2 SYSTEMPATH\Model.php(692): CodeIgniter\BaseModel->update([...], [])
 3 APPPATH\Controllers\LoginController.php(34): CodeIgniter\Model->update('00001', [...])
 4 SYSTEMPATH\CodeIgniter.php(896): App\Controllers\LoginController->index()
 5 SYSTEMPATH\CodeIgniter.php(466): CodeIgniter\CodeIgniter->runController(Object(App\Controllers\LoginController))
 6 SYSTEMPATH\CodeIgniter.php(349): CodeIgniter\CodeIgniter->handleRequest(null, Object(Config\Cache), false)
 7 FCPATH\index.php(55): CodeIgniter\CodeIgniter->run()
CRITICAL - 2024-08-17 23:06:19 --> There is no data to update.
in SYSTEMPATH\BaseModel.php on line 846.
 1 SYSTEMPATH\BaseModel.php(846): CodeIgniter\Database\Exceptions\DataException::forEmptyDataset('update')
 2 SYSTEMPATH\Model.php(692): CodeIgniter\BaseModel->update([...], [])
 3 APPPATH\Controllers\LoginController.php(37): CodeIgniter\Model->update('00001', [...])
 4 SYSTEMPATH\CodeIgniter.php(896): App\Controllers\LoginController->index()
 5 SYSTEMPATH\CodeIgniter.php(466): CodeIgniter\CodeIgniter->runController(Object(App\Controllers\LoginController))
 6 SYSTEMPATH\CodeIgniter.php(349): CodeIgniter\CodeIgniter->handleRequest(null, Object(Config\Cache), false)
 7 FCPATH\index.php(55): CodeIgniter\CodeIgniter->run()
CRITICAL - 2024-08-17 23:06:29 --> There is no data to update.
in SYSTEMPATH\BaseModel.php on line 846.
 1 SYSTEMPATH\BaseModel.php(846): CodeIgniter\Database\Exceptions\DataException::forEmptyDataset('update')
 2 SYSTEMPATH\Model.php(692): CodeIgniter\BaseModel->update([...], [])
 3 APPPATH\Controllers\LoginController.php(37): CodeIgniter\Model->update('00001', [...])
 4 SYSTEMPATH\CodeIgniter.php(896): App\Controllers\LoginController->index()
 5 SYSTEMPATH\CodeIgniter.php(466): CodeIgniter\CodeIgniter->runController(Object(App\Controllers\LoginController))
 6 SYSTEMPATH\CodeIgniter.php(349): CodeIgniter\CodeIgniter->handleRequest(null, Object(Config\Cache), false)
 7 FCPATH\index.php(55): CodeIgniter\CodeIgniter->run()
CRITICAL - 2024-08-17 23:32:01 --> DateTime::__construct(): Passing null to parameter #1 ($datetime) of type string is deprecated
in APPPATH\Views\layouts\main_sidebar.php on line 198.
 1 [internal function]: CodeIgniter\Debug\Exceptions->errorHandler(8192, 'DateTime::__construct(): Passing null to parameter #1 ($datetime) of type string is deprecated', 'APPPATH\\Views\\layouts\\main_sidebar.php', 198)
 2 APPPATH\Views\layouts\main_sidebar.php(198): DateTime->__construct(null)
 3 SYSTEMPATH\View\View.php(213): include('APPPATH\\Views\\layouts\\main_sidebar.php')
 4 SYSTEMPATH\View\View.php(216): CodeIgniter\View\View->CodeIgniter\View\{closure}()
 5 SYSTEMPATH\View\View.php(429): CodeIgniter\View\View->render('layouts/main_sidebar', null, true)
 6 APPPATH\Views\pages\user_table.php(2): CodeIgniter\View\View->include('layouts/main_sidebar')
 7 SYSTEMPATH\View\View.php(213): include('APPPATH\\Views\\pages\\user_table.php')
 8 SYSTEMPATH\View\View.php(216): CodeIgniter\View\View->CodeIgniter\View\{closure}()
 9 SYSTEMPATH\Common.php(1135): CodeIgniter\View\View->render('pages/user_table', [], true)
10 APPPATH\Controllers\Table.php(24): view('pages/user_table', [...])
11 SYSTEMPATH\CodeIgniter.php(896): App\Controllers\Table->index()
12 SYSTEMPATH\CodeIgniter.php(466): CodeIgniter\CodeIgniter->runController(Object(App\Controllers\Table))
13 SYSTEMPATH\CodeIgniter.php(349): CodeIgniter\CodeIgniter->handleRequest(null, Object(Config\Cache), false)
14 FCPATH\index.php(55): CodeIgniter\CodeIgniter->run()
CRITICAL - 2024-08-17 23:32:08 --> DateTime::__construct(): Passing null to parameter #1 ($datetime) of type string is deprecated
in APPPATH\Views\layouts\main_sidebar.php on line 198.
 1 [internal function]: CodeIgniter\Debug\Exceptions->errorHandler(8192, 'DateTime::__construct(): Passing null to parameter #1 ($datetime) of type string is deprecated', 'APPPATH\\Views\\layouts\\main_sidebar.php', 198)
 2 APPPATH\Views\layouts\main_sidebar.php(198): DateTime->__construct(null)
 3 SYSTEMPATH\View\View.php(213): include('APPPATH\\Views\\layouts\\main_sidebar.php')
 4 SYSTEMPATH\View\View.php(216): CodeIgniter\View\View->CodeIgniter\View\{closure}()
 5 SYSTEMPATH\View\View.php(429): CodeIgniter\View\View->render('layouts/main_sidebar', null, true)
 6 APPPATH\Views\pages\home.php(2): CodeIgniter\View\View->include('layouts/main_sidebar')
 7 SYSTEMPATH\View\View.php(213): include('APPPATH\\Views\\pages\\home.php')
 8 SYSTEMPATH\View\View.php(216): CodeIgniter\View\View->CodeIgniter\View\{closure}()
 9 SYSTEMPATH\Common.php(1135): CodeIgniter\View\View->render('pages/home', [], true)
10 APPPATH\Controllers\Main.php(24): view('pages/home', [...])
11 SYSTEMPATH\CodeIgniter.php(896): App\Controllers\Main->index()
12 SYSTEMPATH\CodeIgniter.php(466): CodeIgniter\CodeIgniter->runController(Object(App\Controllers\Main))
13 SYSTEMPATH\CodeIgniter.php(349): CodeIgniter\CodeIgniter->handleRequest(null, Object(Config\Cache), false)
14 FCPATH\index.php(55): CodeIgniter\CodeIgniter->run()
CRITICAL - 2024-08-17 23:32:10 --> DateTime::__construct(): Passing null to parameter #1 ($datetime) of type string is deprecated
in APPPATH\Views\layouts\main_sidebar.php on line 198.
 1 [internal function]: CodeIgniter\Debug\Exceptions->errorHandler(8192, 'DateTime::__construct(): Passing null to parameter #1 ($datetime) of type string is deprecated', 'APPPATH\\Views\\layouts\\main_sidebar.php', 198)
 2 APPPATH\Views\layouts\main_sidebar.php(198): DateTime->__construct(null)
 3 SYSTEMPATH\View\View.php(213): include('APPPATH\\Views\\layouts\\main_sidebar.php')
 4 SYSTEMPATH\View\View.php(216): CodeIgniter\View\View->CodeIgniter\View\{closure}()
 5 SYSTEMPATH\View\View.php(429): CodeIgniter\View\View->render('layouts/main_sidebar', null, true)
 6 APPPATH\Views\pages\home.php(2): CodeIgniter\View\View->include('layouts/main_sidebar')
 7 SYSTEMPATH\View\View.php(213): include('APPPATH\\Views\\pages\\home.php')
 8 SYSTEMPATH\View\View.php(216): CodeIgniter\View\View->CodeIgniter\View\{closure}()
 9 SYSTEMPATH\Common.php(1135): CodeIgniter\View\View->render('pages/home', [], true)
10 APPPATH\Controllers\Main.php(24): view('pages/home', [...])
11 SYSTEMPATH\CodeIgniter.php(896): App\Controllers\Main->index()
12 SYSTEMPATH\CodeIgniter.php(466): CodeIgniter\CodeIgniter->runController(Object(App\Controllers\Main))
13 SYSTEMPATH\CodeIgniter.php(349): CodeIgniter\CodeIgniter->handleRequest(null, Object(Config\Cache), false)
14 FCPATH\index.php(55): CodeIgniter\CodeIgniter->run()
CRITICAL - 2024-08-17 23:32:14 --> DateTime::__construct(): Passing null to parameter #1 ($datetime) of type string is deprecated
in APPPATH\Views\layouts\main_sidebar.php on line 198.
 1 [internal function]: CodeIgniter\Debug\Exceptions->errorHandler(8192, 'DateTime::__construct(): Passing null to parameter #1 ($datetime) of type string is deprecated', 'APPPATH\\Views\\layouts\\main_sidebar.php', 198)
 2 APPPATH\Views\layouts\main_sidebar.php(198): DateTime->__construct(null)
 3 SYSTEMPATH\View\View.php(213): include('APPPATH\\Views\\layouts\\main_sidebar.php')
 4 SYSTEMPATH\View\View.php(216): CodeIgniter\View\View->CodeIgniter\View\{closure}()
 5 SYSTEMPATH\View\View.php(429): CodeIgniter\View\View->render('layouts/main_sidebar', null, true)
 6 APPPATH\Views\pages\home.php(2): CodeIgniter\View\View->include('layouts/main_sidebar')
 7 SYSTEMPATH\View\View.php(213): include('APPPATH\\Views\\pages\\home.php')
 8 SYSTEMPATH\View\View.php(216): CodeIgniter\View\View->CodeIgniter\View\{closure}()
 9 SYSTEMPATH\Common.php(1135): CodeIgniter\View\View->render('pages/home', [], true)
10 APPPATH\Controllers\Main.php(24): view('pages/home', [...])
11 SYSTEMPATH\CodeIgniter.php(896): App\Controllers\Main->index()
12 SYSTEMPATH\CodeIgniter.php(466): CodeIgniter\CodeIgniter->runController(Object(App\Controllers\Main))
13 SYSTEMPATH\CodeIgniter.php(349): CodeIgniter\CodeIgniter->handleRequest(null, Object(Config\Cache), false)
14 FCPATH\index.php(55): CodeIgniter\CodeIgniter->run()
CRITICAL - 2024-08-17 23:32:25 --> DateTime::__construct(): Passing null to parameter #1 ($datetime) of type string is deprecated
in APPPATH\Views\layouts\main_sidebar.php on line 198.
 1 [internal function]: CodeIgniter\Debug\Exceptions->errorHandler(8192, 'DateTime::__construct(): Passing null to parameter #1 ($datetime) of type string is deprecated', 'APPPATH\\Views\\layouts\\main_sidebar.php', 198)
 2 APPPATH\Views\layouts\main_sidebar.php(198): DateTime->__construct(null)
 3 SYSTEMPATH\View\View.php(213): include('APPPATH\\Views\\layouts\\main_sidebar.php')
 4 SYSTEMPATH\View\View.php(216): CodeIgniter\View\View->CodeIgniter\View\{closure}()
 5 SYSTEMPATH\View\View.php(429): CodeIgniter\View\View->render('layouts/main_sidebar', null, true)
 6 APPPATH\Views\pages\home.php(2): CodeIgniter\View\View->include('layouts/main_sidebar')
 7 SYSTEMPATH\View\View.php(213): include('APPPATH\\Views\\pages\\home.php')
 8 SYSTEMPATH\View\View.php(216): CodeIgniter\View\View->CodeIgniter\View\{closure}()
 9 SYSTEMPATH\Common.php(1135): CodeIgniter\View\View->render('pages/home', [], true)
10 APPPATH\Controllers\Main.php(24): view('pages/home', [...])
11 SYSTEMPATH\CodeIgniter.php(896): App\Controllers\Main->index()
12 SYSTEMPATH\CodeIgniter.php(466): CodeIgniter\CodeIgniter->runController(Object(App\Controllers\Main))
13 SYSTEMPATH\CodeIgniter.php(349): CodeIgniter\CodeIgniter->handleRequest(null, Object(Config\Cache), false)
14 FCPATH\index.php(55): CodeIgniter\CodeIgniter->run()
CRITICAL - 2024-08-17 23:51:04 --> Class "App\Models\Motorcyclelist_model" not found
in APPPATH\Controllers\Motorcyclelist.php on line 17.
 1 SYSTEMPATH\CodeIgniter.php(858): App\Controllers\Motorcyclelist->__construct()
 2 SYSTEMPATH\CodeIgniter.php(457): CodeIgniter\CodeIgniter->createController()
 3 SYSTEMPATH\CodeIgniter.php(349): CodeIgniter\CodeIgniter->handleRequest(null, Object(Config\Cache), false)
 4 FCPATH\index.php(55): CodeIgniter\CodeIgniter->run()
