CRITICAL - 2024-08-25 10:45:48 --> FPDF error: Invalid call
in FCPATH\public\FPDF\fpdf.php on line 267.
 1 FCPATH\public\FPDF\fpdf.php(1465): FPDF->Error('Invalid call')
 2 FCPATH\public\FPDI\src\FpdfTplTrait.php(470): FPDF->_out('<</Type /ExtGState')
 3 APPPATH\Controllers\Bulletin.php(42): setasign\Fpdi\FpdfTpl->_out('<</Type /ExtGState')
 4 FCPATH\public\FPDF\fpdf.php(284): App\Controllers\PDFWithTransparency->_enddoc()
 5 FCPATH\public\FPDF\fpdf.php(988): FPDF->Close()
 6 APPPATH\Controllers\Bulletin.php(159): FPDF->Output('FCPATH\\public\\assets\\uploads\\1724553947_101bae37c876f5699b8b.pdf', 'F')
 7 APPPATH\Controllers\Bulletin.php(114): App\Controllers\Bulletin->addWatermark('FCPATH\\public\\assets\\uploads\\1724553947_101bae37c876f5699b8b.pdf')
 8 SYSTEMPATH\CodeIgniter.php(896): App\Controllers\Bulletin->add()
 9 SYSTEMPATH\CodeIgniter.php(466): CodeIgniter\CodeIgniter->runController(Object(App\Controllers\Bulletin))
10 SYSTEMPATH\CodeIgniter.php(349): CodeIgniter\CodeIgniter->handleRequest(null, Object(Config\Cache), false)
11 FCPATH\index.php(55): CodeIgniter\CodeIgniter->run()
CRITICAL - 2024-08-25 10:46:05 --> FPDF error: Invalid call
in FCPATH\public\FPDF\fpdf.php on line 267.
 1 FCPATH\public\FPDF\fpdf.php(1465): FPDF->Error('Invalid call')
 2 FCPATH\public\FPDI\src\FpdfTplTrait.php(470): FPDF->_out('<</Type /ExtGState')
 3 APPPATH\Controllers\Bulletin.php(42): setasign\Fpdi\FpdfTpl->_out('<</Type /ExtGState')
 4 FCPATH\public\FPDF\fpdf.php(284): App\Controllers\PDFWithTransparency->_enddoc()
 5 FCPATH\public\FPDF\fpdf.php(988): FPDF->Close()
 6 APPPATH\Controllers\Bulletin.php(159): FPDF->Output('FCPATH\\public\\assets\\uploads\\1724553965_921771d4b2d264246c06.pdf', 'F')
 7 APPPATH\Controllers\Bulletin.php(114): App\Controllers\Bulletin->addWatermark('FCPATH\\public\\assets\\uploads\\1724553965_921771d4b2d264246c06.pdf')
 8 SYSTEMPATH\CodeIgniter.php(896): App\Controllers\Bulletin->add()
 9 SYSTEMPATH\CodeIgniter.php(466): CodeIgniter\CodeIgniter->runController(Object(App\Controllers\Bulletin))
10 SYSTEMPATH\CodeIgniter.php(349): CodeIgniter\CodeIgniter->handleRequest(null, Object(Config\Cache), false)
11 FCPATH\index.php(55): CodeIgniter\CodeIgniter->run()
ERROR - 2024-08-25 11:08:24 --> Unknown column 'tbl_motorcyclelist.model_name' in 'field list'
CRITICAL - 2024-08-25 11:08:24 --> Unknown column 'tbl_motorcyclelist.model_name' in 'field list'
in SYSTEMPATH\Database\MySQLi\Connection.php on line 292.
 1 SYSTEMPATH\Database\MySQLi\Connection.php(292): mysqli->query('SELECT `tbl_motorcyclelist`.`model_name`, `tbl_motorcyclelist`.`IndexKey`, `tbl_motorcyclelist`.`pet_name`, `tbl_motorcyclelist`.`model_code`, `tbl_motorcycle_category`.`model_type`, `tbl_motorcycle_category`.`category`
FROM `tbl_bulletins`
LEFT JOIN `tbl_motorcycle_category` ON `tbl_motorcyclelist`.`category_id` = `tbl_motorcycle_category`.`IndexKey`
WHERE `tbl_motorcyclelist`.`IndexKey` = \'00002\'', 0)
 2 SYSTEMPATH\Database\BaseConnection.php(695): CodeIgniter\Database\MySQLi\Connection->execute('SELECT `tbl_motorcyclelist`.`model_name`, `tbl_motorcyclelist`.`IndexKey`, `tbl_motorcyclelist`.`pet_name`, `tbl_motorcyclelist`.`model_code`, `tbl_motorcycle_category`.`model_type`, `tbl_motorcycle_category`.`category`
FROM `tbl_bulletins`
LEFT JOIN `tbl_motorcycle_category` ON `tbl_motorcyclelist`.`category_id` = `tbl_motorcycle_category`.`IndexKey`
WHERE `tbl_motorcyclelist`.`IndexKey` = \'00002\'')
 3 SYSTEMPATH\Database\BaseConnection.php(609): CodeIgniter\Database\BaseConnection->simpleQuery('SELECT `tbl_motorcyclelist`.`model_name`, `tbl_motorcyclelist`.`IndexKey`, `tbl_motorcyclelist`.`pet_name`, `tbl_motorcyclelist`.`model_code`, `tbl_motorcycle_category`.`model_type`, `tbl_motorcycle_category`.`category`
FROM `tbl_bulletins`
LEFT JOIN `tbl_motorcycle_category` ON `tbl_motorcyclelist`.`category_id` = `tbl_motorcycle_category`.`IndexKey`
WHERE `tbl_motorcyclelist`.`IndexKey` = \'00002\'')
 4 SYSTEMPATH\Database\BaseBuilder.php(1585): CodeIgniter\Database\BaseConnection->query('SELECT `tbl_motorcyclelist`.`model_name`, `tbl_motorcyclelist`.`IndexKey`, `tbl_motorcyclelist`.`pet_name`, `tbl_motorcyclelist`.`model_code`, `tbl_motorcycle_category`.`model_type`, `tbl_motorcycle_category`.`category`
FROM `tbl_bulletins`
LEFT JOIN `tbl_motorcycle_category` ON `tbl_motorcyclelist`.`category_id` = `tbl_motorcycle_category`.`IndexKey`
WHERE `tbl_motorcyclelist`.`IndexKey` = :tbl_motorcyclelist.IndexKey:', [...], false)
 5 SYSTEMPATH\Model.php(771): CodeIgniter\Database\BaseBuilder->get()
 6 APPPATH\Models\Bulletin_model.php(34): CodeIgniter\Model->__call('get', [])
 7 APPPATH\Controllers\Bulletin.php(174): App\Models\Bulletin_model->getMotorcycleById('00002')
 8 SYSTEMPATH\CodeIgniter.php(896): App\Controllers\Bulletin->edit('00002')
 9 SYSTEMPATH\CodeIgniter.php(466): CodeIgniter\CodeIgniter->runController(Object(App\Controllers\Bulletin))
10 SYSTEMPATH\CodeIgniter.php(349): CodeIgniter\CodeIgniter->handleRequest(null, Object(Config\Cache), false)
11 FCPATH\index.php(55): CodeIgniter\CodeIgniter->run()
ERROR - 2024-08-25 11:13:58 --> Unknown column 'tbl_motorcyclelist.model_name' in 'field list'
CRITICAL - 2024-08-25 11:13:58 --> Unknown column 'tbl_motorcyclelist.model_name' in 'field list'
in SYSTEMPATH\Database\MySQLi\Connection.php on line 292.
 1 SYSTEMPATH\Database\MySQLi\Connection.php(292): mysqli->query('SELECT `tbl_motorcyclelist`.`model_name`, `tbl_motorcyclelist`.`IndexKey`, `tbl_motorcyclelist`.`pet_name`, `tbl_motorcyclelist`.`model_code`, `tbl_motorcycle_category`.`model_type`, `tbl_motorcycle_category`.`category`
FROM `tbl_bulletins`
LEFT JOIN `tbl_motorcycle_category` ON `tbl_motorcyclelist`.`category_id` = `tbl_motorcycle_category`.`IndexKey`
WHERE `tbl_motorcyclelist`.`IndexKey` = \'00003\'', 0)
 2 SYSTEMPATH\Database\BaseConnection.php(695): CodeIgniter\Database\MySQLi\Connection->execute('SELECT `tbl_motorcyclelist`.`model_name`, `tbl_motorcyclelist`.`IndexKey`, `tbl_motorcyclelist`.`pet_name`, `tbl_motorcyclelist`.`model_code`, `tbl_motorcycle_category`.`model_type`, `tbl_motorcycle_category`.`category`
FROM `tbl_bulletins`
LEFT JOIN `tbl_motorcycle_category` ON `tbl_motorcyclelist`.`category_id` = `tbl_motorcycle_category`.`IndexKey`
WHERE `tbl_motorcyclelist`.`IndexKey` = \'00003\'')
 3 SYSTEMPATH\Database\BaseConnection.php(609): CodeIgniter\Database\BaseConnection->simpleQuery('SELECT `tbl_motorcyclelist`.`model_name`, `tbl_motorcyclelist`.`IndexKey`, `tbl_motorcyclelist`.`pet_name`, `tbl_motorcyclelist`.`model_code`, `tbl_motorcycle_category`.`model_type`, `tbl_motorcycle_category`.`category`
FROM `tbl_bulletins`
LEFT JOIN `tbl_motorcycle_category` ON `tbl_motorcyclelist`.`category_id` = `tbl_motorcycle_category`.`IndexKey`
WHERE `tbl_motorcyclelist`.`IndexKey` = \'00003\'')
 4 SYSTEMPATH\Database\BaseBuilder.php(1585): CodeIgniter\Database\BaseConnection->query('SELECT `tbl_motorcyclelist`.`model_name`, `tbl_motorcyclelist`.`IndexKey`, `tbl_motorcyclelist`.`pet_name`, `tbl_motorcyclelist`.`model_code`, `tbl_motorcycle_category`.`model_type`, `tbl_motorcycle_category`.`category`
FROM `tbl_bulletins`
LEFT JOIN `tbl_motorcycle_category` ON `tbl_motorcyclelist`.`category_id` = `tbl_motorcycle_category`.`IndexKey`
WHERE `tbl_motorcyclelist`.`IndexKey` = :tbl_motorcyclelist.IndexKey:', [...], false)
 5 SYSTEMPATH\Model.php(771): CodeIgniter\Database\BaseBuilder->get()
 6 APPPATH\Models\Bulletin_model.php(34): CodeIgniter\Model->__call('get', [])
 7 APPPATH\Controllers\Bulletin.php(174): App\Models\Bulletin_model->getMotorcycleById('00003')
 8 SYSTEMPATH\CodeIgniter.php(896): App\Controllers\Bulletin->edit('00003')
 9 SYSTEMPATH\CodeIgniter.php(466): CodeIgniter\CodeIgniter->runController(Object(App\Controllers\Bulletin))
10 SYSTEMPATH\CodeIgniter.php(349): CodeIgniter\CodeIgniter->handleRequest(null, Object(Config\Cache), false)
11 FCPATH\index.php(55): CodeIgniter\CodeIgniter->run()
ERROR - 2024-08-25 11:22:27 --> Unknown column 'tbl_motorcyclelist.model_name' in 'field list'
CRITICAL - 2024-08-25 11:22:27 --> Unknown column 'tbl_motorcyclelist.model_name' in 'field list'
in SYSTEMPATH\Database\MySQLi\Connection.php on line 292.
 1 SYSTEMPATH\Database\MySQLi\Connection.php(292): mysqli->query('SELECT `tbl_motorcyclelist`.`model_name`, `tbl_motorcyclelist`.`IndexKey`, `tbl_motorcyclelist`.`pet_name`, `tbl_motorcyclelist`.`model_code`, `tbl_motorcycle_category`.`model_type`, `tbl_motorcycle_category`.`category`
FROM `tbl_bulletins`
LEFT JOIN `tbl_motorcycle_category` ON `tbl_motorcyclelist`.`category_id` = `tbl_motorcycle_category`.`IndexKey`
WHERE `tbl_motorcyclelist`.`IndexKey` = \'00003\'', 0)
 2 SYSTEMPATH\Database\BaseConnection.php(695): CodeIgniter\Database\MySQLi\Connection->execute('SELECT `tbl_motorcyclelist`.`model_name`, `tbl_motorcyclelist`.`IndexKey`, `tbl_motorcyclelist`.`pet_name`, `tbl_motorcyclelist`.`model_code`, `tbl_motorcycle_category`.`model_type`, `tbl_motorcycle_category`.`category`
FROM `tbl_bulletins`
LEFT JOIN `tbl_motorcycle_category` ON `tbl_motorcyclelist`.`category_id` = `tbl_motorcycle_category`.`IndexKey`
WHERE `tbl_motorcyclelist`.`IndexKey` = \'00003\'')
 3 SYSTEMPATH\Database\BaseConnection.php(609): CodeIgniter\Database\BaseConnection->simpleQuery('SELECT `tbl_motorcyclelist`.`model_name`, `tbl_motorcyclelist`.`IndexKey`, `tbl_motorcyclelist`.`pet_name`, `tbl_motorcyclelist`.`model_code`, `tbl_motorcycle_category`.`model_type`, `tbl_motorcycle_category`.`category`
FROM `tbl_bulletins`
LEFT JOIN `tbl_motorcycle_category` ON `tbl_motorcyclelist`.`category_id` = `tbl_motorcycle_category`.`IndexKey`
WHERE `tbl_motorcyclelist`.`IndexKey` = \'00003\'')
 4 SYSTEMPATH\Database\BaseBuilder.php(1585): CodeIgniter\Database\BaseConnection->query('SELECT `tbl_motorcyclelist`.`model_name`, `tbl_motorcyclelist`.`IndexKey`, `tbl_motorcyclelist`.`pet_name`, `tbl_motorcyclelist`.`model_code`, `tbl_motorcycle_category`.`model_type`, `tbl_motorcycle_category`.`category`
FROM `tbl_bulletins`
LEFT JOIN `tbl_motorcycle_category` ON `tbl_motorcyclelist`.`category_id` = `tbl_motorcycle_category`.`IndexKey`
WHERE `tbl_motorcyclelist`.`IndexKey` = :tbl_motorcyclelist.IndexKey:', [...], false)
 5 SYSTEMPATH\Model.php(771): CodeIgniter\Database\BaseBuilder->get()
 6 APPPATH\Models\Bulletin_model.php(34): CodeIgniter\Model->__call('get', [])
 7 APPPATH\Controllers\Bulletin.php(174): App\Models\Bulletin_model->getMotorcycleById('00003')
 8 SYSTEMPATH\CodeIgniter.php(896): App\Controllers\Bulletin->edit('00003')
 9 SYSTEMPATH\CodeIgniter.php(466): CodeIgniter\CodeIgniter->runController(Object(App\Controllers\Bulletin))
10 SYSTEMPATH\CodeIgniter.php(349): CodeIgniter\CodeIgniter->handleRequest(null, Object(Config\Cache), false)
11 FCPATH\index.php(55): CodeIgniter\CodeIgniter->run()
ERROR - 2024-08-25 11:22:28 --> Unknown column 'tbl_motorcyclelist.model_name' in 'field list'
CRITICAL - 2024-08-25 11:22:28 --> Unknown column 'tbl_motorcyclelist.model_name' in 'field list'
in SYSTEMPATH\Database\MySQLi\Connection.php on line 292.
 1 SYSTEMPATH\Database\MySQLi\Connection.php(292): mysqli->query('SELECT `tbl_motorcyclelist`.`model_name`, `tbl_motorcyclelist`.`IndexKey`, `tbl_motorcyclelist`.`pet_name`, `tbl_motorcyclelist`.`model_code`, `tbl_motorcycle_category`.`model_type`, `tbl_motorcycle_category`.`category`
FROM `tbl_bulletins`
LEFT JOIN `tbl_motorcycle_category` ON `tbl_motorcyclelist`.`category_id` = `tbl_motorcycle_category`.`IndexKey`
WHERE `tbl_motorcyclelist`.`IndexKey` = \'00003\'', 0)
 2 SYSTEMPATH\Database\BaseConnection.php(695): CodeIgniter\Database\MySQLi\Connection->execute('SELECT `tbl_motorcyclelist`.`model_name`, `tbl_motorcyclelist`.`IndexKey`, `tbl_motorcyclelist`.`pet_name`, `tbl_motorcyclelist`.`model_code`, `tbl_motorcycle_category`.`model_type`, `tbl_motorcycle_category`.`category`
FROM `tbl_bulletins`
LEFT JOIN `tbl_motorcycle_category` ON `tbl_motorcyclelist`.`category_id` = `tbl_motorcycle_category`.`IndexKey`
WHERE `tbl_motorcyclelist`.`IndexKey` = \'00003\'')
 3 SYSTEMPATH\Database\BaseConnection.php(609): CodeIgniter\Database\BaseConnection->simpleQuery('SELECT `tbl_motorcyclelist`.`model_name`, `tbl_motorcyclelist`.`IndexKey`, `tbl_motorcyclelist`.`pet_name`, `tbl_motorcyclelist`.`model_code`, `tbl_motorcycle_category`.`model_type`, `tbl_motorcycle_category`.`category`
FROM `tbl_bulletins`
LEFT JOIN `tbl_motorcycle_category` ON `tbl_motorcyclelist`.`category_id` = `tbl_motorcycle_category`.`IndexKey`
WHERE `tbl_motorcyclelist`.`IndexKey` = \'00003\'')
 4 SYSTEMPATH\Database\BaseBuilder.php(1585): CodeIgniter\Database\BaseConnection->query('SELECT `tbl_motorcyclelist`.`model_name`, `tbl_motorcyclelist`.`IndexKey`, `tbl_motorcyclelist`.`pet_name`, `tbl_motorcyclelist`.`model_code`, `tbl_motorcycle_category`.`model_type`, `tbl_motorcycle_category`.`category`
FROM `tbl_bulletins`
LEFT JOIN `tbl_motorcycle_category` ON `tbl_motorcyclelist`.`category_id` = `tbl_motorcycle_category`.`IndexKey`
WHERE `tbl_motorcyclelist`.`IndexKey` = :tbl_motorcyclelist.IndexKey:', [...], false)
 5 SYSTEMPATH\Model.php(771): CodeIgniter\Database\BaseBuilder->get()
 6 APPPATH\Models\Bulletin_model.php(34): CodeIgniter\Model->__call('get', [])
 7 APPPATH\Controllers\Bulletin.php(174): App\Models\Bulletin_model->getMotorcycleById('00003')
 8 SYSTEMPATH\CodeIgniter.php(896): App\Controllers\Bulletin->edit('00003')
 9 SYSTEMPATH\CodeIgniter.php(466): CodeIgniter\CodeIgniter->runController(Object(App\Controllers\Bulletin))
10 SYSTEMPATH\CodeIgniter.php(349): CodeIgniter\CodeIgniter->handleRequest(null, Object(Config\Cache), false)
11 FCPATH\index.php(55): CodeIgniter\CodeIgniter->run()
ERROR - 2024-08-25 11:22:34 --> Unknown column 'tbl_motorcyclelist.model_name' in 'field list'
CRITICAL - 2024-08-25 11:22:34 --> Unknown column 'tbl_motorcyclelist.model_name' in 'field list'
in SYSTEMPATH\Database\MySQLi\Connection.php on line 292.
 1 SYSTEMPATH\Database\MySQLi\Connection.php(292): mysqli->query('SELECT `tbl_motorcyclelist`.`model_name`, `tbl_motorcyclelist`.`IndexKey`, `tbl_motorcyclelist`.`pet_name`, `tbl_motorcyclelist`.`model_code`, `tbl_motorcycle_category`.`model_type`, `tbl_motorcycle_category`.`category`
FROM `tbl_bulletins`
LEFT JOIN `tbl_motorcycle_category` ON `tbl_motorcyclelist`.`category_id` = `tbl_motorcycle_category`.`IndexKey`
WHERE `tbl_motorcyclelist`.`IndexKey` = \'00003\'', 0)
 2 SYSTEMPATH\Database\BaseConnection.php(695): CodeIgniter\Database\MySQLi\Connection->execute('SELECT `tbl_motorcyclelist`.`model_name`, `tbl_motorcyclelist`.`IndexKey`, `tbl_motorcyclelist`.`pet_name`, `tbl_motorcyclelist`.`model_code`, `tbl_motorcycle_category`.`model_type`, `tbl_motorcycle_category`.`category`
FROM `tbl_bulletins`
LEFT JOIN `tbl_motorcycle_category` ON `tbl_motorcyclelist`.`category_id` = `tbl_motorcycle_category`.`IndexKey`
WHERE `tbl_motorcyclelist`.`IndexKey` = \'00003\'')
 3 SYSTEMPATH\Database\BaseConnection.php(609): CodeIgniter\Database\BaseConnection->simpleQuery('SELECT `tbl_motorcyclelist`.`model_name`, `tbl_motorcyclelist`.`IndexKey`, `tbl_motorcyclelist`.`pet_name`, `tbl_motorcyclelist`.`model_code`, `tbl_motorcycle_category`.`model_type`, `tbl_motorcycle_category`.`category`
FROM `tbl_bulletins`
LEFT JOIN `tbl_motorcycle_category` ON `tbl_motorcyclelist`.`category_id` = `tbl_motorcycle_category`.`IndexKey`
WHERE `tbl_motorcyclelist`.`IndexKey` = \'00003\'')
 4 SYSTEMPATH\Database\BaseBuilder.php(1585): CodeIgniter\Database\BaseConnection->query('SELECT `tbl_motorcyclelist`.`model_name`, `tbl_motorcyclelist`.`IndexKey`, `tbl_motorcyclelist`.`pet_name`, `tbl_motorcyclelist`.`model_code`, `tbl_motorcycle_category`.`model_type`, `tbl_motorcycle_category`.`category`
FROM `tbl_bulletins`
LEFT JOIN `tbl_motorcycle_category` ON `tbl_motorcyclelist`.`category_id` = `tbl_motorcycle_category`.`IndexKey`
WHERE `tbl_motorcyclelist`.`IndexKey` = :tbl_motorcyclelist.IndexKey:', [...], false)
 5 SYSTEMPATH\Model.php(771): CodeIgniter\Database\BaseBuilder->get()
 6 APPPATH\Models\Bulletin_model.php(34): CodeIgniter\Model->__call('get', [])
 7 APPPATH\Controllers\Bulletin.php(174): App\Models\Bulletin_model->getMotorcycleById('00003')
 8 SYSTEMPATH\CodeIgniter.php(896): App\Controllers\Bulletin->edit('00003')
 9 SYSTEMPATH\CodeIgniter.php(466): CodeIgniter\CodeIgniter->runController(Object(App\Controllers\Bulletin))
10 SYSTEMPATH\CodeIgniter.php(349): CodeIgniter\CodeIgniter->handleRequest(null, Object(Config\Cache), false)
11 FCPATH\index.php(55): CodeIgniter\CodeIgniter->run()
ERROR - 2024-08-25 12:46:34 --> Unknown column 'tbl_motorcyclelist.model_name' in 'field list'
CRITICAL - 2024-08-25 12:46:34 --> Unknown column 'tbl_motorcyclelist.model_name' in 'field list'
in SYSTEMPATH\Database\MySQLi\Connection.php on line 292.
 1 SYSTEMPATH\Database\MySQLi\Connection.php(292): mysqli->query('SELECT `tbl_motorcyclelist`.`model_name`, `tbl_motorcyclelist`.`IndexKey`, `tbl_motorcyclelist`.`pet_name`, `tbl_motorcyclelist`.`model_code`, `tbl_motorcycle_category`.`model_type`, `tbl_motorcycle_category`.`category`
FROM `tbl_bulletins`
LEFT JOIN `tbl_motorcycle_category` ON `tbl_motorcyclelist`.`category_id` = `tbl_motorcycle_category`.`IndexKey`
WHERE `tbl_motorcyclelist`.`IndexKey` = \'00004\'', 0)
 2 SYSTEMPATH\Database\BaseConnection.php(695): CodeIgniter\Database\MySQLi\Connection->execute('SELECT `tbl_motorcyclelist`.`model_name`, `tbl_motorcyclelist`.`IndexKey`, `tbl_motorcyclelist`.`pet_name`, `tbl_motorcyclelist`.`model_code`, `tbl_motorcycle_category`.`model_type`, `tbl_motorcycle_category`.`category`
FROM `tbl_bulletins`
LEFT JOIN `tbl_motorcycle_category` ON `tbl_motorcyclelist`.`category_id` = `tbl_motorcycle_category`.`IndexKey`
WHERE `tbl_motorcyclelist`.`IndexKey` = \'00004\'')
 3 SYSTEMPATH\Database\BaseConnection.php(609): CodeIgniter\Database\BaseConnection->simpleQuery('SELECT `tbl_motorcyclelist`.`model_name`, `tbl_motorcyclelist`.`IndexKey`, `tbl_motorcyclelist`.`pet_name`, `tbl_motorcyclelist`.`model_code`, `tbl_motorcycle_category`.`model_type`, `tbl_motorcycle_category`.`category`
FROM `tbl_bulletins`
LEFT JOIN `tbl_motorcycle_category` ON `tbl_motorcyclelist`.`category_id` = `tbl_motorcycle_category`.`IndexKey`
WHERE `tbl_motorcyclelist`.`IndexKey` = \'00004\'')
 4 SYSTEMPATH\Database\BaseBuilder.php(1585): CodeIgniter\Database\BaseConnection->query('SELECT `tbl_motorcyclelist`.`model_name`, `tbl_motorcyclelist`.`IndexKey`, `tbl_motorcyclelist`.`pet_name`, `tbl_motorcyclelist`.`model_code`, `tbl_motorcycle_category`.`model_type`, `tbl_motorcycle_category`.`category`
FROM `tbl_bulletins`
LEFT JOIN `tbl_motorcycle_category` ON `tbl_motorcyclelist`.`category_id` = `tbl_motorcycle_category`.`IndexKey`
WHERE `tbl_motorcyclelist`.`IndexKey` = :tbl_motorcyclelist.IndexKey:', [...], false)
 5 SYSTEMPATH\Model.php(771): CodeIgniter\Database\BaseBuilder->get()
 6 APPPATH\Models\Bulletin_model.php(34): CodeIgniter\Model->__call('get', [])
 7 APPPATH\Controllers\Bulletin.php(174): App\Models\Bulletin_model->getMotorcycleById('00004')
 8 SYSTEMPATH\CodeIgniter.php(896): App\Controllers\Bulletin->edit('00004')
 9 SYSTEMPATH\CodeIgniter.php(466): CodeIgniter\CodeIgniter->runController(Object(App\Controllers\Bulletin))
10 SYSTEMPATH\CodeIgniter.php(349): CodeIgniter\CodeIgniter->handleRequest(null, Object(Config\Cache), false)
11 FCPATH\index.php(55): CodeIgniter\CodeIgniter->run()
ERROR - 2024-08-25 12:46:34 --> Unknown column 'tbl_motorcyclelist.model_name' in 'field list'
CRITICAL - 2024-08-25 12:46:34 --> Unknown column 'tbl_motorcyclelist.model_name' in 'field list'
in SYSTEMPATH\Database\MySQLi\Connection.php on line 292.
 1 SYSTEMPATH\Database\MySQLi\Connection.php(292): mysqli->query('SELECT `tbl_motorcyclelist`.`model_name`, `tbl_motorcyclelist`.`IndexKey`, `tbl_motorcyclelist`.`pet_name`, `tbl_motorcyclelist`.`model_code`, `tbl_motorcycle_category`.`model_type`, `tbl_motorcycle_category`.`category`
FROM `tbl_bulletins`
LEFT JOIN `tbl_motorcycle_category` ON `tbl_motorcyclelist`.`category_id` = `tbl_motorcycle_category`.`IndexKey`
WHERE `tbl_motorcyclelist`.`IndexKey` = \'00004\'', 0)
 2 SYSTEMPATH\Database\BaseConnection.php(695): CodeIgniter\Database\MySQLi\Connection->execute('SELECT `tbl_motorcyclelist`.`model_name`, `tbl_motorcyclelist`.`IndexKey`, `tbl_motorcyclelist`.`pet_name`, `tbl_motorcyclelist`.`model_code`, `tbl_motorcycle_category`.`model_type`, `tbl_motorcycle_category`.`category`
FROM `tbl_bulletins`
LEFT JOIN `tbl_motorcycle_category` ON `tbl_motorcyclelist`.`category_id` = `tbl_motorcycle_category`.`IndexKey`
WHERE `tbl_motorcyclelist`.`IndexKey` = \'00004\'')
 3 SYSTEMPATH\Database\BaseConnection.php(609): CodeIgniter\Database\BaseConnection->simpleQuery('SELECT `tbl_motorcyclelist`.`model_name`, `tbl_motorcyclelist`.`IndexKey`, `tbl_motorcyclelist`.`pet_name`, `tbl_motorcyclelist`.`model_code`, `tbl_motorcycle_category`.`model_type`, `tbl_motorcycle_category`.`category`
FROM `tbl_bulletins`
LEFT JOIN `tbl_motorcycle_category` ON `tbl_motorcyclelist`.`category_id` = `tbl_motorcycle_category`.`IndexKey`
WHERE `tbl_motorcyclelist`.`IndexKey` = \'00004\'')
 4 SYSTEMPATH\Database\BaseBuilder.php(1585): CodeIgniter\Database\BaseConnection->query('SELECT `tbl_motorcyclelist`.`model_name`, `tbl_motorcyclelist`.`IndexKey`, `tbl_motorcyclelist`.`pet_name`, `tbl_motorcyclelist`.`model_code`, `tbl_motorcycle_category`.`model_type`, `tbl_motorcycle_category`.`category`
FROM `tbl_bulletins`
LEFT JOIN `tbl_motorcycle_category` ON `tbl_motorcyclelist`.`category_id` = `tbl_motorcycle_category`.`IndexKey`
WHERE `tbl_motorcyclelist`.`IndexKey` = :tbl_motorcyclelist.IndexKey:', [...], false)
 5 SYSTEMPATH\Model.php(771): CodeIgniter\Database\BaseBuilder->get()
 6 APPPATH\Models\Bulletin_model.php(34): CodeIgniter\Model->__call('get', [])
 7 APPPATH\Controllers\Bulletin.php(174): App\Models\Bulletin_model->getMotorcycleById('00004')
 8 SYSTEMPATH\CodeIgniter.php(896): App\Controllers\Bulletin->edit('00004')
 9 SYSTEMPATH\CodeIgniter.php(466): CodeIgniter\CodeIgniter->runController(Object(App\Controllers\Bulletin))
10 SYSTEMPATH\CodeIgniter.php(349): CodeIgniter\CodeIgniter->handleRequest(null, Object(Config\Cache), false)
11 FCPATH\index.php(55): CodeIgniter\CodeIgniter->run()
ERROR - 2024-08-25 12:46:35 --> Unknown column 'tbl_motorcyclelist.model_name' in 'field list'
CRITICAL - 2024-08-25 12:46:35 --> Unknown column 'tbl_motorcyclelist.model_name' in 'field list'
in SYSTEMPATH\Database\MySQLi\Connection.php on line 292.
 1 SYSTEMPATH\Database\MySQLi\Connection.php(292): mysqli->query('SELECT `tbl_motorcyclelist`.`model_name`, `tbl_motorcyclelist`.`IndexKey`, `tbl_motorcyclelist`.`pet_name`, `tbl_motorcyclelist`.`model_code`, `tbl_motorcycle_category`.`model_type`, `tbl_motorcycle_category`.`category`
FROM `tbl_bulletins`
LEFT JOIN `tbl_motorcycle_category` ON `tbl_motorcyclelist`.`category_id` = `tbl_motorcycle_category`.`IndexKey`
WHERE `tbl_motorcyclelist`.`IndexKey` = \'00004\'', 0)
 2 SYSTEMPATH\Database\BaseConnection.php(695): CodeIgniter\Database\MySQLi\Connection->execute('SELECT `tbl_motorcyclelist`.`model_name`, `tbl_motorcyclelist`.`IndexKey`, `tbl_motorcyclelist`.`pet_name`, `tbl_motorcyclelist`.`model_code`, `tbl_motorcycle_category`.`model_type`, `tbl_motorcycle_category`.`category`
FROM `tbl_bulletins`
LEFT JOIN `tbl_motorcycle_category` ON `tbl_motorcyclelist`.`category_id` = `tbl_motorcycle_category`.`IndexKey`
WHERE `tbl_motorcyclelist`.`IndexKey` = \'00004\'')
 3 SYSTEMPATH\Database\BaseConnection.php(609): CodeIgniter\Database\BaseConnection->simpleQuery('SELECT `tbl_motorcyclelist`.`model_name`, `tbl_motorcyclelist`.`IndexKey`, `tbl_motorcyclelist`.`pet_name`, `tbl_motorcyclelist`.`model_code`, `tbl_motorcycle_category`.`model_type`, `tbl_motorcycle_category`.`category`
FROM `tbl_bulletins`
LEFT JOIN `tbl_motorcycle_category` ON `tbl_motorcyclelist`.`category_id` = `tbl_motorcycle_category`.`IndexKey`
WHERE `tbl_motorcyclelist`.`IndexKey` = \'00004\'')
 4 SYSTEMPATH\Database\BaseBuilder.php(1585): CodeIgniter\Database\BaseConnection->query('SELECT `tbl_motorcyclelist`.`model_name`, `tbl_motorcyclelist`.`IndexKey`, `tbl_motorcyclelist`.`pet_name`, `tbl_motorcyclelist`.`model_code`, `tbl_motorcycle_category`.`model_type`, `tbl_motorcycle_category`.`category`
FROM `tbl_bulletins`
LEFT JOIN `tbl_motorcycle_category` ON `tbl_motorcyclelist`.`category_id` = `tbl_motorcycle_category`.`IndexKey`
WHERE `tbl_motorcyclelist`.`IndexKey` = :tbl_motorcyclelist.IndexKey:', [...], false)
 5 SYSTEMPATH\Model.php(771): CodeIgniter\Database\BaseBuilder->get()
 6 APPPATH\Models\Bulletin_model.php(34): CodeIgniter\Model->__call('get', [])
 7 APPPATH\Controllers\Bulletin.php(174): App\Models\Bulletin_model->getMotorcycleById('00004')
 8 SYSTEMPATH\CodeIgniter.php(896): App\Controllers\Bulletin->edit('00004')
 9 SYSTEMPATH\CodeIgniter.php(466): CodeIgniter\CodeIgniter->runController(Object(App\Controllers\Bulletin))
10 SYSTEMPATH\CodeIgniter.php(349): CodeIgniter\CodeIgniter->handleRequest(null, Object(Config\Cache), false)
11 FCPATH\index.php(55): CodeIgniter\CodeIgniter->run()
ERROR - 2024-08-25 12:46:35 --> Unknown column 'tbl_motorcyclelist.model_name' in 'field list'
CRITICAL - 2024-08-25 12:46:35 --> Unknown column 'tbl_motorcyclelist.model_name' in 'field list'
in SYSTEMPATH\Database\MySQLi\Connection.php on line 292.
 1 SYSTEMPATH\Database\MySQLi\Connection.php(292): mysqli->query('SELECT `tbl_motorcyclelist`.`model_name`, `tbl_motorcyclelist`.`IndexKey`, `tbl_motorcyclelist`.`pet_name`, `tbl_motorcyclelist`.`model_code`, `tbl_motorcycle_category`.`model_type`, `tbl_motorcycle_category`.`category`
FROM `tbl_bulletins`
LEFT JOIN `tbl_motorcycle_category` ON `tbl_motorcyclelist`.`category_id` = `tbl_motorcycle_category`.`IndexKey`
WHERE `tbl_motorcyclelist`.`IndexKey` = \'00004\'', 0)
 2 SYSTEMPATH\Database\BaseConnection.php(695): CodeIgniter\Database\MySQLi\Connection->execute('SELECT `tbl_motorcyclelist`.`model_name`, `tbl_motorcyclelist`.`IndexKey`, `tbl_motorcyclelist`.`pet_name`, `tbl_motorcyclelist`.`model_code`, `tbl_motorcycle_category`.`model_type`, `tbl_motorcycle_category`.`category`
FROM `tbl_bulletins`
LEFT JOIN `tbl_motorcycle_category` ON `tbl_motorcyclelist`.`category_id` = `tbl_motorcycle_category`.`IndexKey`
WHERE `tbl_motorcyclelist`.`IndexKey` = \'00004\'')
 3 SYSTEMPATH\Database\BaseConnection.php(609): CodeIgniter\Database\BaseConnection->simpleQuery('SELECT `tbl_motorcyclelist`.`model_name`, `tbl_motorcyclelist`.`IndexKey`, `tbl_motorcyclelist`.`pet_name`, `tbl_motorcyclelist`.`model_code`, `tbl_motorcycle_category`.`model_type`, `tbl_motorcycle_category`.`category`
FROM `tbl_bulletins`
LEFT JOIN `tbl_motorcycle_category` ON `tbl_motorcyclelist`.`category_id` = `tbl_motorcycle_category`.`IndexKey`
WHERE `tbl_motorcyclelist`.`IndexKey` = \'00004\'')
 4 SYSTEMPATH\Database\BaseBuilder.php(1585): CodeIgniter\Database\BaseConnection->query('SELECT `tbl_motorcyclelist`.`model_name`, `tbl_motorcyclelist`.`IndexKey`, `tbl_motorcyclelist`.`pet_name`, `tbl_motorcyclelist`.`model_code`, `tbl_motorcycle_category`.`model_type`, `tbl_motorcycle_category`.`category`
FROM `tbl_bulletins`
LEFT JOIN `tbl_motorcycle_category` ON `tbl_motorcyclelist`.`category_id` = `tbl_motorcycle_category`.`IndexKey`
WHERE `tbl_motorcyclelist`.`IndexKey` = :tbl_motorcyclelist.IndexKey:', [...], false)
 5 SYSTEMPATH\Model.php(771): CodeIgniter\Database\BaseBuilder->get()
 6 APPPATH\Models\Bulletin_model.php(34): CodeIgniter\Model->__call('get', [])
 7 APPPATH\Controllers\Bulletin.php(174): App\Models\Bulletin_model->getMotorcycleById('00004')
 8 SYSTEMPATH\CodeIgniter.php(896): App\Controllers\Bulletin->edit('00004')
 9 SYSTEMPATH\CodeIgniter.php(466): CodeIgniter\CodeIgniter->runController(Object(App\Controllers\Bulletin))
10 SYSTEMPATH\CodeIgniter.php(349): CodeIgniter\CodeIgniter->handleRequest(null, Object(Config\Cache), false)
11 FCPATH\index.php(55): CodeIgniter\CodeIgniter->run()
ERROR - 2024-08-25 12:46:35 --> Unknown column 'tbl_motorcyclelist.model_name' in 'field list'
CRITICAL - 2024-08-25 12:46:35 --> Unknown column 'tbl_motorcyclelist.model_name' in 'field list'
in SYSTEMPATH\Database\MySQLi\Connection.php on line 292.
 1 SYSTEMPATH\Database\MySQLi\Connection.php(292): mysqli->query('SELECT `tbl_motorcyclelist`.`model_name`, `tbl_motorcyclelist`.`IndexKey`, `tbl_motorcyclelist`.`pet_name`, `tbl_motorcyclelist`.`model_code`, `tbl_motorcycle_category`.`model_type`, `tbl_motorcycle_category`.`category`
FROM `tbl_bulletins`
LEFT JOIN `tbl_motorcycle_category` ON `tbl_motorcyclelist`.`category_id` = `tbl_motorcycle_category`.`IndexKey`
WHERE `tbl_motorcyclelist`.`IndexKey` = \'00004\'', 0)
 2 SYSTEMPATH\Database\BaseConnection.php(695): CodeIgniter\Database\MySQLi\Connection->execute('SELECT `tbl_motorcyclelist`.`model_name`, `tbl_motorcyclelist`.`IndexKey`, `tbl_motorcyclelist`.`pet_name`, `tbl_motorcyclelist`.`model_code`, `tbl_motorcycle_category`.`model_type`, `tbl_motorcycle_category`.`category`
FROM `tbl_bulletins`
LEFT JOIN `tbl_motorcycle_category` ON `tbl_motorcyclelist`.`category_id` = `tbl_motorcycle_category`.`IndexKey`
WHERE `tbl_motorcyclelist`.`IndexKey` = \'00004\'')
 3 SYSTEMPATH\Database\BaseConnection.php(609): CodeIgniter\Database\BaseConnection->simpleQuery('SELECT `tbl_motorcyclelist`.`model_name`, `tbl_motorcyclelist`.`IndexKey`, `tbl_motorcyclelist`.`pet_name`, `tbl_motorcyclelist`.`model_code`, `tbl_motorcycle_category`.`model_type`, `tbl_motorcycle_category`.`category`
FROM `tbl_bulletins`
LEFT JOIN `tbl_motorcycle_category` ON `tbl_motorcyclelist`.`category_id` = `tbl_motorcycle_category`.`IndexKey`
WHERE `tbl_motorcyclelist`.`IndexKey` = \'00004\'')
 4 SYSTEMPATH\Database\BaseBuilder.php(1585): CodeIgniter\Database\BaseConnection->query('SELECT `tbl_motorcyclelist`.`model_name`, `tbl_motorcyclelist`.`IndexKey`, `tbl_motorcyclelist`.`pet_name`, `tbl_motorcyclelist`.`model_code`, `tbl_motorcycle_category`.`model_type`, `tbl_motorcycle_category`.`category`
FROM `tbl_bulletins`
LEFT JOIN `tbl_motorcycle_category` ON `tbl_motorcyclelist`.`category_id` = `tbl_motorcycle_category`.`IndexKey`
WHERE `tbl_motorcyclelist`.`IndexKey` = :tbl_motorcyclelist.IndexKey:', [...], false)
 5 SYSTEMPATH\Model.php(771): CodeIgniter\Database\BaseBuilder->get()
 6 APPPATH\Models\Bulletin_model.php(34): CodeIgniter\Model->__call('get', [])
 7 APPPATH\Controllers\Bulletin.php(174): App\Models\Bulletin_model->getMotorcycleById('00004')
 8 SYSTEMPATH\CodeIgniter.php(896): App\Controllers\Bulletin->edit('00004')
 9 SYSTEMPATH\CodeIgniter.php(466): CodeIgniter\CodeIgniter->runController(Object(App\Controllers\Bulletin))
10 SYSTEMPATH\CodeIgniter.php(349): CodeIgniter\CodeIgniter->handleRequest(null, Object(Config\Cache), false)
11 FCPATH\index.php(55): CodeIgniter\CodeIgniter->run()
ERROR - 2024-08-25 12:49:05 --> You have an error in your SQL syntax; check the manual that corresponds to your MariaDB server version for the right syntax to use near 'IS NULL
 LIMIT 1' at line 3
CRITICAL - 2024-08-25 12:49:05 --> You have an error in your SQL syntax; check the manual that corresponds to your MariaDB server version for the right syntax to use near 'IS NULL
 LIMIT 1' at line 3
in SYSTEMPATH\Database\MySQLi\Connection.php on line 292.
 1 SYSTEMPATH\Database\MySQLi\Connection.php(292): mysqli->query('SELECT *
FROM `tbl_bulletins`
WHERE  IS NULL
 LIMIT 1', 0)
 2 SYSTEMPATH\Database\BaseConnection.php(695): CodeIgniter\Database\MySQLi\Connection->execute('SELECT *
FROM `tbl_bulletins`
WHERE  IS NULL
 LIMIT 1')
 3 SYSTEMPATH\Database\BaseConnection.php(609): CodeIgniter\Database\BaseConnection->simpleQuery('SELECT *
FROM `tbl_bulletins`
WHERE  IS NULL
 LIMIT 1')
 4 SYSTEMPATH\Database\BaseBuilder.php(1585): CodeIgniter\Database\BaseConnection->query('SELECT *
FROM `tbl_bulletins`
WHERE  IS NULL
 LIMIT 1', [], false)
 5 SYSTEMPATH\Model.php(249): CodeIgniter\Database\BaseBuilder->get()
 6 SYSTEMPATH\BaseModel.php(622): CodeIgniter\Model->doFirst()
 7 APPPATH\Models\Bulletin_model.php(20): CodeIgniter\BaseModel->first()
 8 APPPATH\Controllers\Bulletin.php(68): App\Models\Bulletin_model->recordExists('C:\\xampp\\htdocs\\Yamaha_Portal', 'C:\\xampp\\htdocs\\Yamaha_Portal')
 9 SYSTEMPATH\CodeIgniter.php(896): App\Controllers\Bulletin->add()
10 SYSTEMPATH\CodeIgniter.php(466): CodeIgniter\CodeIgniter->runController(Object(App\Controllers\Bulletin))
11 SYSTEMPATH\CodeIgniter.php(349): CodeIgniter\CodeIgniter->handleRequest(null, Object(Config\Cache), false)
12 FCPATH\index.php(55): CodeIgniter\CodeIgniter->run()
ERROR - 2024-08-25 13:00:20 --> Array
(
    [title] => The title field is required.
    [reference_number] => The reference_number field is required.
    [date_published] => The date_published field is required.
)

ERROR - 2024-08-25 13:04:00 --> Array
(
    [title] => The title field is required.
    [reference_number] => The reference_number field is required.
    [date_published] => The date_published field is required.
)

CRITICAL - 2024-08-25 13:33:09 --> Too few arguments to function App\Models\Servicebulletins_model::recordExists(), 1 passed in C:\xampp\htdocs\Yamaha_Portal\app\Controllers\Servicebulletins.php on line 112 and exactly 2 expected
in APPPATH\Models\Servicebulletins_model.php on line 33.
 1 APPPATH\Controllers\Servicebulletins.php(112): App\Models\Servicebulletins_model->recordExists([...])
 2 SYSTEMPATH\CodeIgniter.php(896): App\Controllers\Servicebulletins->add()
 3 SYSTEMPATH\CodeIgniter.php(466): CodeIgniter\CodeIgniter->runController(Object(App\Controllers\Servicebulletins))
 4 SYSTEMPATH\CodeIgniter.php(349): CodeIgniter\CodeIgniter->handleRequest(null, Object(Config\Cache), false)
 5 FCPATH\index.php(55): CodeIgniter\CodeIgniter->run()
CRITICAL - 2024-08-25 13:36:09 --> Too few arguments to function App\Models\Servicebulletins_model::recordExists(), 1 passed in C:\xampp\htdocs\Yamaha_Portal\app\Controllers\Servicebulletins.php on line 113 and exactly 2 expected
in APPPATH\Models\Servicebulletins_model.php on line 33.
 1 APPPATH\Controllers\Servicebulletins.php(113): App\Models\Servicebulletins_model->recordExists([...])
 2 SYSTEMPATH\CodeIgniter.php(896): App\Controllers\Servicebulletins->add()
 3 SYSTEMPATH\CodeIgniter.php(466): CodeIgniter\CodeIgniter->runController(Object(App\Controllers\Servicebulletins))
 4 SYSTEMPATH\CodeIgniter.php(349): CodeIgniter\CodeIgniter->handleRequest(null, Object(Config\Cache), false)
 5 FCPATH\index.php(55): CodeIgniter\CodeIgniter->run()
CRITICAL - 2024-08-25 13:36:23 --> Too few arguments to function App\Models\Servicebulletins_model::recordExists(), 1 passed in C:\xampp\htdocs\Yamaha_Portal\app\Controllers\Servicebulletins.php on line 113 and exactly 2 expected
in APPPATH\Models\Servicebulletins_model.php on line 33.
 1 APPPATH\Controllers\Servicebulletins.php(113): App\Models\Servicebulletins_model->recordExists([...])
 2 SYSTEMPATH\CodeIgniter.php(896): App\Controllers\Servicebulletins->add()
 3 SYSTEMPATH\CodeIgniter.php(466): CodeIgniter\CodeIgniter->runController(Object(App\Controllers\Servicebulletins))
 4 SYSTEMPATH\CodeIgniter.php(349): CodeIgniter\CodeIgniter->handleRequest(null, Object(Config\Cache), false)
 5 FCPATH\index.php(55): CodeIgniter\CodeIgniter->run()
ERROR - 2024-08-25 13:37:59 --> Unknown column 'date_opened' in 'field list'
CRITICAL - 2024-08-25 13:37:59 --> Unknown column 'date_opened' in 'field list'
in SYSTEMPATH\Database\MySQLi\Connection.php on line 292.
 1 SYSTEMPATH\Database\MySQLi\Connection.php(292): mysqli->query('INSERT INTO `tbl_service_bulletins` (`title`, `reference_number`, `date_opened`, `is_active`, `created_at`, `created_by`) VALUES (\'2\', \'2\', \'2024-08-25\', 1, \'2024-08-25 13:37:59\', \'Rosly Rapada\')', 0)
 2 SYSTEMPATH\Database\BaseConnection.php(695): CodeIgniter\Database\MySQLi\Connection->execute('INSERT INTO `tbl_service_bulletins` (`title`, `reference_number`, `date_opened`, `is_active`, `created_at`, `created_by`) VALUES (\'2\', \'2\', \'2024-08-25\', 1, \'2024-08-25 13:37:59\', \'Rosly Rapada\')')
 3 SYSTEMPATH\Database\BaseConnection.php(609): CodeIgniter\Database\BaseConnection->simpleQuery('INSERT INTO `tbl_service_bulletins` (`title`, `reference_number`, `date_opened`, `is_active`, `created_at`, `created_by`) VALUES (\'2\', \'2\', \'2024-08-25\', 1, \'2024-08-25 13:37:59\', \'Rosly Rapada\')')
 4 SYSTEMPATH\Database\BaseBuilder.php(1904): CodeIgniter\Database\BaseConnection->query('INSERT INTO `tbl_service_bulletins` (`title`, `reference_number`, `date_opened`, `is_active`, `created_at`, `created_by`) VALUES (:title:, :reference_number:, :date_opened:, :is_active:, :created_at:, :created_by:)', [...], false)
 5 SYSTEMPATH\Model.php(278): CodeIgniter\Database\BaseBuilder->insert()
 6 SYSTEMPATH\BaseModel.php(738): CodeIgniter\Model->doInsert([...])
 7 SYSTEMPATH\Model.php(666): CodeIgniter\BaseModel->insert([...], true)
 8 APPPATH\Controllers\Servicebulletins.php(132): CodeIgniter\Model->insert([...])
 9 SYSTEMPATH\CodeIgniter.php(896): App\Controllers\Servicebulletins->add()
10 SYSTEMPATH\CodeIgniter.php(466): CodeIgniter\CodeIgniter->runController(Object(App\Controllers\Servicebulletins))
11 SYSTEMPATH\CodeIgniter.php(349): CodeIgniter\CodeIgniter->handleRequest(null, Object(Config\Cache), false)
12 FCPATH\index.php(55): CodeIgniter\CodeIgniter->run()
ERROR - 2024-08-25 13:38:08 --> Unknown column 'date_opened' in 'field list'
CRITICAL - 2024-08-25 13:38:08 --> Unknown column 'date_opened' in 'field list'
in SYSTEMPATH\Database\MySQLi\Connection.php on line 292.
 1 SYSTEMPATH\Database\MySQLi\Connection.php(292): mysqli->query('INSERT INTO `tbl_service_bulletins` (`title`, `reference_number`, `date_opened`, `is_active`, `created_at`, `created_by`) VALUES (\'2\', \'2\', \'2024-08-25\', 1, \'2024-08-25 13:38:08\', \'Rosly Rapada\')', 0)
 2 SYSTEMPATH\Database\BaseConnection.php(695): CodeIgniter\Database\MySQLi\Connection->execute('INSERT INTO `tbl_service_bulletins` (`title`, `reference_number`, `date_opened`, `is_active`, `created_at`, `created_by`) VALUES (\'2\', \'2\', \'2024-08-25\', 1, \'2024-08-25 13:38:08\', \'Rosly Rapada\')')
 3 SYSTEMPATH\Database\BaseConnection.php(609): CodeIgniter\Database\BaseConnection->simpleQuery('INSERT INTO `tbl_service_bulletins` (`title`, `reference_number`, `date_opened`, `is_active`, `created_at`, `created_by`) VALUES (\'2\', \'2\', \'2024-08-25\', 1, \'2024-08-25 13:38:08\', \'Rosly Rapada\')')
 4 SYSTEMPATH\Database\BaseBuilder.php(1904): CodeIgniter\Database\BaseConnection->query('INSERT INTO `tbl_service_bulletins` (`title`, `reference_number`, `date_opened`, `is_active`, `created_at`, `created_by`) VALUES (:title:, :reference_number:, :date_opened:, :is_active:, :created_at:, :created_by:)', [...], false)
 5 SYSTEMPATH\Model.php(278): CodeIgniter\Database\BaseBuilder->insert()
 6 SYSTEMPATH\BaseModel.php(738): CodeIgniter\Model->doInsert([...])
 7 SYSTEMPATH\Model.php(666): CodeIgniter\BaseModel->insert([...], true)
 8 APPPATH\Controllers\Servicebulletins.php(132): CodeIgniter\Model->insert([...])
 9 SYSTEMPATH\CodeIgniter.php(896): App\Controllers\Servicebulletins->add()
10 SYSTEMPATH\CodeIgniter.php(466): CodeIgniter\CodeIgniter->runController(Object(App\Controllers\Servicebulletins))
11 SYSTEMPATH\CodeIgniter.php(349): CodeIgniter\CodeIgniter->handleRequest(null, Object(Config\Cache), false)
12 FCPATH\index.php(55): CodeIgniter\CodeIgniter->run()
ERROR - 2024-08-25 14:16:23 --> Unknown column 'date_opened' in 'where clause'
CRITICAL - 2024-08-25 14:16:23 --> Unknown column 'date_opened' in 'where clause'
in SYSTEMPATH\Database\MySQLi\Connection.php on line 292.
 1 SYSTEMPATH\Database\MySQLi\Connection.php(292): mysqli->query('SELECT *
FROM `tbl_service_bulletins`
WHERE `title` = \'1\'
AND `reference_number` = \'1\'
AND `date_opened` IS NULL
AND `updated_at` = \'2024-08-25 14:16:23\'
AND `updated_by` = \'Rosly Rapada\'
AND `IndexKey` != \'00001\'', 0)
 2 SYSTEMPATH\Database\BaseConnection.php(695): CodeIgniter\Database\MySQLi\Connection->execute('SELECT *
FROM `tbl_service_bulletins`
WHERE `title` = \'1\'
AND `reference_number` = \'1\'
AND `date_opened` IS NULL
AND `updated_at` = \'2024-08-25 14:16:23\'
AND `updated_by` = \'Rosly Rapada\'
AND `IndexKey` != \'00001\'')
 3 SYSTEMPATH\Database\BaseConnection.php(609): CodeIgniter\Database\BaseConnection->simpleQuery('SELECT *
FROM `tbl_service_bulletins`
WHERE `title` = \'1\'
AND `reference_number` = \'1\'
AND `date_opened` IS NULL
AND `updated_at` = \'2024-08-25 14:16:23\'
AND `updated_by` = \'Rosly Rapada\'
AND `IndexKey` != \'00001\'')
 4 SYSTEMPATH\Database\BaseBuilder.php(1585): CodeIgniter\Database\BaseConnection->query('SELECT *
FROM `tbl_service_bulletins`
WHERE `title` = :title:
AND `reference_number` = :reference_number:
AND `date_opened` IS NULL
AND `updated_at` = :updated_at:
AND `updated_by` = :updated_by:
AND `IndexKey` != :IndexKey:', [...], false)
 5 APPPATH\Models\Servicebulletins_model.php(51): CodeIgniter\Database\BaseBuilder->get()
 6 APPPATH\Controllers\Servicebulletins.php(185): App\Models\Servicebulletins_model->update_recordExists([...], '00001')
 7 SYSTEMPATH\CodeIgniter.php(896): App\Controllers\Servicebulletins->update('00001')
 8 SYSTEMPATH\CodeIgniter.php(466): CodeIgniter\CodeIgniter->runController(Object(App\Controllers\Servicebulletins))
 9 SYSTEMPATH\CodeIgniter.php(349): CodeIgniter\CodeIgniter->handleRequest(null, Object(Config\Cache), false)
10 FCPATH\index.php(55): CodeIgniter\CodeIgniter->run()
ERROR - 2024-08-25 14:16:56 --> Unknown column 'date_opened' in 'where clause'
CRITICAL - 2024-08-25 14:16:56 --> Unknown column 'date_opened' in 'where clause'
in SYSTEMPATH\Database\MySQLi\Connection.php on line 292.
 1 SYSTEMPATH\Database\MySQLi\Connection.php(292): mysqli->query('SELECT *
FROM `tbl_service_bulletins`
WHERE `title` = \'ZXZ\'
AND `reference_number` = \'XZXZXFDF\'
AND `date_opened` IS NULL
AND `updated_at` = \'2024-08-25 14:16:56\'
AND `updated_by` = \'Rosly Rapada\'
AND `IndexKey` != \'00010\'', 0)
 2 SYSTEMPATH\Database\BaseConnection.php(695): CodeIgniter\Database\MySQLi\Connection->execute('SELECT *
FROM `tbl_service_bulletins`
WHERE `title` = \'ZXZ\'
AND `reference_number` = \'XZXZXFDF\'
AND `date_opened` IS NULL
AND `updated_at` = \'2024-08-25 14:16:56\'
AND `updated_by` = \'Rosly Rapada\'
AND `IndexKey` != \'00010\'')
 3 SYSTEMPATH\Database\BaseConnection.php(609): CodeIgniter\Database\BaseConnection->simpleQuery('SELECT *
FROM `tbl_service_bulletins`
WHERE `title` = \'ZXZ\'
AND `reference_number` = \'XZXZXFDF\'
AND `date_opened` IS NULL
AND `updated_at` = \'2024-08-25 14:16:56\'
AND `updated_by` = \'Rosly Rapada\'
AND `IndexKey` != \'00010\'')
 4 SYSTEMPATH\Database\BaseBuilder.php(1585): CodeIgniter\Database\BaseConnection->query('SELECT *
FROM `tbl_service_bulletins`
WHERE `title` = :title:
AND `reference_number` = :reference_number:
AND `date_opened` IS NULL
AND `updated_at` = :updated_at:
AND `updated_by` = :updated_by:
AND `IndexKey` != :IndexKey:', [...], false)
 5 APPPATH\Models\Servicebulletins_model.php(51): CodeIgniter\Database\BaseBuilder->get()
 6 APPPATH\Controllers\Servicebulletins.php(185): App\Models\Servicebulletins_model->update_recordExists([...], '00010')
 7 SYSTEMPATH\CodeIgniter.php(896): App\Controllers\Servicebulletins->update('00010')
 8 SYSTEMPATH\CodeIgniter.php(466): CodeIgniter\CodeIgniter->runController(Object(App\Controllers\Servicebulletins))
 9 SYSTEMPATH\CodeIgniter.php(349): CodeIgniter\CodeIgniter->handleRequest(null, Object(Config\Cache), false)
10 FCPATH\index.php(55): CodeIgniter\CodeIgniter->run()
CRITICAL - 2024-08-25 15:38:32 --> Invalid file: modals/add_servicemanuals.php
in SYSTEMPATH\Exceptions\FrameworkException.php on line 33.
 1 SYSTEMPATH\View\View.php(201): CodeIgniter\Exceptions\FrameworkException::forInvalidFile('modals/add_servicemanuals.php')
 2 SYSTEMPATH\View\View.php(429): CodeIgniter\View\View->render('modals/add_servicemanuals', null, true)
 3 APPPATH\Views\pages\servicemanuals.php(77): CodeIgniter\View\View->include('modals/add_servicemanuals')
 4 SYSTEMPATH\View\View.php(213): include('APPPATH\\Views\\pages\\servicemanuals.php')
 5 SYSTEMPATH\View\View.php(216): CodeIgniter\View\View->CodeIgniter\View\{closure}()
 6 SYSTEMPATH\Common.php(1135): CodeIgniter\View\View->render('pages/servicemanuals', [], true)
 7 APPPATH\Controllers\Servicemanuals.php(76): view('pages/servicemanuals', [...])
 8 SYSTEMPATH\CodeIgniter.php(896): App\Controllers\Servicemanuals->index()
 9 SYSTEMPATH\CodeIgniter.php(466): CodeIgniter\CodeIgniter->runController(Object(App\Controllers\Servicemanuals))
10 SYSTEMPATH\CodeIgniter.php(349): CodeIgniter\CodeIgniter->handleRequest(null, Object(Config\Cache), false)
11 FCPATH\index.php(55): CodeIgniter\CodeIgniter->run()
ERROR - 2024-08-25 16:07:30 --> Unknown column 'model_name' in 'where clause'
CRITICAL - 2024-08-25 16:07:30 --> Unknown column 'model_name' in 'where clause'
in SYSTEMPATH\Database\MySQLi\Connection.php on line 292.
 1 SYSTEMPATH\Database\MySQLi\Connection.php(292): mysqli->query('SELECT *
FROM `tbl_service_manuals`
WHERE `model_name` IS NULL
AND `is_active` = 1', 0)
 2 SYSTEMPATH\Database\BaseConnection.php(695): CodeIgniter\Database\MySQLi\Connection->execute('SELECT *
FROM `tbl_service_manuals`
WHERE `model_name` IS NULL
AND `is_active` = 1')
 3 SYSTEMPATH\Database\BaseConnection.php(609): CodeIgniter\Database\BaseConnection->simpleQuery('SELECT *
FROM `tbl_service_manuals`
WHERE `model_name` IS NULL
AND `is_active` = 1')
 4 SYSTEMPATH\Database\BaseBuilder.php(1585): CodeIgniter\Database\BaseConnection->query('SELECT *
FROM `tbl_service_manuals`
WHERE `model_name` IS NULL
AND `is_active` = :is_active:', [...], false)
 5 SYSTEMPATH\Model.php(222): CodeIgniter\Database\BaseBuilder->get()
 6 SYSTEMPATH\BaseModel.php(584): CodeIgniter\Model->doFindAll(0, 0)
 7 APPPATH\Controllers\Servicemanuals.php(36): CodeIgniter\BaseModel->findAll()
 8 SYSTEMPATH\CodeIgniter.php(896): App\Controllers\Servicemanuals->getModelcodes()
 9 SYSTEMPATH\CodeIgniter.php(466): CodeIgniter\CodeIgniter->runController(Object(App\Controllers\Servicemanuals))
10 SYSTEMPATH\CodeIgniter.php(349): CodeIgniter\CodeIgniter->handleRequest(null, Object(Config\Cache), false)
11 FCPATH\index.php(55): CodeIgniter\CodeIgniter->run()
ERROR - 2024-08-25 16:07:33 --> Unknown column 'model_name' in 'where clause'
CRITICAL - 2024-08-25 16:07:33 --> Unknown column 'model_name' in 'where clause'
in SYSTEMPATH\Database\MySQLi\Connection.php on line 292.
 1 SYSTEMPATH\Database\MySQLi\Connection.php(292): mysqli->query('SELECT *
FROM `tbl_service_manuals`
WHERE `model_name` IS NULL
AND `is_active` = 1', 0)
 2 SYSTEMPATH\Database\BaseConnection.php(695): CodeIgniter\Database\MySQLi\Connection->execute('SELECT *
FROM `tbl_service_manuals`
WHERE `model_name` IS NULL
AND `is_active` = 1')
 3 SYSTEMPATH\Database\BaseConnection.php(609): CodeIgniter\Database\BaseConnection->simpleQuery('SELECT *
FROM `tbl_service_manuals`
WHERE `model_name` IS NULL
AND `is_active` = 1')
 4 SYSTEMPATH\Database\BaseBuilder.php(1585): CodeIgniter\Database\BaseConnection->query('SELECT *
FROM `tbl_service_manuals`
WHERE `model_name` IS NULL
AND `is_active` = :is_active:', [...], false)
 5 SYSTEMPATH\Model.php(222): CodeIgniter\Database\BaseBuilder->get()
 6 SYSTEMPATH\BaseModel.php(584): CodeIgniter\Model->doFindAll(0, 0)
 7 APPPATH\Controllers\Servicemanuals.php(36): CodeIgniter\BaseModel->findAll()
 8 SYSTEMPATH\CodeIgniter.php(896): App\Controllers\Servicemanuals->getModelcodes()
 9 SYSTEMPATH\CodeIgniter.php(466): CodeIgniter\CodeIgniter->runController(Object(App\Controllers\Servicemanuals))
10 SYSTEMPATH\CodeIgniter.php(349): CodeIgniter\CodeIgniter->handleRequest(null, Object(Config\Cache), false)
11 FCPATH\index.php(55): CodeIgniter\CodeIgniter->run()
CRITICAL - 2024-08-25 16:42:17 --> Undefined array key "title"
in APPPATH\Controllers\Servicemanuals.php on line 150.
 1 APPPATH\Controllers\Servicemanuals.php(150): CodeIgniter\Debug\Exceptions->errorHandler(2, 'Undefined array key "title"', 'APPPATH\\Controllers\\Servicemanuals.php', 150)
 2 SYSTEMPATH\CodeIgniter.php(896): App\Controllers\Servicemanuals->add()
 3 SYSTEMPATH\CodeIgniter.php(466): CodeIgniter\CodeIgniter->runController(Object(App\Controllers\Servicemanuals))
 4 SYSTEMPATH\CodeIgniter.php(349): CodeIgniter\CodeIgniter->handleRequest(null, Object(Config\Cache), false)
 5 FCPATH\index.php(55): CodeIgniter\CodeIgniter->run()
CRITICAL - 2024-08-25 16:42:27 --> Undefined array key "title"
in APPPATH\Controllers\Servicemanuals.php on line 150.
 1 APPPATH\Controllers\Servicemanuals.php(150): CodeIgniter\Debug\Exceptions->errorHandler(2, 'Undefined array key "title"', 'APPPATH\\Controllers\\Servicemanuals.php', 150)
 2 SYSTEMPATH\CodeIgniter.php(896): App\Controllers\Servicemanuals->add()
 3 SYSTEMPATH\CodeIgniter.php(466): CodeIgniter\CodeIgniter->runController(Object(App\Controllers\Servicemanuals))
 4 SYSTEMPATH\CodeIgniter.php(349): CodeIgniter\CodeIgniter->handleRequest(null, Object(Config\Cache), false)
 5 FCPATH\index.php(55): CodeIgniter\CodeIgniter->run()
ERROR - 2024-08-25 17:10:55 --> Unknown column 'title' in 'where clause'
CRITICAL - 2024-08-25 17:10:55 --> Unknown column 'title' in 'where clause'
in SYSTEMPATH\Database\MySQLi\Connection.php on line 292.
 1 SYSTEMPATH\Database\MySQLi\Connection.php(292): mysqli->query('SELECT *
FROM `tbl_service_manuals`
WHERE `title` = \'00001\'
AND `reference_number` = \'2024\'
 LIMIT 1', 0)
 2 SYSTEMPATH\Database\BaseConnection.php(695): CodeIgniter\Database\MySQLi\Connection->execute('SELECT *
FROM `tbl_service_manuals`
WHERE `title` = \'00001\'
AND `reference_number` = \'2024\'
 LIMIT 1')
 3 SYSTEMPATH\Database\BaseConnection.php(609): CodeIgniter\Database\BaseConnection->simpleQuery('SELECT *
FROM `tbl_service_manuals`
WHERE `title` = \'00001\'
AND `reference_number` = \'2024\'
 LIMIT 1')
 4 SYSTEMPATH\Database\BaseBuilder.php(1585): CodeIgniter\Database\BaseConnection->query('SELECT *
FROM `tbl_service_manuals`
WHERE `title` = :title:
AND `reference_number` = :reference_number:
 LIMIT 1', [...], false)
 5 SYSTEMPATH\Model.php(249): CodeIgniter\Database\BaseBuilder->get()
 6 SYSTEMPATH\BaseModel.php(622): CodeIgniter\Model->doFirst()
 7 APPPATH\Models\Servicemanuals_model.php(23): CodeIgniter\BaseModel->first()
 8 APPPATH\Controllers\Servicemanuals.php(149): App\Models\Servicemanuals_model->recordExists('00001', '2024')
 9 SYSTEMPATH\CodeIgniter.php(896): App\Controllers\Servicemanuals->add()
10 SYSTEMPATH\CodeIgniter.php(466): CodeIgniter\CodeIgniter->runController(Object(App\Controllers\Servicemanuals))
11 SYSTEMPATH\CodeIgniter.php(349): CodeIgniter\CodeIgniter->handleRequest(null, Object(Config\Cache), false)
12 FCPATH\index.php(55): CodeIgniter\CodeIgniter->run()
ERROR - 2024-08-25 17:11:04 --> Unknown column 'title' in 'where clause'
CRITICAL - 2024-08-25 17:11:04 --> Unknown column 'title' in 'where clause'
in SYSTEMPATH\Database\MySQLi\Connection.php on line 292.
 1 SYSTEMPATH\Database\MySQLi\Connection.php(292): mysqli->query('SELECT *
FROM `tbl_service_manuals`
WHERE `title` = \'00001\'
AND `reference_number` = \'2024\'
 LIMIT 1', 0)
 2 SYSTEMPATH\Database\BaseConnection.php(695): CodeIgniter\Database\MySQLi\Connection->execute('SELECT *
FROM `tbl_service_manuals`
WHERE `title` = \'00001\'
AND `reference_number` = \'2024\'
 LIMIT 1')
 3 SYSTEMPATH\Database\BaseConnection.php(609): CodeIgniter\Database\BaseConnection->simpleQuery('SELECT *
FROM `tbl_service_manuals`
WHERE `title` = \'00001\'
AND `reference_number` = \'2024\'
 LIMIT 1')
 4 SYSTEMPATH\Database\BaseBuilder.php(1585): CodeIgniter\Database\BaseConnection->query('SELECT *
FROM `tbl_service_manuals`
WHERE `title` = :title:
AND `reference_number` = :reference_number:
 LIMIT 1', [...], false)
 5 SYSTEMPATH\Model.php(249): CodeIgniter\Database\BaseBuilder->get()
 6 SYSTEMPATH\BaseModel.php(622): CodeIgniter\Model->doFirst()
 7 APPPATH\Models\Servicemanuals_model.php(23): CodeIgniter\BaseModel->first()
 8 APPPATH\Controllers\Servicemanuals.php(149): App\Models\Servicemanuals_model->recordExists('00001', '2024')
 9 SYSTEMPATH\CodeIgniter.php(896): App\Controllers\Servicemanuals->add()
10 SYSTEMPATH\CodeIgniter.php(466): CodeIgniter\CodeIgniter->runController(Object(App\Controllers\Servicemanuals))
11 SYSTEMPATH\CodeIgniter.php(349): CodeIgniter\CodeIgniter->handleRequest(null, Object(Config\Cache), false)
12 FCPATH\index.php(55): CodeIgniter\CodeIgniter->run()
ERROR - 2024-08-25 19:11:17 --> Unknown column 'id' in 'where clause'
CRITICAL - 2024-08-25 19:11:17 --> Unknown column 'id' in 'where clause'
in SYSTEMPATH\Database\MySQLi\Connection.php on line 292.
 1 SYSTEMPATH\Database\MySQLi\Connection.php(292): mysqli->query('SELECT *
FROM `tbl_service_manuals`
WHERE `motorcycle_id` = \'00001\'
AND `year_published` = \'2023\'
AND `id` != \'00004\'', 0)
 2 SYSTEMPATH\Database\BaseConnection.php(695): CodeIgniter\Database\MySQLi\Connection->execute('SELECT *
FROM `tbl_service_manuals`
WHERE `motorcycle_id` = \'00001\'
AND `year_published` = \'2023\'
AND `id` != \'00004\'')
 3 SYSTEMPATH\Database\BaseConnection.php(609): CodeIgniter\Database\BaseConnection->simpleQuery('SELECT *
FROM `tbl_service_manuals`
WHERE `motorcycle_id` = \'00001\'
AND `year_published` = \'2023\'
AND `id` != \'00004\'')
 4 SYSTEMPATH\Database\BaseBuilder.php(1585): CodeIgniter\Database\BaseConnection->query('SELECT *
FROM `tbl_service_manuals`
WHERE `motorcycle_id` = :motorcycle_id:
AND `year_published` = :year_published:
AND `id` != :id:', [...], false)
 5 APPPATH\Models\Servicemanuals_model.php(98): CodeIgniter\Database\BaseBuilder->get()
 6 APPPATH\Models\Servicemanuals_model.php(104): App\Models\Servicemanuals_model->recordExists('00001', '2023', '00004')
 7 APPPATH\Controllers\Servicemanuals.php(299): App\Models\Servicemanuals_model->update_recordExists([...], '00004')
 8 SYSTEMPATH\CodeIgniter.php(896): App\Controllers\Servicemanuals->update('00004')
 9 SYSTEMPATH\CodeIgniter.php(466): CodeIgniter\CodeIgniter->runController(Object(App\Controllers\Servicemanuals))
10 SYSTEMPATH\CodeIgniter.php(349): CodeIgniter\CodeIgniter->handleRequest(null, Object(Config\Cache), false)
11 FCPATH\index.php(55): CodeIgniter\CodeIgniter->run()
ERROR - 2024-08-25 19:11:34 --> Unknown column 'id' in 'where clause'
CRITICAL - 2024-08-25 19:11:34 --> Unknown column 'id' in 'where clause'
in SYSTEMPATH\Database\MySQLi\Connection.php on line 292.
 1 SYSTEMPATH\Database\MySQLi\Connection.php(292): mysqli->query('SELECT *
FROM `tbl_service_manuals`
WHERE `motorcycle_id` = \'00001\'
AND `year_published` = \'2023\'
AND `id` != \'00004\'', 0)
 2 SYSTEMPATH\Database\BaseConnection.php(695): CodeIgniter\Database\MySQLi\Connection->execute('SELECT *
FROM `tbl_service_manuals`
WHERE `motorcycle_id` = \'00001\'
AND `year_published` = \'2023\'
AND `id` != \'00004\'')
 3 SYSTEMPATH\Database\BaseConnection.php(609): CodeIgniter\Database\BaseConnection->simpleQuery('SELECT *
FROM `tbl_service_manuals`
WHERE `motorcycle_id` = \'00001\'
AND `year_published` = \'2023\'
AND `id` != \'00004\'')
 4 SYSTEMPATH\Database\BaseBuilder.php(1585): CodeIgniter\Database\BaseConnection->query('SELECT *
FROM `tbl_service_manuals`
WHERE `motorcycle_id` = :motorcycle_id:
AND `year_published` = :year_published:
AND `id` != :id:', [...], false)
 5 APPPATH\Models\Servicemanuals_model.php(98): CodeIgniter\Database\BaseBuilder->get()
 6 APPPATH\Models\Servicemanuals_model.php(104): App\Models\Servicemanuals_model->recordExists('00001', '2023', '00004')
 7 APPPATH\Controllers\Servicemanuals.php(299): App\Models\Servicemanuals_model->update_recordExists([...], '00004')
 8 SYSTEMPATH\CodeIgniter.php(896): App\Controllers\Servicemanuals->update('00004')
 9 SYSTEMPATH\CodeIgniter.php(466): CodeIgniter\CodeIgniter->runController(Object(App\Controllers\Servicemanuals))
10 SYSTEMPATH\CodeIgniter.php(349): CodeIgniter\CodeIgniter->handleRequest(null, Object(Config\Cache), false)
11 FCPATH\index.php(55): CodeIgniter\CodeIgniter->run()
CRITICAL - 2024-08-25 20:38:00 --> Undefined variable $session
in APPPATH\Views\layouts\main_sidebar.php on line 229.
 1 APPPATH\Views\layouts\main_sidebar.php(229): CodeIgniter\Debug\Exceptions->errorHandler(2, 'Undefined variable $session', 'APPPATH\\Views\\layouts\\main_sidebar.php', 229)
 2 SYSTEMPATH\View\View.php(213): include('APPPATH\\Views\\layouts\\main_sidebar.php')
 3 SYSTEMPATH\View\View.php(216): CodeIgniter\View\View->CodeIgniter\View\{closure}()
 4 SYSTEMPATH\View\View.php(429): CodeIgniter\View\View->render('layouts/main_sidebar', null, true)
 5 APPPATH\Views\pages\activitylog.php(2): CodeIgniter\View\View->include('layouts/main_sidebar')
 6 SYSTEMPATH\View\View.php(213): include('APPPATH\\Views\\pages\\activitylog.php')
 7 SYSTEMPATH\View\View.php(216): CodeIgniter\View\View->CodeIgniter\View\{closure}()
 8 SYSTEMPATH\Common.php(1135): CodeIgniter\View\View->render('pages/activitylog', [], true)
 9 APPPATH\Controllers\Activitylogs.php(29): view('pages/activitylog', [...])
10 SYSTEMPATH\CodeIgniter.php(896): App\Controllers\Activitylogs->index()
11 SYSTEMPATH\CodeIgniter.php(466): CodeIgniter\CodeIgniter->runController(Object(App\Controllers\Activitylogs))
12 SYSTEMPATH\CodeIgniter.php(349): CodeIgniter\CodeIgniter->handleRequest(null, Object(Config\Cache), false)
13 FCPATH\index.php(55): CodeIgniter\CodeIgniter->run()
CRITICAL - 2024-08-25 20:39:40 --> Undefined variable $session
in APPPATH\Views\layouts\main_sidebar.php on line 229.
 1 APPPATH\Views\layouts\main_sidebar.php(229): CodeIgniter\Debug\Exceptions->errorHandler(2, 'Undefined variable $session', 'APPPATH\\Views\\layouts\\main_sidebar.php', 229)
 2 SYSTEMPATH\View\View.php(213): include('APPPATH\\Views\\layouts\\main_sidebar.php')
 3 SYSTEMPATH\View\View.php(216): CodeIgniter\View\View->CodeIgniter\View\{closure}()
 4 SYSTEMPATH\View\View.php(429): CodeIgniter\View\View->render('layouts/main_sidebar', null, true)
 5 APPPATH\Views\pages\activitylog.php(2): CodeIgniter\View\View->include('layouts/main_sidebar')
 6 SYSTEMPATH\View\View.php(213): include('APPPATH\\Views\\pages\\activitylog.php')
 7 SYSTEMPATH\View\View.php(216): CodeIgniter\View\View->CodeIgniter\View\{closure}()
 8 SYSTEMPATH\Common.php(1135): CodeIgniter\View\View->render('pages/activitylog', [], true)
 9 APPPATH\Controllers\Activitylogs.php(29): view('pages/activitylog', [...])
10 SYSTEMPATH\CodeIgniter.php(896): App\Controllers\Activitylogs->index()
11 SYSTEMPATH\CodeIgniter.php(466): CodeIgniter\CodeIgniter->runController(Object(App\Controllers\Activitylogs))
12 SYSTEMPATH\CodeIgniter.php(349): CodeIgniter\CodeIgniter->handleRequest(null, Object(Config\Cache), false)
13 FCPATH\index.php(55): CodeIgniter\CodeIgniter->run()
CRITICAL - 2024-08-25 20:41:20 --> Undefined variable $session
in APPPATH\Views\layouts\main_sidebar.php on line 229.
 1 APPPATH\Views\layouts\main_sidebar.php(229): CodeIgniter\Debug\Exceptions->errorHandler(2, 'Undefined variable $session', 'APPPATH\\Views\\layouts\\main_sidebar.php', 229)
 2 SYSTEMPATH\View\View.php(213): include('APPPATH\\Views\\layouts\\main_sidebar.php')
 3 SYSTEMPATH\View\View.php(216): CodeIgniter\View\View->CodeIgniter\View\{closure}()
 4 SYSTEMPATH\View\View.php(429): CodeIgniter\View\View->render('layouts/main_sidebar', null, true)
 5 APPPATH\Views\pages\activitylog.php(2): CodeIgniter\View\View->include('layouts/main_sidebar')
 6 SYSTEMPATH\View\View.php(213): include('APPPATH\\Views\\pages\\activitylog.php')
 7 SYSTEMPATH\View\View.php(216): CodeIgniter\View\View->CodeIgniter\View\{closure}()
 8 SYSTEMPATH\Common.php(1135): CodeIgniter\View\View->render('pages/activitylog', [], true)
 9 APPPATH\Controllers\Activitylogs.php(21): view('pages/activitylog', [...])
10 SYSTEMPATH\CodeIgniter.php(896): App\Controllers\Activitylogs->index()
11 SYSTEMPATH\CodeIgniter.php(466): CodeIgniter\CodeIgniter->runController(Object(App\Controllers\Activitylogs))
12 SYSTEMPATH\CodeIgniter.php(349): CodeIgniter\CodeIgniter->handleRequest(null, Object(Config\Cache), false)
13 FCPATH\index.php(55): CodeIgniter\CodeIgniter->run()
CRITICAL - 2024-08-25 20:41:25 --> Undefined variable $session
in APPPATH\Views\layouts\main_sidebar.php on line 229.
 1 APPPATH\Views\layouts\main_sidebar.php(229): CodeIgniter\Debug\Exceptions->errorHandler(2, 'Undefined variable $session', 'APPPATH\\Views\\layouts\\main_sidebar.php', 229)
 2 SYSTEMPATH\View\View.php(213): include('APPPATH\\Views\\layouts\\main_sidebar.php')
 3 SYSTEMPATH\View\View.php(216): CodeIgniter\View\View->CodeIgniter\View\{closure}()
 4 SYSTEMPATH\View\View.php(429): CodeIgniter\View\View->render('layouts/main_sidebar', null, true)
 5 APPPATH\Views\pages\activitylog.php(2): CodeIgniter\View\View->include('layouts/main_sidebar')
 6 SYSTEMPATH\View\View.php(213): include('APPPATH\\Views\\pages\\activitylog.php')
 7 SYSTEMPATH\View\View.php(216): CodeIgniter\View\View->CodeIgniter\View\{closure}()
 8 SYSTEMPATH\Common.php(1135): CodeIgniter\View\View->render('pages/activitylog', [], true)
 9 APPPATH\Controllers\Activitylogs.php(21): view('pages/activitylog', [...])
10 SYSTEMPATH\CodeIgniter.php(896): App\Controllers\Activitylogs->index()
11 SYSTEMPATH\CodeIgniter.php(466): CodeIgniter\CodeIgniter->runController(Object(App\Controllers\Activitylogs))
12 SYSTEMPATH\CodeIgniter.php(349): CodeIgniter\CodeIgniter->handleRequest(null, Object(Config\Cache), false)
13 FCPATH\index.php(55): CodeIgniter\CodeIgniter->run()
CRITICAL - 2024-08-25 20:42:14 --> Undefined variable $session
in APPPATH\Views\layouts\main_sidebar.php on line 229.
 1 APPPATH\Views\layouts\main_sidebar.php(229): CodeIgniter\Debug\Exceptions->errorHandler(2, 'Undefined variable $session', 'APPPATH\\Views\\layouts\\main_sidebar.php', 229)
 2 SYSTEMPATH\View\View.php(213): include('APPPATH\\Views\\layouts\\main_sidebar.php')
 3 SYSTEMPATH\View\View.php(216): CodeIgniter\View\View->CodeIgniter\View\{closure}()
 4 SYSTEMPATH\View\View.php(429): CodeIgniter\View\View->render('layouts/main_sidebar', null, true)
 5 APPPATH\Views\pages\activitylog.php(2): CodeIgniter\View\View->include('layouts/main_sidebar')
 6 SYSTEMPATH\View\View.php(213): include('APPPATH\\Views\\pages\\activitylog.php')
 7 SYSTEMPATH\View\View.php(216): CodeIgniter\View\View->CodeIgniter\View\{closure}()
 8 SYSTEMPATH\Common.php(1135): CodeIgniter\View\View->render('pages/activitylog', [], true)
 9 APPPATH\Controllers\Activitylogs.php(21): view('pages/activitylog', [...])
10 SYSTEMPATH\CodeIgniter.php(896): App\Controllers\Activitylogs->index()
11 SYSTEMPATH\CodeIgniter.php(466): CodeIgniter\CodeIgniter->runController(Object(App\Controllers\Activitylogs))
12 SYSTEMPATH\CodeIgniter.php(349): CodeIgniter\CodeIgniter->handleRequest(null, Object(Config\Cache), false)
13 FCPATH\index.php(55): CodeIgniter\CodeIgniter->run()
CRITICAL - 2024-08-25 20:43:35 --> Undefined variable $session
in APPPATH\Views\layouts\main_sidebar.php on line 229.
 1 APPPATH\Views\layouts\main_sidebar.php(229): CodeIgniter\Debug\Exceptions->errorHandler(2, 'Undefined variable $session', 'APPPATH\\Views\\layouts\\main_sidebar.php', 229)
 2 SYSTEMPATH\View\View.php(213): include('APPPATH\\Views\\layouts\\main_sidebar.php')
 3 SYSTEMPATH\View\View.php(216): CodeIgniter\View\View->CodeIgniter\View\{closure}()
 4 SYSTEMPATH\View\View.php(429): CodeIgniter\View\View->render('layouts/main_sidebar', null, true)
 5 APPPATH\Views\pages\activitylog.php(2): CodeIgniter\View\View->include('layouts/main_sidebar')
 6 SYSTEMPATH\View\View.php(213): include('APPPATH\\Views\\pages\\activitylog.php')
 7 SYSTEMPATH\View\View.php(216): CodeIgniter\View\View->CodeIgniter\View\{closure}()
 8 SYSTEMPATH\Common.php(1135): CodeIgniter\View\View->render('pages/activitylog', [], true)
 9 APPPATH\Controllers\Activitylogs.php(21): view('pages/activitylog', [...])
10 SYSTEMPATH\CodeIgniter.php(896): App\Controllers\Activitylogs->index()
11 SYSTEMPATH\CodeIgniter.php(466): CodeIgniter\CodeIgniter->runController(Object(App\Controllers\Activitylogs))
12 SYSTEMPATH\CodeIgniter.php(349): CodeIgniter\CodeIgniter->handleRequest(null, Object(Config\Cache), false)
13 FCPATH\index.php(55): CodeIgniter\CodeIgniter->run()
CRITICAL - 2024-08-25 20:43:37 --> Undefined variable $session
in APPPATH\Views\layouts\main_sidebar.php on line 229.
 1 APPPATH\Views\layouts\main_sidebar.php(229): CodeIgniter\Debug\Exceptions->errorHandler(2, 'Undefined variable $session', 'APPPATH\\Views\\layouts\\main_sidebar.php', 229)
 2 SYSTEMPATH\View\View.php(213): include('APPPATH\\Views\\layouts\\main_sidebar.php')
 3 SYSTEMPATH\View\View.php(216): CodeIgniter\View\View->CodeIgniter\View\{closure}()
 4 SYSTEMPATH\View\View.php(429): CodeIgniter\View\View->render('layouts/main_sidebar', null, true)
 5 APPPATH\Views\pages\activitylog.php(2): CodeIgniter\View\View->include('layouts/main_sidebar')
 6 SYSTEMPATH\View\View.php(213): include('APPPATH\\Views\\pages\\activitylog.php')
 7 SYSTEMPATH\View\View.php(216): CodeIgniter\View\View->CodeIgniter\View\{closure}()
 8 SYSTEMPATH\Common.php(1135): CodeIgniter\View\View->render('pages/activitylog', [], true)
 9 APPPATH\Controllers\Activitylogs.php(21): view('pages/activitylog', [...])
10 SYSTEMPATH\CodeIgniter.php(896): App\Controllers\Activitylogs->index()
11 SYSTEMPATH\CodeIgniter.php(466): CodeIgniter\CodeIgniter->runController(Object(App\Controllers\Activitylogs))
12 SYSTEMPATH\CodeIgniter.php(349): CodeIgniter\CodeIgniter->handleRequest(null, Object(Config\Cache), false)
13 FCPATH\index.php(55): CodeIgniter\CodeIgniter->run()
CRITICAL - 2024-08-25 20:43:38 --> Undefined variable $session
in APPPATH\Views\layouts\main_sidebar.php on line 229.
 1 APPPATH\Views\layouts\main_sidebar.php(229): CodeIgniter\Debug\Exceptions->errorHandler(2, 'Undefined variable $session', 'APPPATH\\Views\\layouts\\main_sidebar.php', 229)
 2 SYSTEMPATH\View\View.php(213): include('APPPATH\\Views\\layouts\\main_sidebar.php')
 3 SYSTEMPATH\View\View.php(216): CodeIgniter\View\View->CodeIgniter\View\{closure}()
 4 SYSTEMPATH\View\View.php(429): CodeIgniter\View\View->render('layouts/main_sidebar', null, true)
 5 APPPATH\Views\pages\activitylog.php(2): CodeIgniter\View\View->include('layouts/main_sidebar')
 6 SYSTEMPATH\View\View.php(213): include('APPPATH\\Views\\pages\\activitylog.php')
 7 SYSTEMPATH\View\View.php(216): CodeIgniter\View\View->CodeIgniter\View\{closure}()
 8 SYSTEMPATH\Common.php(1135): CodeIgniter\View\View->render('pages/activitylog', [], true)
 9 APPPATH\Controllers\Activitylogs.php(21): view('pages/activitylog', [...])
10 SYSTEMPATH\CodeIgniter.php(896): App\Controllers\Activitylogs->index()
11 SYSTEMPATH\CodeIgniter.php(466): CodeIgniter\CodeIgniter->runController(Object(App\Controllers\Activitylogs))
12 SYSTEMPATH\CodeIgniter.php(349): CodeIgniter\CodeIgniter->handleRequest(null, Object(Config\Cache), false)
13 FCPATH\index.php(55): CodeIgniter\CodeIgniter->run()
CRITICAL - 2024-08-25 20:45:49 --> Creation of dynamic property App\Controllers\Activitylogs::$session is deprecated
in APPPATH\Controllers\Activitylogs.php on line 16.
 1 APPPATH\Controllers\Activitylogs.php(16): CodeIgniter\Debug\Exceptions->errorHandler(8192, 'Creation of dynamic property App\\Controllers\\Activitylogs::$session is deprecated', 'APPPATH\\Controllers\\Activitylogs.php', 16)
 2 SYSTEMPATH\CodeIgniter.php(858): App\Controllers\Activitylogs->__construct()
 3 SYSTEMPATH\CodeIgniter.php(457): CodeIgniter\CodeIgniter->createController()
 4 SYSTEMPATH\CodeIgniter.php(349): CodeIgniter\CodeIgniter->handleRequest(null, Object(Config\Cache), false)
 5 FCPATH\index.php(55): CodeIgniter\CodeIgniter->run()
CRITICAL - 2024-08-25 20:46:25 --> Undefined variable $session
in APPPATH\Views\layouts\main_sidebar.php on line 229.
 1 APPPATH\Views\layouts\main_sidebar.php(229): CodeIgniter\Debug\Exceptions->errorHandler(2, 'Undefined variable $session', 'APPPATH\\Views\\layouts\\main_sidebar.php', 229)
 2 SYSTEMPATH\View\View.php(213): include('APPPATH\\Views\\layouts\\main_sidebar.php')
 3 SYSTEMPATH\View\View.php(216): CodeIgniter\View\View->CodeIgniter\View\{closure}()
 4 SYSTEMPATH\View\View.php(429): CodeIgniter\View\View->render('layouts/main_sidebar', null, true)
 5 APPPATH\Views\pages\activitylog.php(2): CodeIgniter\View\View->include('layouts/main_sidebar')
 6 SYSTEMPATH\View\View.php(213): include('APPPATH\\Views\\pages\\activitylog.php')
 7 SYSTEMPATH\View\View.php(216): CodeIgniter\View\View->CodeIgniter\View\{closure}()
 8 SYSTEMPATH\Common.php(1135): CodeIgniter\View\View->render('pages/activitylog', [], true)
 9 APPPATH\Controllers\Activitylogs.php(23): view('pages/activitylog', [...])
10 SYSTEMPATH\CodeIgniter.php(896): App\Controllers\Activitylogs->index()
11 SYSTEMPATH\CodeIgniter.php(466): CodeIgniter\CodeIgniter->runController(Object(App\Controllers\Activitylogs))
12 SYSTEMPATH\CodeIgniter.php(349): CodeIgniter\CodeIgniter->handleRequest(null, Object(Config\Cache), false)
13 FCPATH\index.php(55): CodeIgniter\CodeIgniter->run()
CRITICAL - 2024-08-25 21:02:32 --> Undefined variable $session
in APPPATH\Views\layouts\main_sidebar.php on line 229.
 1 APPPATH\Views\layouts\main_sidebar.php(229): CodeIgniter\Debug\Exceptions->errorHandler(2, 'Undefined variable $session', 'APPPATH\\Views\\layouts\\main_sidebar.php', 229)
 2 SYSTEMPATH\View\View.php(213): include('APPPATH\\Views\\layouts\\main_sidebar.php')
 3 SYSTEMPATH\View\View.php(216): CodeIgniter\View\View->CodeIgniter\View\{closure}()
 4 SYSTEMPATH\View\View.php(429): CodeIgniter\View\View->render('layouts/main_sidebar', null, true)
 5 APPPATH\Views\pages\activitylog.php(2): CodeIgniter\View\View->include('layouts/main_sidebar')
 6 SYSTEMPATH\View\View.php(213): include('APPPATH\\Views\\pages\\activitylog.php')
 7 SYSTEMPATH\View\View.php(216): CodeIgniter\View\View->CodeIgniter\View\{closure}()
 8 SYSTEMPATH\Common.php(1135): CodeIgniter\View\View->render('pages/activitylog', [], true)
 9 APPPATH\Controllers\Activitylogs.php(23): view('pages/activitylog', [...])
10 SYSTEMPATH\CodeIgniter.php(896): App\Controllers\Activitylogs->index()
11 SYSTEMPATH\CodeIgniter.php(466): CodeIgniter\CodeIgniter->runController(Object(App\Controllers\Activitylogs))
12 SYSTEMPATH\CodeIgniter.php(349): CodeIgniter\CodeIgniter->handleRequest(null, Object(Config\Cache), false)
13 FCPATH\index.php(55): CodeIgniter\CodeIgniter->run()
CRITICAL - 2024-08-25 21:07:36 --> Invalid file: pages/activitylogs.php
in SYSTEMPATH\Exceptions\FrameworkException.php on line 33.
 1 SYSTEMPATH\View\View.php(201): CodeIgniter\Exceptions\FrameworkException::forInvalidFile('pages/activitylogs.php')
 2 SYSTEMPATH\Common.php(1135): CodeIgniter\View\View->render('pages/activitylogs', [], true)
 3 APPPATH\Controllers\Activitylogs.php(26): view('pages/activitylogs', [...])
 4 SYSTEMPATH\CodeIgniter.php(896): App\Controllers\Activitylogs->index()
 5 SYSTEMPATH\CodeIgniter.php(466): CodeIgniter\CodeIgniter->runController(Object(App\Controllers\Activitylogs))
 6 SYSTEMPATH\CodeIgniter.php(349): CodeIgniter\CodeIgniter->handleRequest(null, Object(Config\Cache), false)
 7 FCPATH\index.php(55): CodeIgniter\CodeIgniter->run()
ERROR - 2024-08-25 21:22:40 --> You have an error in your SQL syntax; check the manual that corresponds to your MariaDB server version for the right syntax to use near '-1' at line 5
CRITICAL - 2024-08-25 21:22:40 --> You have an error in your SQL syntax; check the manual that corresponds to your MariaDB server version for the right syntax to use near '-1' at line 5
in SYSTEMPATH\Database\MySQLi\Connection.php on line 292.
 1 SYSTEMPATH\Database\MySQLi\Connection.php(292): mysqli->query('SELECT *
FROM `tbl_log_details`
WHERE MONTH(date_record) = \'8\'
AND YEAR(date_record) = \'2024\'
 LIMIT -1', 0)
 2 SYSTEMPATH\Database\BaseConnection.php(695): CodeIgniter\Database\MySQLi\Connection->execute('SELECT *
FROM `tbl_log_details`
WHERE MONTH(date_record) = \'8\'
AND YEAR(date_record) = \'2024\'
 LIMIT -1')
 3 SYSTEMPATH\Database\BaseConnection.php(609): CodeIgniter\Database\BaseConnection->simpleQuery('SELECT *
FROM `tbl_log_details`
WHERE MONTH(date_record) = \'8\'
AND YEAR(date_record) = \'2024\'
 LIMIT -1')
 4 SYSTEMPATH\Database\BaseBuilder.php(1585): CodeIgniter\Database\BaseConnection->query('SELECT *
FROM `tbl_log_details`
WHERE MONTH(date_record) = :MONTH(date_record):
AND YEAR(date_record) = :YEAR(date_record):
 LIMIT -1', [...], false)
 5 SYSTEMPATH\Model.php(222): CodeIgniter\Database\BaseBuilder->get()
 6 SYSTEMPATH\BaseModel.php(584): CodeIgniter\Model->doFindAll(-1, 0)
 7 APPPATH\Controllers\Activitylogs.php(64): CodeIgniter\BaseModel->findAll(-1, 0)
 8 SYSTEMPATH\CodeIgniter.php(896): App\Controllers\Activitylogs->getData()
 9 SYSTEMPATH\CodeIgniter.php(466): CodeIgniter\CodeIgniter->runController(Object(App\Controllers\Activitylogs))
10 SYSTEMPATH\CodeIgniter.php(349): CodeIgniter\CodeIgniter->handleRequest(null, Object(Config\Cache), false)
11 FCPATH\index.php(55): CodeIgniter\CodeIgniter->run()
ERROR - 2024-08-25 21:22:56 --> You have an error in your SQL syntax; check the manual that corresponds to your MariaDB server version for the right syntax to use near '-1' at line 5
CRITICAL - 2024-08-25 21:22:56 --> You have an error in your SQL syntax; check the manual that corresponds to your MariaDB server version for the right syntax to use near '-1' at line 5
in SYSTEMPATH\Database\MySQLi\Connection.php on line 292.
 1 SYSTEMPATH\Database\MySQLi\Connection.php(292): mysqli->query('SELECT *
FROM `tbl_log_details`
WHERE MONTH(date_record) = \'8\'
AND YEAR(date_record) = \'2024\'
 LIMIT -1', 0)
 2 SYSTEMPATH\Database\BaseConnection.php(695): CodeIgniter\Database\MySQLi\Connection->execute('SELECT *
FROM `tbl_log_details`
WHERE MONTH(date_record) = \'8\'
AND YEAR(date_record) = \'2024\'
 LIMIT -1')
 3 SYSTEMPATH\Database\BaseConnection.php(609): CodeIgniter\Database\BaseConnection->simpleQuery('SELECT *
FROM `tbl_log_details`
WHERE MONTH(date_record) = \'8\'
AND YEAR(date_record) = \'2024\'
 LIMIT -1')
 4 SYSTEMPATH\Database\BaseBuilder.php(1585): CodeIgniter\Database\BaseConnection->query('SELECT *
FROM `tbl_log_details`
WHERE MONTH(date_record) = :MONTH(date_record):
AND YEAR(date_record) = :YEAR(date_record):
 LIMIT -1', [...], false)
 5 SYSTEMPATH\Model.php(222): CodeIgniter\Database\BaseBuilder->get()
 6 SYSTEMPATH\BaseModel.php(584): CodeIgniter\Model->doFindAll(-1, 0)
 7 APPPATH\Controllers\Activitylogs.php(64): CodeIgniter\BaseModel->findAll(-1, 0)
 8 SYSTEMPATH\CodeIgniter.php(896): App\Controllers\Activitylogs->getData()
 9 SYSTEMPATH\CodeIgniter.php(466): CodeIgniter\CodeIgniter->runController(Object(App\Controllers\Activitylogs))
10 SYSTEMPATH\CodeIgniter.php(349): CodeIgniter\CodeIgniter->handleRequest(null, Object(Config\Cache), false)
11 FCPATH\index.php(55): CodeIgniter\CodeIgniter->run()
ERROR - 2024-08-25 21:23:00 --> You have an error in your SQL syntax; check the manual that corresponds to your MariaDB server version for the right syntax to use near '-1' at line 5
CRITICAL - 2024-08-25 21:23:00 --> You have an error in your SQL syntax; check the manual that corresponds to your MariaDB server version for the right syntax to use near '-1' at line 5
in SYSTEMPATH\Database\MySQLi\Connection.php on line 292.
 1 SYSTEMPATH\Database\MySQLi\Connection.php(292): mysqli->query('SELECT *
FROM `tbl_log_details`
WHERE MONTH(date_record) = \'8\'
AND YEAR(date_record) = \'2024\'
 LIMIT -1', 0)
 2 SYSTEMPATH\Database\BaseConnection.php(695): CodeIgniter\Database\MySQLi\Connection->execute('SELECT *
FROM `tbl_log_details`
WHERE MONTH(date_record) = \'8\'
AND YEAR(date_record) = \'2024\'
 LIMIT -1')
 3 SYSTEMPATH\Database\BaseConnection.php(609): CodeIgniter\Database\BaseConnection->simpleQuery('SELECT *
FROM `tbl_log_details`
WHERE MONTH(date_record) = \'8\'
AND YEAR(date_record) = \'2024\'
 LIMIT -1')
 4 SYSTEMPATH\Database\BaseBuilder.php(1585): CodeIgniter\Database\BaseConnection->query('SELECT *
FROM `tbl_log_details`
WHERE MONTH(date_record) = :MONTH(date_record):
AND YEAR(date_record) = :YEAR(date_record):
 LIMIT -1', [...], false)
 5 SYSTEMPATH\Model.php(222): CodeIgniter\Database\BaseBuilder->get()
 6 SYSTEMPATH\BaseModel.php(584): CodeIgniter\Model->doFindAll(-1, 0)
 7 APPPATH\Controllers\Activitylogs.php(64): CodeIgniter\BaseModel->findAll(-1, 0)
 8 SYSTEMPATH\CodeIgniter.php(896): App\Controllers\Activitylogs->getData()
 9 SYSTEMPATH\CodeIgniter.php(466): CodeIgniter\CodeIgniter->runController(Object(App\Controllers\Activitylogs))
10 SYSTEMPATH\CodeIgniter.php(349): CodeIgniter\CodeIgniter->handleRequest(null, Object(Config\Cache), false)
11 FCPATH\index.php(55): CodeIgniter\CodeIgniter->run()
ERROR - 2024-08-25 21:23:16 --> You have an error in your SQL syntax; check the manual that corresponds to your MariaDB server version for the right syntax to use near '-1' at line 5
CRITICAL - 2024-08-25 21:23:16 --> You have an error in your SQL syntax; check the manual that corresponds to your MariaDB server version for the right syntax to use near '-1' at line 5
in SYSTEMPATH\Database\MySQLi\Connection.php on line 292.
 1 SYSTEMPATH\Database\MySQLi\Connection.php(292): mysqli->query('SELECT *
FROM `tbl_log_details`
WHERE MONTH(date_record) = \'8\'
AND YEAR(date_record) = \'2024\'
 LIMIT -1', 0)
 2 SYSTEMPATH\Database\BaseConnection.php(695): CodeIgniter\Database\MySQLi\Connection->execute('SELECT *
FROM `tbl_log_details`
WHERE MONTH(date_record) = \'8\'
AND YEAR(date_record) = \'2024\'
 LIMIT -1')
 3 SYSTEMPATH\Database\BaseConnection.php(609): CodeIgniter\Database\BaseConnection->simpleQuery('SELECT *
FROM `tbl_log_details`
WHERE MONTH(date_record) = \'8\'
AND YEAR(date_record) = \'2024\'
 LIMIT -1')
 4 SYSTEMPATH\Database\BaseBuilder.php(1585): CodeIgniter\Database\BaseConnection->query('SELECT *
FROM `tbl_log_details`
WHERE MONTH(date_record) = :MONTH(date_record):
AND YEAR(date_record) = :YEAR(date_record):
 LIMIT -1', [...], false)
 5 SYSTEMPATH\Model.php(222): CodeIgniter\Database\BaseBuilder->get()
 6 SYSTEMPATH\BaseModel.php(584): CodeIgniter\Model->doFindAll(-1, 0)
 7 APPPATH\Controllers\Activitylogs.php(64): CodeIgniter\BaseModel->findAll(-1, 0)
 8 SYSTEMPATH\CodeIgniter.php(896): App\Controllers\Activitylogs->getData()
 9 SYSTEMPATH\CodeIgniter.php(466): CodeIgniter\CodeIgniter->runController(Object(App\Controllers\Activitylogs))
10 SYSTEMPATH\CodeIgniter.php(349): CodeIgniter\CodeIgniter->handleRequest(null, Object(Config\Cache), false)
11 FCPATH\index.php(55): CodeIgniter\CodeIgniter->run()
ERROR - 2024-08-25 21:23:30 --> You have an error in your SQL syntax; check the manual that corresponds to your MariaDB server version for the right syntax to use near '-1' at line 8
CRITICAL - 2024-08-25 21:23:30 --> You have an error in your SQL syntax; check the manual that corresponds to your MariaDB server version for the right syntax to use near '-1' at line 8
in SYSTEMPATH\Database\MySQLi\Connection.php on line 292.
 1 SYSTEMPATH\Database\MySQLi\Connection.php(292): mysqli->query('SELECT *
FROM `tbl_log_details`
WHERE MONTH(date_record) = \'8\'
AND YEAR(date_record) = \'2024\'
AND  `username` LIKE \'%t%\' ESCAPE \'!\'
OR  `activity` LIKE \'%t%\' ESCAPE \'!\'
OR  `details` LIKE \'%t%\' ESCAPE \'!\'
 LIMIT -1', 0)
 2 SYSTEMPATH\Database\BaseConnection.php(695): CodeIgniter\Database\MySQLi\Connection->execute('SELECT *
FROM `tbl_log_details`
WHERE MONTH(date_record) = \'8\'
AND YEAR(date_record) = \'2024\'
AND  `username` LIKE \'%t%\' ESCAPE \'!\'
OR  `activity` LIKE \'%t%\' ESCAPE \'!\'
OR  `details` LIKE \'%t%\' ESCAPE \'!\'
 LIMIT -1')
 3 SYSTEMPATH\Database\BaseConnection.php(609): CodeIgniter\Database\BaseConnection->simpleQuery('SELECT *
FROM `tbl_log_details`
WHERE MONTH(date_record) = \'8\'
AND YEAR(date_record) = \'2024\'
AND  `username` LIKE \'%t%\' ESCAPE \'!\'
OR  `activity` LIKE \'%t%\' ESCAPE \'!\'
OR  `details` LIKE \'%t%\' ESCAPE \'!\'
 LIMIT -1')
 4 SYSTEMPATH\Database\BaseBuilder.php(1585): CodeIgniter\Database\BaseConnection->query('SELECT *
FROM `tbl_log_details`
WHERE MONTH(date_record) = :MONTH(date_record):
AND YEAR(date_record) = :YEAR(date_record):
AND  `username` LIKE :username: ESCAPE \'!\'
OR  `activity` LIKE :activity: ESCAPE \'!\'
OR  `details` LIKE :details: ESCAPE \'!\'
 LIMIT -1', [...], false)
 5 SYSTEMPATH\Model.php(222): CodeIgniter\Database\BaseBuilder->get()
 6 SYSTEMPATH\BaseModel.php(584): CodeIgniter\Model->doFindAll(-1, 0)
 7 APPPATH\Controllers\Activitylogs.php(64): CodeIgniter\BaseModel->findAll(-1, 0)
 8 SYSTEMPATH\CodeIgniter.php(896): App\Controllers\Activitylogs->getData()
 9 SYSTEMPATH\CodeIgniter.php(466): CodeIgniter\CodeIgniter->runController(Object(App\Controllers\Activitylogs))
10 SYSTEMPATH\CodeIgniter.php(349): CodeIgniter\CodeIgniter->handleRequest(null, Object(Config\Cache), false)
11 FCPATH\index.php(55): CodeIgniter\CodeIgniter->run()
ERROR - 2024-08-25 21:23:32 --> You have an error in your SQL syntax; check the manual that corresponds to your MariaDB server version for the right syntax to use near '-1' at line 8
CRITICAL - 2024-08-25 21:23:32 --> You have an error in your SQL syntax; check the manual that corresponds to your MariaDB server version for the right syntax to use near '-1' at line 8
in SYSTEMPATH\Database\MySQLi\Connection.php on line 292.
 1 SYSTEMPATH\Database\MySQLi\Connection.php(292): mysqli->query('SELECT *
FROM `tbl_log_details`
WHERE MONTH(date_record) = \'8\'
AND YEAR(date_record) = \'2024\'
AND  `username` LIKE \'%te%\' ESCAPE \'!\'
OR  `activity` LIKE \'%te%\' ESCAPE \'!\'
OR  `details` LIKE \'%te%\' ESCAPE \'!\'
 LIMIT -1', 0)
 2 SYSTEMPATH\Database\BaseConnection.php(695): CodeIgniter\Database\MySQLi\Connection->execute('SELECT *
FROM `tbl_log_details`
WHERE MONTH(date_record) = \'8\'
AND YEAR(date_record) = \'2024\'
AND  `username` LIKE \'%te%\' ESCAPE \'!\'
OR  `activity` LIKE \'%te%\' ESCAPE \'!\'
OR  `details` LIKE \'%te%\' ESCAPE \'!\'
 LIMIT -1')
 3 SYSTEMPATH\Database\BaseConnection.php(609): CodeIgniter\Database\BaseConnection->simpleQuery('SELECT *
FROM `tbl_log_details`
WHERE MONTH(date_record) = \'8\'
AND YEAR(date_record) = \'2024\'
AND  `username` LIKE \'%te%\' ESCAPE \'!\'
OR  `activity` LIKE \'%te%\' ESCAPE \'!\'
OR  `details` LIKE \'%te%\' ESCAPE \'!\'
 LIMIT -1')
 4 SYSTEMPATH\Database\BaseBuilder.php(1585): CodeIgniter\Database\BaseConnection->query('SELECT *
FROM `tbl_log_details`
WHERE MONTH(date_record) = :MONTH(date_record):
AND YEAR(date_record) = :YEAR(date_record):
AND  `username` LIKE :username: ESCAPE \'!\'
OR  `activity` LIKE :activity: ESCAPE \'!\'
OR  `details` LIKE :details: ESCAPE \'!\'
 LIMIT -1', [...], false)
 5 SYSTEMPATH\Model.php(222): CodeIgniter\Database\BaseBuilder->get()
 6 SYSTEMPATH\BaseModel.php(584): CodeIgniter\Model->doFindAll(-1, 0)
 7 APPPATH\Controllers\Activitylogs.php(64): CodeIgniter\BaseModel->findAll(-1, 0)
 8 SYSTEMPATH\CodeIgniter.php(896): App\Controllers\Activitylogs->getData()
 9 SYSTEMPATH\CodeIgniter.php(466): CodeIgniter\CodeIgniter->runController(Object(App\Controllers\Activitylogs))
10 SYSTEMPATH\CodeIgniter.php(349): CodeIgniter\CodeIgniter->handleRequest(null, Object(Config\Cache), false)
11 FCPATH\index.php(55): CodeIgniter\CodeIgniter->run()
ERROR - 2024-08-25 21:24:07 --> You have an error in your SQL syntax; check the manual that corresponds to your MariaDB server version for the right syntax to use near '-1' at line 8
CRITICAL - 2024-08-25 21:24:07 --> You have an error in your SQL syntax; check the manual that corresponds to your MariaDB server version for the right syntax to use near '-1' at line 8
in SYSTEMPATH\Database\MySQLi\Connection.php on line 292.
 1 SYSTEMPATH\Database\MySQLi\Connection.php(292): mysqli->query('SELECT *
FROM `tbl_log_details`
WHERE MONTH(date_record) = \'9\'
AND YEAR(date_record) = \'2024\'
AND  `username` LIKE \'%te%\' ESCAPE \'!\'
OR  `activity` LIKE \'%te%\' ESCAPE \'!\'
OR  `details` LIKE \'%te%\' ESCAPE \'!\'
 LIMIT -1', 0)
 2 SYSTEMPATH\Database\BaseConnection.php(695): CodeIgniter\Database\MySQLi\Connection->execute('SELECT *
FROM `tbl_log_details`
WHERE MONTH(date_record) = \'9\'
AND YEAR(date_record) = \'2024\'
AND  `username` LIKE \'%te%\' ESCAPE \'!\'
OR  `activity` LIKE \'%te%\' ESCAPE \'!\'
OR  `details` LIKE \'%te%\' ESCAPE \'!\'
 LIMIT -1')
 3 SYSTEMPATH\Database\BaseConnection.php(609): CodeIgniter\Database\BaseConnection->simpleQuery('SELECT *
FROM `tbl_log_details`
WHERE MONTH(date_record) = \'9\'
AND YEAR(date_record) = \'2024\'
AND  `username` LIKE \'%te%\' ESCAPE \'!\'
OR  `activity` LIKE \'%te%\' ESCAPE \'!\'
OR  `details` LIKE \'%te%\' ESCAPE \'!\'
 LIMIT -1')
 4 SYSTEMPATH\Database\BaseBuilder.php(1585): CodeIgniter\Database\BaseConnection->query('SELECT *
FROM `tbl_log_details`
WHERE MONTH(date_record) = :MONTH(date_record):
AND YEAR(date_record) = :YEAR(date_record):
AND  `username` LIKE :username: ESCAPE \'!\'
OR  `activity` LIKE :activity: ESCAPE \'!\'
OR  `details` LIKE :details: ESCAPE \'!\'
 LIMIT -1', [...], false)
 5 SYSTEMPATH\Model.php(222): CodeIgniter\Database\BaseBuilder->get()
 6 SYSTEMPATH\BaseModel.php(584): CodeIgniter\Model->doFindAll(-1, 0)
 7 APPPATH\Controllers\Activitylogs.php(64): CodeIgniter\BaseModel->findAll(-1, 0)
 8 SYSTEMPATH\CodeIgniter.php(896): App\Controllers\Activitylogs->getData()
 9 SYSTEMPATH\CodeIgniter.php(466): CodeIgniter\CodeIgniter->runController(Object(App\Controllers\Activitylogs))
10 SYSTEMPATH\CodeIgniter.php(349): CodeIgniter\CodeIgniter->handleRequest(null, Object(Config\Cache), false)
11 FCPATH\index.php(55): CodeIgniter\CodeIgniter->run()
ERROR - 2024-08-25 21:24:11 --> You have an error in your SQL syntax; check the manual that corresponds to your MariaDB server version for the right syntax to use near '-1' at line 8
CRITICAL - 2024-08-25 21:24:11 --> You have an error in your SQL syntax; check the manual that corresponds to your MariaDB server version for the right syntax to use near '-1' at line 8
in SYSTEMPATH\Database\MySQLi\Connection.php on line 292.
 1 SYSTEMPATH\Database\MySQLi\Connection.php(292): mysqli->query('SELECT *
FROM `tbl_log_details`
WHERE MONTH(date_record) = \'12\'
AND YEAR(date_record) = \'2024\'
AND  `username` LIKE \'%te%\' ESCAPE \'!\'
OR  `activity` LIKE \'%te%\' ESCAPE \'!\'
OR  `details` LIKE \'%te%\' ESCAPE \'!\'
 LIMIT -1', 0)
 2 SYSTEMPATH\Database\BaseConnection.php(695): CodeIgniter\Database\MySQLi\Connection->execute('SELECT *
FROM `tbl_log_details`
WHERE MONTH(date_record) = \'12\'
AND YEAR(date_record) = \'2024\'
AND  `username` LIKE \'%te%\' ESCAPE \'!\'
OR  `activity` LIKE \'%te%\' ESCAPE \'!\'
OR  `details` LIKE \'%te%\' ESCAPE \'!\'
 LIMIT -1')
 3 SYSTEMPATH\Database\BaseConnection.php(609): CodeIgniter\Database\BaseConnection->simpleQuery('SELECT *
FROM `tbl_log_details`
WHERE MONTH(date_record) = \'12\'
AND YEAR(date_record) = \'2024\'
AND  `username` LIKE \'%te%\' ESCAPE \'!\'
OR  `activity` LIKE \'%te%\' ESCAPE \'!\'
OR  `details` LIKE \'%te%\' ESCAPE \'!\'
 LIMIT -1')
 4 SYSTEMPATH\Database\BaseBuilder.php(1585): CodeIgniter\Database\BaseConnection->query('SELECT *
FROM `tbl_log_details`
WHERE MONTH(date_record) = :MONTH(date_record):
AND YEAR(date_record) = :YEAR(date_record):
AND  `username` LIKE :username: ESCAPE \'!\'
OR  `activity` LIKE :activity: ESCAPE \'!\'
OR  `details` LIKE :details: ESCAPE \'!\'
 LIMIT -1', [...], false)
 5 SYSTEMPATH\Model.php(222): CodeIgniter\Database\BaseBuilder->get()
 6 SYSTEMPATH\BaseModel.php(584): CodeIgniter\Model->doFindAll(-1, 0)
 7 APPPATH\Controllers\Activitylogs.php(64): CodeIgniter\BaseModel->findAll(-1, 0)
 8 SYSTEMPATH\CodeIgniter.php(896): App\Controllers\Activitylogs->getData()
 9 SYSTEMPATH\CodeIgniter.php(466): CodeIgniter\CodeIgniter->runController(Object(App\Controllers\Activitylogs))
10 SYSTEMPATH\CodeIgniter.php(349): CodeIgniter\CodeIgniter->handleRequest(null, Object(Config\Cache), false)
11 FCPATH\index.php(55): CodeIgniter\CodeIgniter->run()
ERROR - 2024-08-25 21:24:21 --> You have an error in your SQL syntax; check the manual that corresponds to your MariaDB server version for the right syntax to use near '-1' at line 8
CRITICAL - 2024-08-25 21:24:21 --> You have an error in your SQL syntax; check the manual that corresponds to your MariaDB server version for the right syntax to use near '-1' at line 8
in SYSTEMPATH\Database\MySQLi\Connection.php on line 292.
 1 SYSTEMPATH\Database\MySQLi\Connection.php(292): mysqli->query('SELECT *
FROM `tbl_log_details`
WHERE MONTH(date_record) = \'12\'
AND YEAR(date_record) = \'2023\'
AND  `username` LIKE \'%te%\' ESCAPE \'!\'
OR  `activity` LIKE \'%te%\' ESCAPE \'!\'
OR  `details` LIKE \'%te%\' ESCAPE \'!\'
 LIMIT -1', 0)
 2 SYSTEMPATH\Database\BaseConnection.php(695): CodeIgniter\Database\MySQLi\Connection->execute('SELECT *
FROM `tbl_log_details`
WHERE MONTH(date_record) = \'12\'
AND YEAR(date_record) = \'2023\'
AND  `username` LIKE \'%te%\' ESCAPE \'!\'
OR  `activity` LIKE \'%te%\' ESCAPE \'!\'
OR  `details` LIKE \'%te%\' ESCAPE \'!\'
 LIMIT -1')
 3 SYSTEMPATH\Database\BaseConnection.php(609): CodeIgniter\Database\BaseConnection->simpleQuery('SELECT *
FROM `tbl_log_details`
WHERE MONTH(date_record) = \'12\'
AND YEAR(date_record) = \'2023\'
AND  `username` LIKE \'%te%\' ESCAPE \'!\'
OR  `activity` LIKE \'%te%\' ESCAPE \'!\'
OR  `details` LIKE \'%te%\' ESCAPE \'!\'
 LIMIT -1')
 4 SYSTEMPATH\Database\BaseBuilder.php(1585): CodeIgniter\Database\BaseConnection->query('SELECT *
FROM `tbl_log_details`
WHERE MONTH(date_record) = :MONTH(date_record):
AND YEAR(date_record) = :YEAR(date_record):
AND  `username` LIKE :username: ESCAPE \'!\'
OR  `activity` LIKE :activity: ESCAPE \'!\'
OR  `details` LIKE :details: ESCAPE \'!\'
 LIMIT -1', [...], false)
 5 SYSTEMPATH\Model.php(222): CodeIgniter\Database\BaseBuilder->get()
 6 SYSTEMPATH\BaseModel.php(584): CodeIgniter\Model->doFindAll(-1, 0)
 7 APPPATH\Controllers\Activitylogs.php(64): CodeIgniter\BaseModel->findAll(-1, 0)
 8 SYSTEMPATH\CodeIgniter.php(896): App\Controllers\Activitylogs->getData()
 9 SYSTEMPATH\CodeIgniter.php(466): CodeIgniter\CodeIgniter->runController(Object(App\Controllers\Activitylogs))
10 SYSTEMPATH\CodeIgniter.php(349): CodeIgniter\CodeIgniter->handleRequest(null, Object(Config\Cache), false)
11 FCPATH\index.php(55): CodeIgniter\CodeIgniter->run()
